<?xml version="1.0" encoding="UTF-8"?>
<testsuites name="Edit_FullName" time="457.666" tests="6" failures="3" errors="0">
   <testsuite name="Edit_FullName" tests="6" failures="3" errors="0" time="457.666" skipped="0" timestamp="2021-05-28 21:16:49" hostname="dell - DESKTOP-I6PT8CN.mshome.net" id="Test Suites/Edit_FullName">
      <properties>
         <property name="deviceName" value=""/>
         <property name="devicePlatform" value=""/>
         <property name="logFolder" value="C:\\Users\\dell\\Katalon Studio\\Mattermost\\Reports\\20210528_211627\\Edit_FullName\\20210528_211627"/>
         <property name="logFiles" value="C:\\Users\\dell\\Katalon Studio\\Mattermost\\Reports\\20210528_211627\\Edit_FullName\\20210528_211627\\execution0.log"/>
         <property name="attachments" value="C:\\Users\\dell\\Katalon Studio\\Mattermost\\Reports\\20210528_211627\\Edit_FullName\\20210528_211627\\1622211587633.png, C:\\Users\\dell\\Katalon Studio\\Mattermost\\Reports\\20210528_211627\\Edit_FullName\\20210528_211627\\1622211768443.png, C:\\Users\\dell\\Katalon Studio\\Mattermost\\Reports\\20210528_211627\\Edit_FullName\\20210528_211627\\1622211866467.png"/>
         <property name="hostName" value="dell - DESKTOP-I6PT8CN.mshome.net"/>
         <property name="os" value="Windows 10 64bit"/>
         <property name="katalonVersion" value="8.0.0.208"/>
         <property name="browser" value="Chrome 90.0.4430.212"/>
         <property name="hostAddress" value="172.21.96.1"/>
         <property name="sessionId" value="ad05e24050282113b6a85656c5e5ff83"/>
         <property name="seleniumVersion" value="3.141.59"/>
         <property name="proxyInformation" value="ProxyInformation { proxyOption=NO_PROXY, proxyServerType=HTTP, username=, password=********, proxyServerAddress=, proxyServerPort=0, executionList=&quot;&quot;, isApplyToDesiredCapabilities=true }"/>
         <property name="platform" value="Windows 10"/>
      </properties>
      <testcase name="Test Cases/Edit FullName" time="24.336" classname="Test Cases/Edit FullName" status="PASSED">
         <system-out><![CDATA[2021-05-28 21:16:51 - [TEST_CASE][PASSED] - Test Cases/Edit FullName: Test Cases/Edit FullName

2021-05-28 21:16:51 - [TEST_STEP][PASSED] - openBrowser(""): Browser is opened with url: ''

2021-05-28 21:16:52 - [MESSAGE][INFO] - Starting 'Chrome' driver

2021-05-28 21:16:52 - [MESSAGE][INFO] - Action delay is set to 0 milliseconds

2021-05-28 21:16:54 - [MESSAGE][PASSED] - Browser is opened with url: ''

2021-05-28 21:16:54 - [TEST_STEP][PASSED] - navigateToUrl("https://mattermost-autotest.herokuapp.com/signin"): Navigate to 'https://mattermost-autotest.herokuapp.com/signin' successfully

2021-05-28 21:16:57 - [MESSAGE][PASSED] - Navigate to 'https://mattermost-autotest.herokuapp.com/signin' successfully

2021-05-28 21:16:57 - [TEST_STEP][PASSED] - setText(findTestObject("Object Repository/Edit Fullname/Page_Mattermost/input_All team communication in one place, _dcc84b"), username): Text 'Uyen' is set on object 'Object Repository/Edit Fullname/Page_Mattermost/input_All team communication in one place, _dcc84b'

2021-05-28 21:17:04 - [MESSAGE][PASSED] - Text 'Uyen' is set on object 'Object Repository/Edit Fullname/Page_Mattermost/input_All team communication in one place, _dcc84b'

2021-05-28 21:17:04 - [TEST_STEP][PASSED] - setEncryptedText(findTestObject("Object Repository/Edit Fullname/Page_Mattermost/input_All team communication in one place, _a3edc6"), password): Text ****** has been set on object 'Object Repository/Edit Fullname/Page_Mattermost/input_All team communication in one place, _a3edc6'

2021-05-28 21:17:04 - [MESSAGE][PASSED] - Text ****** has been set on object 'Object Repository/Edit Fullname/Page_Mattermost/input_All team communication in one place, _a3edc6'

2021-05-28 21:17:04 - [TEST_STEP][PASSED] - click(findTestObject("Object Repository/Edit Fullname/Page_Mattermost/span_Sign in")): Object: 'Object Repository/Edit Fullname/Page_Mattermost/span_Sign in' is clicked on

2021-05-28 21:17:05 - [MESSAGE][PASSED] - Object: 'Object Repository/Edit Fullname/Page_Mattermost/span_Sign in' is clicked on

2021-05-28 21:17:05 - [TEST_STEP][PASSED] - if (findTestObject("Edit Fullname/Page_Mattermost/span_Back to Mattermost")): Object: 'Object Repository/Edit Fullname/Page_Mattermost/span_Back to Mattermost' is clicked on

2021-05-28 21:17:05 - [TEST_STEP][PASSED] - click(findTestObject("Edit Fullname/Page_Mattermost/span_Back to Mattermost")): Object: 'Object Repository/Edit Fullname/Page_Mattermost/span_Back to Mattermost' is clicked on

2021-05-28 21:17:08 - [MESSAGE][PASSED] - Object: 'Object Repository/Edit Fullname/Page_Mattermost/span_Back to Mattermost' is clicked on

2021-05-28 21:17:08 - [TEST_STEP][PASSED] - click(findTestObject("Object Repository/Edit Fullname/Page_Town Square - Fit.hcmus Mattermost/span")): Object: 'Object Repository/Edit Fullname/Page_Town Square - Fit.hcmus Mattermost/span' is clicked on

2021-05-28 21:17:09 - [MESSAGE][PASSED] - Object: 'Object Repository/Edit Fullname/Page_Town Square - Fit.hcmus Mattermost/span' is clicked on

2021-05-28 21:17:09 - [TEST_STEP][PASSED] - click(findTestObject("Object Repository/Edit Fullname/Page_Town Square - Fit.hcmus Mattermost/button_Account Settings")): Object: 'Object Repository/Edit Fullname/Page_Town Square - Fit.hcmus Mattermost/button_Account Settings' is clicked on

2021-05-28 21:17:10 - [MESSAGE][PASSED] - Object: 'Object Repository/Edit Fullname/Page_Town Square - Fit.hcmus Mattermost/button_Account Settings' is clicked on

2021-05-28 21:17:10 - [TEST_STEP][PASSED] - click(findTestObject("Object Repository/Edit Fullname/Page_Town Square - Fit.hcmus Mattermost/span_Edit")): Object: 'Object Repository/Edit Fullname/Page_Town Square - Fit.hcmus Mattermost/span_Edit' is clicked on

2021-05-28 21:17:11 - [MESSAGE][PASSED] - Object: 'Object Repository/Edit Fullname/Page_Town Square - Fit.hcmus Mattermost/span_Edit' is clicked on

2021-05-28 21:17:11 - [TEST_STEP][PASSED] - setText(findTestObject("Object Repository/Edit Fullname/Page_Town Square - Fit.hcmus Mattermost/input_First Name_firstName"), firstName): Text 'Uyen' is set on object 'Object Repository/Edit Fullname/Page_Town Square - Fit.hcmus Mattermost/input_First Name_firstName'

2021-05-28 21:17:12 - [MESSAGE][PASSED] - Text 'Uyen' is set on object 'Object Repository/Edit Fullname/Page_Town Square - Fit.hcmus Mattermost/input_First Name_firstName'

2021-05-28 21:17:12 - [TEST_STEP][PASSED] - setText(findTestObject("Object Repository/Edit Fullname/Page_Town Square - Fit.hcmus Mattermost/input_Last Name_lastName"), lastName): Text 'Dang' is set on object 'Object Repository/Edit Fullname/Page_Town Square - Fit.hcmus Mattermost/input_Last Name_lastName'

2021-05-28 21:17:13 - [MESSAGE][PASSED] - Text 'Dang' is set on object 'Object Repository/Edit Fullname/Page_Town Square - Fit.hcmus Mattermost/input_Last Name_lastName'

2021-05-28 21:17:13 - [TEST_STEP][PASSED] - click(findTestObject("Object Repository/Edit Fullname/Page_Town Square - Fit.hcmus Mattermost/button_Save")): Object: 'Object Repository/Edit Fullname/Page_Town Square - Fit.hcmus Mattermost/button_Save' is clicked on

2021-05-28 21:17:14 - [MESSAGE][PASSED] - Object: 'Object Repository/Edit Fullname/Page_Town Square - Fit.hcmus Mattermost/button_Save' is clicked on

2021-05-28 21:17:14 - [TEST_STEP][PASSED] - verifyElementPresent(findTestObject("Edit Fullname/Page_Town Square - Fit.hcmus Mattermost/span_General Settings"), 0): Object 'Object Repository/Edit Fullname/Page_Town Square - Fit.hcmus Mattermost/span_General Settings' is present

2021-05-28 21:17:14 - [MESSAGE][WARNING] - Timeout '0' is invalid. Using default page load timeout: '30'

2021-05-28 21:17:14 - [MESSAGE][PASSED] - Object 'Object Repository/Edit Fullname/Page_Town Square - Fit.hcmus Mattermost/span_General Settings' is present

2021-05-28 21:17:14 - [TEST_STEP][PASSED] - closeBrowser(): Browser is closed

2021-05-28 21:17:15 - [MESSAGE][PASSED] - Browser is closed]]></system-out>
         <system-err><![CDATA[]]></system-err>
      </testcase>
      <testcase name="Test Cases/Edit FullName" time="23.408" classname="Test Cases/Edit FullName" status="PASSED">
         <system-out><![CDATA[2021-05-28 21:17:15 - [TEST_CASE][PASSED] - Test Cases/Edit FullName: Test Cases/Edit FullName

2021-05-28 21:17:15 - [TEST_STEP][PASSED] - openBrowser(""): Browser is opened with url: ''

2021-05-28 21:17:15 - [MESSAGE][INFO] - Starting 'Chrome' driver

2021-05-28 21:17:15 - [MESSAGE][INFO] - Action delay is set to 0 milliseconds

2021-05-28 21:17:16 - [MESSAGE][PASSED] - Browser is opened with url: ''

2021-05-28 21:17:16 - [TEST_STEP][PASSED] - navigateToUrl("https://mattermost-autotest.herokuapp.com/signin"): Navigate to 'https://mattermost-autotest.herokuapp.com/signin' successfully

2021-05-28 21:17:21 - [MESSAGE][PASSED] - Navigate to 'https://mattermost-autotest.herokuapp.com/signin' successfully

2021-05-28 21:17:21 - [TEST_STEP][PASSED] - setText(findTestObject("Object Repository/Edit Fullname/Page_Mattermost/input_All team communication in one place, _dcc84b"), username): Text 'DangUyen' is set on object 'Object Repository/Edit Fullname/Page_Mattermost/input_All team communication in one place, _dcc84b'

2021-05-28 21:17:27 - [MESSAGE][PASSED] - Text 'DangUyen' is set on object 'Object Repository/Edit Fullname/Page_Mattermost/input_All team communication in one place, _dcc84b'

2021-05-28 21:17:27 - [TEST_STEP][PASSED] - setEncryptedText(findTestObject("Object Repository/Edit Fullname/Page_Mattermost/input_All team communication in one place, _a3edc6"), password): Text ****** has been set on object 'Object Repository/Edit Fullname/Page_Mattermost/input_All team communication in one place, _a3edc6'

2021-05-28 21:17:28 - [MESSAGE][PASSED] - Text ****** has been set on object 'Object Repository/Edit Fullname/Page_Mattermost/input_All team communication in one place, _a3edc6'

2021-05-28 21:17:28 - [TEST_STEP][PASSED] - click(findTestObject("Object Repository/Edit Fullname/Page_Mattermost/span_Sign in")): Object: 'Object Repository/Edit Fullname/Page_Mattermost/span_Sign in' is clicked on

2021-05-28 21:17:28 - [MESSAGE][PASSED] - Object: 'Object Repository/Edit Fullname/Page_Mattermost/span_Sign in' is clicked on

2021-05-28 21:17:28 - [TEST_STEP][PASSED] - if (findTestObject("Edit Fullname/Page_Mattermost/span_Back to Mattermost")): Object: 'Object Repository/Edit Fullname/Page_Mattermost/span_Back to Mattermost' is clicked on

2021-05-28 21:17:28 - [TEST_STEP][PASSED] - click(findTestObject("Edit Fullname/Page_Mattermost/span_Back to Mattermost")): Object: 'Object Repository/Edit Fullname/Page_Mattermost/span_Back to Mattermost' is clicked on

2021-05-28 21:17:32 - [MESSAGE][PASSED] - Object: 'Object Repository/Edit Fullname/Page_Mattermost/span_Back to Mattermost' is clicked on

2021-05-28 21:17:32 - [TEST_STEP][PASSED] - click(findTestObject("Object Repository/Edit Fullname/Page_Town Square - Fit.hcmus Mattermost/span")): Object: 'Object Repository/Edit Fullname/Page_Town Square - Fit.hcmus Mattermost/span' is clicked on

2021-05-28 21:17:33 - [MESSAGE][PASSED] - Object: 'Object Repository/Edit Fullname/Page_Town Square - Fit.hcmus Mattermost/span' is clicked on

2021-05-28 21:17:33 - [TEST_STEP][PASSED] - click(findTestObject("Object Repository/Edit Fullname/Page_Town Square - Fit.hcmus Mattermost/button_Account Settings")): Object: 'Object Repository/Edit Fullname/Page_Town Square - Fit.hcmus Mattermost/button_Account Settings' is clicked on

2021-05-28 21:17:34 - [MESSAGE][PASSED] - Object: 'Object Repository/Edit Fullname/Page_Town Square - Fit.hcmus Mattermost/button_Account Settings' is clicked on

2021-05-28 21:17:34 - [TEST_STEP][PASSED] - click(findTestObject("Object Repository/Edit Fullname/Page_Town Square - Fit.hcmus Mattermost/span_Edit")): Object: 'Object Repository/Edit Fullname/Page_Town Square - Fit.hcmus Mattermost/span_Edit' is clicked on

2021-05-28 21:17:34 - [MESSAGE][PASSED] - Object: 'Object Repository/Edit Fullname/Page_Town Square - Fit.hcmus Mattermost/span_Edit' is clicked on

2021-05-28 21:17:34 - [TEST_STEP][PASSED] - setText(findTestObject("Object Repository/Edit Fullname/Page_Town Square - Fit.hcmus Mattermost/input_First Name_firstName"), firstName): Text 'Uyen' is set on object 'Object Repository/Edit Fullname/Page_Town Square - Fit.hcmus Mattermost/input_First Name_firstName'

2021-05-28 21:17:35 - [MESSAGE][PASSED] - Text 'Uyen' is set on object 'Object Repository/Edit Fullname/Page_Town Square - Fit.hcmus Mattermost/input_First Name_firstName'

2021-05-28 21:17:35 - [TEST_STEP][PASSED] - setText(findTestObject("Object Repository/Edit Fullname/Page_Town Square - Fit.hcmus Mattermost/input_Last Name_lastName"), lastName): Text 'Dang' is set on object 'Object Repository/Edit Fullname/Page_Town Square - Fit.hcmus Mattermost/input_Last Name_lastName'

2021-05-28 21:17:37 - [MESSAGE][PASSED] - Text 'Dang' is set on object 'Object Repository/Edit Fullname/Page_Town Square - Fit.hcmus Mattermost/input_Last Name_lastName'

2021-05-28 21:17:37 - [TEST_STEP][PASSED] - click(findTestObject("Object Repository/Edit Fullname/Page_Town Square - Fit.hcmus Mattermost/button_Save")): Object: 'Object Repository/Edit Fullname/Page_Town Square - Fit.hcmus Mattermost/button_Save' is clicked on

2021-05-28 21:17:37 - [MESSAGE][PASSED] - Object: 'Object Repository/Edit Fullname/Page_Town Square - Fit.hcmus Mattermost/button_Save' is clicked on

2021-05-28 21:17:37 - [TEST_STEP][PASSED] - verifyElementPresent(findTestObject("Edit Fullname/Page_Town Square - Fit.hcmus Mattermost/span_General Settings"), 0): Object 'Object Repository/Edit Fullname/Page_Town Square - Fit.hcmus Mattermost/span_General Settings' is present

2021-05-28 21:17:37 - [MESSAGE][WARNING] - Timeout '0' is invalid. Using default page load timeout: '30'

2021-05-28 21:17:38 - [MESSAGE][PASSED] - Object 'Object Repository/Edit Fullname/Page_Town Square - Fit.hcmus Mattermost/span_General Settings' is present

2021-05-28 21:17:38 - [TEST_STEP][PASSED] - closeBrowser(): Browser is closed

2021-05-28 21:17:39 - [MESSAGE][PASSED] - Browser is closed]]></system-out>
         <system-err><![CDATA[]]></system-err>
      </testcase>
      <testcase name="Test Cases/Edit FullName" time="128.666" classname="Test Cases/Edit FullName" status="FAILED">
         <failure type="FAILED" message="Test Cases/Edit FullName FAILED.
Reason:
com.kms.katalon.core.exception.StepFailedException: Unable to click on object 'Object Repository/Edit Fullname/Page_Town Square - Fit.hcmus Mattermost/span'
	at com.kms.katalon.core.webui.keyword.internal.WebUIKeywordMain.stepFailed(WebUIKeywordMain.groovy:64)
	at com.kms.katalon.core.webui.keyword.internal.WebUIKeywordMain.runKeyword(WebUIKeywordMain.groovy:26)
	at com.kms.katalon.core.webui.keyword.builtin.ClickKeyword.click(ClickKeyword.groovy:75)
	at com.kms.katalon.core.webui.keyword.builtin.ClickKeyword.execute(ClickKeyword.groovy:42)
	at com.kms.katalon.core.keyword.internal.KeywordExecutor.executeKeywordForPlatform(KeywordExecutor.groovy:73)
	at com.kms.katalon.core.webui.keyword.WebUiBuiltInKeywords.click(WebUiBuiltInKeywords.groovy:619)
	at com.kms.katalon.core.webui.keyword.WebUiBuiltInKeywords$click$3.call(Unknown Source)
	at Edit FullName.run(Edit FullName:38)
	at com.kms.katalon.core.main.ScriptEngine.run(ScriptEngine.java:194)
	at com.kms.katalon.core.main.ScriptEngine.runScriptAsRawText(ScriptEngine.java:119)
	at com.kms.katalon.core.main.TestCaseExecutor.runScript(TestCaseExecutor.java:398)
	at com.kms.katalon.core.main.TestCaseExecutor.doExecute(TestCaseExecutor.java:389)
	at com.kms.katalon.core.main.TestCaseExecutor.processExecutionPhase(TestCaseExecutor.java:368)
	at com.kms.katalon.core.main.TestCaseExecutor.accessMainPhase(TestCaseExecutor.java:360)
	at com.kms.katalon.core.main.TestCaseExecutor.execute(TestCaseExecutor.java:255)
	at com.kms.katalon.core.main.TestSuiteExecutor.accessTestCaseMainPhase(TestSuiteExecutor.java:203)
	at com.kms.katalon.core.main.TestSuiteExecutor.accessTestSuiteMainPhase(TestSuiteExecutor.java:152)
	at com.kms.katalon.core.main.TestSuiteExecutor.execute(TestSuiteExecutor.java:95)
	at com.kms.katalon.core.main.TestCaseMain.startTestSuite(TestCaseMain.java:157)
	at com.kms.katalon.core.main.TestCaseMain$startTestSuite$0.call(Unknown Source)
	at TempTestSuite1622211387486.run(TempTestSuite1622211387486.groovy:39)
Caused by: com.kms.katalon.core.webui.exception.WebElementNotFoundException: Web element with id: 'Object Repository/Edit Fullname/Page_Town Square - Fit.hcmus Mattermost/span' located by '//div[@id='headerInfo']/button/span' not found
	at com.kms.katalon.core.webui.common.WebUiCommonHelper.findWebElement(WebUiCommonHelper.java:1368)
	at com.kms.katalon.core.webui.keyword.internal.WebUIAbstractKeyword.findWebElement(WebUIAbstractKeyword.groovy:27)
	at com.kms.katalon.core.webui.keyword.internal.WebUIAbstractKeyword.findWebElement(WebUIAbstractKeyword.groovy:26)
	at com.kms.katalon.core.webui.keyword.builtin.ClickKeyword$_click_closure1.doCall(ClickKeyword.groovy:66)
	at com.kms.katalon.core.webui.keyword.builtin.ClickKeyword$_click_closure1.call(ClickKeyword.groovy)
	at com.kms.katalon.core.webui.keyword.internal.WebUIKeywordMain.runKeyword(WebUIKeywordMain.groovy:20)
	... 19 more
"/>
         <system-out><![CDATA[2021-05-28 21:17:39 - [TEST_CASE][FAILED] - Test Cases/Edit FullName: Test Cases/Edit FullName FAILED.
Reason:
com.kms.katalon.core.exception.StepFailedException: Unable to click on object 'Object Repository/Edit Fullname/Page_Town Square - Fit.hcmus Mattermost/span'
	at com.kms.katalon.core.webui.keyword.internal.WebUIKeywordMain.stepFailed(WebUIKeywordMain.groovy:64)
	at com.kms.katalon.core.webui.keyword.internal.WebUIKeywordMain.runKeyword(WebUIKeywordMain.groovy:26)
	at com.kms.katalon.core.webui.keyword.builtin.ClickKeyword.click(ClickKeyword.groovy:75)
	at com.kms.katalon.core.webui.keyword.builtin.ClickKeyword.execute(ClickKeyword.groovy:42)
	at com.kms.katalon.core.keyword.internal.KeywordExecutor.executeKeywordForPlatform(KeywordExecutor.groovy:73)
	at com.kms.katalon.core.webui.keyword.WebUiBuiltInKeywords.click(WebUiBuiltInKeywords.groovy:619)
	at com.kms.katalon.core.webui.keyword.WebUiBuiltInKeywords$click$3.call(Unknown Source)
	at Edit FullName.run(Edit FullName:38)
	at com.kms.katalon.core.main.ScriptEngine.run(ScriptEngine.java:194)
	at com.kms.katalon.core.main.ScriptEngine.runScriptAsRawText(ScriptEngine.java:119)
	at com.kms.katalon.core.main.TestCaseExecutor.runScript(TestCaseExecutor.java:398)
	at com.kms.katalon.core.main.TestCaseExecutor.doExecute(TestCaseExecutor.java:389)
	at com.kms.katalon.core.main.TestCaseExecutor.processExecutionPhase(TestCaseExecutor.java:368)
	at com.kms.katalon.core.main.TestCaseExecutor.accessMainPhase(TestCaseExecutor.java:360)
	at com.kms.katalon.core.main.TestCaseExecutor.execute(TestCaseExecutor.java:255)
	at com.kms.katalon.core.main.TestSuiteExecutor.accessTestCaseMainPhase(TestSuiteExecutor.java:203)
	at com.kms.katalon.core.main.TestSuiteExecutor.accessTestSuiteMainPhase(TestSuiteExecutor.java:152)
	at com.kms.katalon.core.main.TestSuiteExecutor.execute(TestSuiteExecutor.java:95)
	at com.kms.katalon.core.main.TestCaseMain.startTestSuite(TestCaseMain.java:157)
	at com.kms.katalon.core.main.TestCaseMain$startTestSuite$0.call(Unknown Source)
	at TempTestSuite1622211387486.run(TempTestSuite1622211387486.groovy:39)
Caused by: com.kms.katalon.core.webui.exception.WebElementNotFoundException: Web element with id: 'Object Repository/Edit Fullname/Page_Town Square - Fit.hcmus Mattermost/span' located by '//div[@id='headerInfo']/button/span' not found
	at com.kms.katalon.core.webui.common.WebUiCommonHelper.findWebElement(WebUiCommonHelper.java:1368)
	at com.kms.katalon.core.webui.keyword.internal.WebUIAbstractKeyword.findWebElement(WebUIAbstractKeyword.groovy:27)
	at com.kms.katalon.core.webui.keyword.internal.WebUIAbstractKeyword.findWebElement(WebUIAbstractKeyword.groovy:26)
	at com.kms.katalon.core.webui.keyword.builtin.ClickKeyword$_click_closure1.doCall(ClickKeyword.groovy:66)
	at com.kms.katalon.core.webui.keyword.builtin.ClickKeyword$_click_closure1.call(ClickKeyword.groovy)
	at com.kms.katalon.core.webui.keyword.internal.WebUIKeywordMain.runKeyword(WebUIKeywordMain.groovy:20)
	... 19 more


2021-05-28 21:17:39 - [TEST_STEP][PASSED] - openBrowser(""): Browser is opened with url: ''

2021-05-28 21:17:39 - [MESSAGE][INFO] - Starting 'Chrome' driver

2021-05-28 21:17:39 - [MESSAGE][INFO] - Action delay is set to 0 milliseconds

2021-05-28 21:17:40 - [MESSAGE][PASSED] - Browser is opened with url: ''

2021-05-28 21:17:40 - [TEST_STEP][PASSED] - navigateToUrl("https://mattermost-autotest.herokuapp.com/signin"): Navigate to 'https://mattermost-autotest.herokuapp.com/signin' successfully

2021-05-28 21:18:31 - [MESSAGE][PASSED] - Navigate to 'https://mattermost-autotest.herokuapp.com/signin' successfully

2021-05-28 21:18:31 - [TEST_STEP][PASSED] - setText(findTestObject("Object Repository/Edit Fullname/Page_Mattermost/input_All team communication in one place, _dcc84b"), username): Text 'testing1' is set on object 'Object Repository/Edit Fullname/Page_Mattermost/input_All team communication in one place, _dcc84b'

2021-05-28 21:18:38 - [MESSAGE][PASSED] - Text 'testing1' is set on object 'Object Repository/Edit Fullname/Page_Mattermost/input_All team communication in one place, _dcc84b'

2021-05-28 21:18:38 - [TEST_STEP][PASSED] - setEncryptedText(findTestObject("Object Repository/Edit Fullname/Page_Mattermost/input_All team communication in one place, _a3edc6"), password): Text ****** has been set on object 'Object Repository/Edit Fullname/Page_Mattermost/input_All team communication in one place, _a3edc6'

2021-05-28 21:18:39 - [MESSAGE][PASSED] - Text ****** has been set on object 'Object Repository/Edit Fullname/Page_Mattermost/input_All team communication in one place, _a3edc6'

2021-05-28 21:18:39 - [TEST_STEP][PASSED] - click(findTestObject("Object Repository/Edit Fullname/Page_Mattermost/span_Sign in")): Object: 'Object Repository/Edit Fullname/Page_Mattermost/span_Sign in' is clicked on

2021-05-28 21:18:39 - [MESSAGE][PASSED] - Object: 'Object Repository/Edit Fullname/Page_Mattermost/span_Sign in' is clicked on

2021-05-28 21:18:39 - [TEST_STEP][PASSED] - if (findTestObject("Edit Fullname/Page_Mattermost/span_Back to Mattermost")): Object: 'Object Repository/Edit Fullname/Page_Mattermost/span_Back to Mattermost' is clicked on

2021-05-28 21:18:39 - [TEST_STEP][PASSED] - click(findTestObject("Edit Fullname/Page_Mattermost/span_Back to Mattermost")): Object: 'Object Repository/Edit Fullname/Page_Mattermost/span_Back to Mattermost' is clicked on

2021-05-28 21:19:11 - [MESSAGE][INFO] - Unable to find the element located by 'By.xpath: //div[@id='root']/div/div/a/span'. Please recheck the objects properties to make sure the desired element is located. 

2021-05-28 21:19:11 - [MESSAGE][WARNING] - [SELF-HEALING] Failed to find element with id 'Object Repository/Edit Fullname/Page_Mattermost/span_Back to Mattermost'. Try using Self-healing.

2021-05-28 21:19:11 - [MESSAGE][INFO] - [SELF-HEALING] Failed Locator: '//div[@id='root']/div/div/a/span'.

2021-05-28 21:19:11 - [MESSAGE][INFO] - [SELF-HEALING] Failed Locator: '(.//*[normalize-space(text()) and normalize-space(.)='Team Not Found'])[1]/following::span[2]'.

2021-05-28 21:19:11 - [MESSAGE][INFO] - [SELF-HEALING] Failed Locator: '//*/text()[normalize-space(.)='Back to Mattermost']/parent::*'.

2021-05-28 21:19:12 - [MESSAGE][INFO] - [SELF-HEALING] Working Locator: '//a/span'.

2021-05-28 21:19:12 - [MESSAGE][INFO] - [SELF-HEALING] Screenshot: C:/Users/dell/Katalon Studio/Mattermost/Reports/Self-healing/Object Repository/Edit Fullname/Page_Mattermost/span_Back to Mattermost_position.png

2021-05-28 21:19:12 - [MESSAGE][WARNING] - [SELF-HEALING] The current locator of test object 'Object Repository/Edit Fullname/Page_Mattermost/span_Back to Mattermost' was broken. Propose an alternative one: '//a/span'.

2021-05-28 21:19:12 - [MESSAGE][PASSED] - Object: 'Object Repository/Edit Fullname/Page_Mattermost/span_Back to Mattermost' is clicked on

2021-05-28 21:19:12 - [TEST_STEP][FAILED] - click(findTestObject("Object Repository/Edit Fullname/Page_Town Square - Fit.hcmus Mattermost/span")): Unable to click on object 'Object Repository/Edit Fullname/Page_Town Square - Fit.hcmus Mattermost/span' (Root cause: com.kms.katalon.core.exception.StepFailedException: Unable to click on object 'Object Repository/Edit Fullname/Page_Town Square - Fit.hcmus Mattermost/span'
	at com.kms.katalon.core.webui.keyword.internal.WebUIKeywordMain.stepFailed(WebUIKeywordMain.groovy:64)
	at com.kms.katalon.core.webui.keyword.internal.WebUIKeywordMain.runKeyword(WebUIKeywordMain.groovy:26)
	at com.kms.katalon.core.webui.keyword.builtin.ClickKeyword.click(ClickKeyword.groovy:75)
	at com.kms.katalon.core.webui.keyword.builtin.ClickKeyword.execute(ClickKeyword.groovy:42)
	at com.kms.katalon.core.keyword.internal.KeywordExecutor.executeKeywordForPlatform(KeywordExecutor.groovy:73)
	at com.kms.katalon.core.webui.keyword.WebUiBuiltInKeywords.click(WebUiBuiltInKeywords.groovy:619)
	at com.kms.katalon.core.webui.keyword.WebUiBuiltInKeywords$click$3.call(Unknown Source)
	at Edit FullName.run(Edit FullName:38)
	at com.kms.katalon.core.main.ScriptEngine.run(ScriptEngine.java:194)
	at com.kms.katalon.core.main.ScriptEngine.runScriptAsRawText(ScriptEngine.java:119)
	at com.kms.katalon.core.main.TestCaseExecutor.runScript(TestCaseExecutor.java:398)
	at com.kms.katalon.core.main.TestCaseExecutor.doExecute(TestCaseExecutor.java:389)
	at com.kms.katalon.core.main.TestCaseExecutor.processExecutionPhase(TestCaseExecutor.java:368)
	at com.kms.katalon.core.main.TestCaseExecutor.accessMainPhase(TestCaseExecutor.java:360)
	at com.kms.katalon.core.main.TestCaseExecutor.execute(TestCaseExecutor.java:255)
	at com.kms.katalon.core.main.TestSuiteExecutor.accessTestCaseMainPhase(TestSuiteExecutor.java:203)
	at com.kms.katalon.core.main.TestSuiteExecutor.accessTestSuiteMainPhase(TestSuiteExecutor.java:152)
	at com.kms.katalon.core.main.TestSuiteExecutor.execute(TestSuiteExecutor.java:95)
	at com.kms.katalon.core.main.TestCaseMain.startTestSuite(TestCaseMain.java:157)
	at com.kms.katalon.core.main.TestCaseMain$startTestSuite$0.call(Unknown Source)
	at TempTestSuite1622211387486.run(TempTestSuite1622211387486.groovy:39)
Caused by: com.kms.katalon.core.webui.exception.WebElementNotFoundException: Web element with id: 'Object Repository/Edit Fullname/Page_Town Square - Fit.hcmus Mattermost/span' located by '//div[@id='headerInfo']/button/span' not found
	at com.kms.katalon.core.webui.common.WebUiCommonHelper.findWebElement(WebUiCommonHelper.java:1368)
	at com.kms.katalon.core.webui.keyword.internal.WebUIAbstractKeyword.findWebElement(WebUIAbstractKeyword.groovy:27)
	at com.kms.katalon.core.webui.keyword.internal.WebUIAbstractKeyword.findWebElement(WebUIAbstractKeyword.groovy:26)
	at com.kms.katalon.core.webui.keyword.builtin.ClickKeyword$_click_closure1.doCall(ClickKeyword.groovy:66)
	at com.kms.katalon.core.webui.keyword.builtin.ClickKeyword$_click_closure1.call(ClickKeyword.groovy)
	at com.kms.katalon.core.webui.keyword.internal.WebUIKeywordMain.runKeyword(WebUIKeywordMain.groovy:20)
	at com.kms.katalon.core.webui.keyword.builtin.ClickKeyword.click(ClickKeyword.groovy:75)
	at com.kms.katalon.core.webui.keyword.builtin.ClickKeyword.execute(ClickKeyword.groovy:42)
	at com.kms.katalon.core.keyword.internal.KeywordExecutor.executeKeywordForPlatform(KeywordExecutor.groovy:73)
	at com.kms.katalon.core.webui.keyword.WebUiBuiltInKeywords.click(WebUiBuiltInKeywords.groovy:619)
	at com.kms.katalon.core.webui.keyword.WebUiBuiltInKeywords$click$3.call(Unknown Source)
	at Script1622208952441.run(Script1622208952441.groovy:38)
	... 13 more
)

2021-05-28 21:19:43 - [MESSAGE][INFO] - Unable to find the element located by 'By.xpath: //div[@id='headerInfo']/button/span'. Please recheck the objects properties to make sure the desired element is located. 

2021-05-28 21:19:43 - [MESSAGE][WARNING] - [SELF-HEALING] Failed to find element with id 'Object Repository/Edit Fullname/Page_Town Square - Fit.hcmus Mattermost/span'. Try using Self-healing.

2021-05-28 21:19:44 - [MESSAGE][INFO] - [SELF-HEALING] Failed Locator: '//div[@id='headerInfo']/button/span'.

2021-05-28 21:19:44 - [MESSAGE][INFO] - [SELF-HEALING] Failed Locator: '(.//*[normalize-space(text()) and normalize-space(.)='@danguyen'])[1]/following::span[1]'.

2021-05-28 21:19:44 - [MESSAGE][INFO] - [SELF-HEALING] Failed Locator: '(.//*[normalize-space(text()) and normalize-space(.)='Fit.hcmus'])[2]/following::span[1]'.

2021-05-28 21:19:44 - [MESSAGE][INFO] - [SELF-HEALING] Failed Locator: '(.//*[normalize-space(text()) and normalize-space(.)='More Unreads'])[1]/preceding::span[1]'.

2021-05-28 21:19:45 - [MESSAGE][INFO] - [SELF-HEALING] Failed Locator: '(.//*[normalize-space(text()) and normalize-space(.)='More Unreads'])[2]/preceding::span[3]'.

2021-05-28 21:19:45 - [MESSAGE][INFO] - [SELF-HEALING] Failed Locator: '//div[4]/div/div/div[2]/div/div/button/span'.

2021-05-28 21:19:46 - [MESSAGE][INFO] - Unable to find the element located by 'By.xpath: id("headerInfo")/button[@class="style--none sidebar-header-dropdown__icon"]/span[1]'. Please recheck the objects properties to make sure the desired element is located. 

2021-05-28 21:19:47 - [MESSAGE][INFO] - Unable to find the element located by 'By.cssSelector: button.style--none.sidebar-header-dropdown__icon > span'. Please recheck the objects properties to make sure the desired element is located. 

2021-05-28 21:19:47 - [MESSAGE][FAILED] - Unable to click on object 'Object Repository/Edit Fullname/Page_Town Square - Fit.hcmus Mattermost/span' (Root cause: com.kms.katalon.core.exception.StepFailedException: Unable to click on object 'Object Repository/Edit Fullname/Page_Town Square - Fit.hcmus Mattermost/span'
	at com.kms.katalon.core.webui.keyword.internal.WebUIKeywordMain.stepFailed(WebUIKeywordMain.groovy:64)
	at com.kms.katalon.core.webui.keyword.internal.WebUIKeywordMain.runKeyword(WebUIKeywordMain.groovy:26)
	at com.kms.katalon.core.webui.keyword.builtin.ClickKeyword.click(ClickKeyword.groovy:75)
	at com.kms.katalon.core.webui.keyword.builtin.ClickKeyword.execute(ClickKeyword.groovy:42)
	at com.kms.katalon.core.keyword.internal.KeywordExecutor.executeKeywordForPlatform(KeywordExecutor.groovy:73)
	at com.kms.katalon.core.webui.keyword.WebUiBuiltInKeywords.click(WebUiBuiltInKeywords.groovy:619)
	at com.kms.katalon.core.webui.keyword.WebUiBuiltInKeywords$click$3.call(Unknown Source)
	at Edit FullName.run(Edit FullName:38)
	at com.kms.katalon.core.main.ScriptEngine.run(ScriptEngine.java:194)
	at com.kms.katalon.core.main.ScriptEngine.runScriptAsRawText(ScriptEngine.java:119)
	at com.kms.katalon.core.main.TestCaseExecutor.runScript(TestCaseExecutor.java:398)
	at com.kms.katalon.core.main.TestCaseExecutor.doExecute(TestCaseExecutor.java:389)
	at com.kms.katalon.core.main.TestCaseExecutor.processExecutionPhase(TestCaseExecutor.java:368)
	at com.kms.katalon.core.main.TestCaseExecutor.accessMainPhase(TestCaseExecutor.java:360)
	at com.kms.katalon.core.main.TestCaseExecutor.execute(TestCaseExecutor.java:255)
	at com.kms.katalon.core.main.TestSuiteExecutor.accessTestCaseMainPhase(TestSuiteExecutor.java:203)
	at com.kms.katalon.core.main.TestSuiteExecutor.accessTestSuiteMainPhase(TestSuiteExecutor.java:152)
	at com.kms.katalon.core.main.TestSuiteExecutor.execute(TestSuiteExecutor.java:95)
	at com.kms.katalon.core.main.TestCaseMain.startTestSuite(TestCaseMain.java:157)
	at com.kms.katalon.core.main.TestCaseMain$startTestSuite$0.call(Unknown Source)
	at TempTestSuite1622211387486.run(TempTestSuite1622211387486.groovy:39)
Caused by: com.kms.katalon.core.webui.exception.WebElementNotFoundException: Web element with id: 'Object Repository/Edit Fullname/Page_Town Square - Fit.hcmus Mattermost/span' located by '//div[@id='headerInfo']/button/span' not found
	at com.kms.katalon.core.webui.common.WebUiCommonHelper.findWebElement(WebUiCommonHelper.java:1368)
	at com.kms.katalon.core.webui.keyword.internal.WebUIAbstractKeyword.findWebElement(WebUIAbstractKeyword.groovy:27)
	at com.kms.katalon.core.webui.keyword.internal.WebUIAbstractKeyword.findWebElement(WebUIAbstractKeyword.groovy:26)
	at com.kms.katalon.core.webui.keyword.builtin.ClickKeyword$_click_closure1.doCall(ClickKeyword.groovy:66)
	at com.kms.katalon.core.webui.keyword.builtin.ClickKeyword$_click_closure1.call(ClickKeyword.groovy)
	at com.kms.katalon.core.webui.keyword.internal.WebUIKeywordMain.runKeyword(WebUIKeywordMain.groovy:20)
	at com.kms.katalon.core.webui.keyword.builtin.ClickKeyword.click(ClickKeyword.groovy:75)
	at com.kms.katalon.core.webui.keyword.builtin.ClickKeyword.execute(ClickKeyword.groovy:42)
	at com.kms.katalon.core.keyword.internal.KeywordExecutor.executeKeywordForPlatform(KeywordExecutor.groovy:73)
	at com.kms.katalon.core.webui.keyword.WebUiBuiltInKeywords.click(WebUiBuiltInKeywords.groovy:619)
	at com.kms.katalon.core.webui.keyword.WebUiBuiltInKeywords$click$3.call(Unknown Source)
	at Script1622208952441.run(Script1622208952441.groovy:38)
	... 13 more
)
[[ATTACHMENT|C:\\Users\\dell\\Katalon Studio\\Mattermost\\Reports\\20210528_211627\\Edit_FullName\\20210528_211627\\1622211587633.png]]]]></system-out>
         <system-err><![CDATA[2021-05-28 21:17:39 - [TEST_CASE][FAILED] - Test Cases/Edit FullName: Test Cases/Edit FullName FAILED.
Reason:
com.kms.katalon.core.exception.StepFailedException: Unable to click on object 'Object Repository/Edit Fullname/Page_Town Square - Fit.hcmus Mattermost/span'
	at com.kms.katalon.core.webui.keyword.internal.WebUIKeywordMain.stepFailed(WebUIKeywordMain.groovy:64)
	at com.kms.katalon.core.webui.keyword.internal.WebUIKeywordMain.runKeyword(WebUIKeywordMain.groovy:26)
	at com.kms.katalon.core.webui.keyword.builtin.ClickKeyword.click(ClickKeyword.groovy:75)
	at com.kms.katalon.core.webui.keyword.builtin.ClickKeyword.execute(ClickKeyword.groovy:42)
	at com.kms.katalon.core.keyword.internal.KeywordExecutor.executeKeywordForPlatform(KeywordExecutor.groovy:73)
	at com.kms.katalon.core.webui.keyword.WebUiBuiltInKeywords.click(WebUiBuiltInKeywords.groovy:619)
	at com.kms.katalon.core.webui.keyword.WebUiBuiltInKeywords$click$3.call(Unknown Source)
	at Edit FullName.run(Edit FullName:38)
	at com.kms.katalon.core.main.ScriptEngine.run(ScriptEngine.java:194)
	at com.kms.katalon.core.main.ScriptEngine.runScriptAsRawText(ScriptEngine.java:119)
	at com.kms.katalon.core.main.TestCaseExecutor.runScript(TestCaseExecutor.java:398)
	at com.kms.katalon.core.main.TestCaseExecutor.doExecute(TestCaseExecutor.java:389)
	at com.kms.katalon.core.main.TestCaseExecutor.processExecutionPhase(TestCaseExecutor.java:368)
	at com.kms.katalon.core.main.TestCaseExecutor.accessMainPhase(TestCaseExecutor.java:360)
	at com.kms.katalon.core.main.TestCaseExecutor.execute(TestCaseExecutor.java:255)
	at com.kms.katalon.core.main.TestSuiteExecutor.accessTestCaseMainPhase(TestSuiteExecutor.java:203)
	at com.kms.katalon.core.main.TestSuiteExecutor.accessTestSuiteMainPhase(TestSuiteExecutor.java:152)
	at com.kms.katalon.core.main.TestSuiteExecutor.execute(TestSuiteExecutor.java:95)
	at com.kms.katalon.core.main.TestCaseMain.startTestSuite(TestCaseMain.java:157)
	at com.kms.katalon.core.main.TestCaseMain$startTestSuite$0.call(Unknown Source)
	at TempTestSuite1622211387486.run(TempTestSuite1622211387486.groovy:39)
Caused by: com.kms.katalon.core.webui.exception.WebElementNotFoundException: Web element with id: 'Object Repository/Edit Fullname/Page_Town Square - Fit.hcmus Mattermost/span' located by '//div[@id='headerInfo']/button/span' not found
	at com.kms.katalon.core.webui.common.WebUiCommonHelper.findWebElement(WebUiCommonHelper.java:1368)
	at com.kms.katalon.core.webui.keyword.internal.WebUIAbstractKeyword.findWebElement(WebUIAbstractKeyword.groovy:27)
	at com.kms.katalon.core.webui.keyword.internal.WebUIAbstractKeyword.findWebElement(WebUIAbstractKeyword.groovy:26)
	at com.kms.katalon.core.webui.keyword.builtin.ClickKeyword$_click_closure1.doCall(ClickKeyword.groovy:66)
	at com.kms.katalon.core.webui.keyword.builtin.ClickKeyword$_click_closure1.call(ClickKeyword.groovy)
	at com.kms.katalon.core.webui.keyword.internal.WebUIKeywordMain.runKeyword(WebUIKeywordMain.groovy:20)
	... 19 more]]></system-err>
      </testcase>
      <testcase name="Test Cases/Edit FullName" time="92.817" classname="Test Cases/Edit FullName" status="PASSED">
         <system-out><![CDATA[2021-05-28 21:19:47 - [TEST_CASE][PASSED] - Test Cases/Edit FullName: Test Cases/Edit FullName

2021-05-28 21:19:47 - [TEST_STEP][PASSED] - openBrowser(""): Browser is opened with url: ''

2021-05-28 21:19:47 - [MESSAGE][WARNING] - A browser is already opened. Closing browser and opening a new one

2021-05-28 21:19:48 - [MESSAGE][INFO] - Starting 'Chrome' driver

2021-05-28 21:19:48 - [MESSAGE][INFO] - Action delay is set to 0 milliseconds

2021-05-28 21:19:49 - [MESSAGE][PASSED] - Browser is opened with url: ''

2021-05-28 21:19:49 - [TEST_STEP][PASSED] - navigateToUrl("https://mattermost-autotest.herokuapp.com/signin"): Navigate to 'https://mattermost-autotest.herokuapp.com/signin' successfully

2021-05-28 21:20:49 - [MESSAGE][PASSED] - Navigate to 'https://mattermost-autotest.herokuapp.com/signin' successfully

2021-05-28 21:20:49 - [TEST_STEP][PASSED] - setText(findTestObject("Object Repository/Edit Fullname/Page_Mattermost/input_All team communication in one place, _dcc84b"), username): Text 'testing2' is set on object 'Object Repository/Edit Fullname/Page_Mattermost/input_All team communication in one place, _dcc84b'

2021-05-28 21:21:02 - [MESSAGE][PASSED] - Text 'testing2' is set on object 'Object Repository/Edit Fullname/Page_Mattermost/input_All team communication in one place, _dcc84b'

2021-05-28 21:21:02 - [TEST_STEP][PASSED] - setEncryptedText(findTestObject("Object Repository/Edit Fullname/Page_Mattermost/input_All team communication in one place, _a3edc6"), password): Text ****** has been set on object 'Object Repository/Edit Fullname/Page_Mattermost/input_All team communication in one place, _a3edc6'

2021-05-28 21:21:02 - [MESSAGE][PASSED] - Text ****** has been set on object 'Object Repository/Edit Fullname/Page_Mattermost/input_All team communication in one place, _a3edc6'

2021-05-28 21:21:02 - [TEST_STEP][PASSED] - click(findTestObject("Object Repository/Edit Fullname/Page_Mattermost/span_Sign in")): Object: 'Object Repository/Edit Fullname/Page_Mattermost/span_Sign in' is clicked on

2021-05-28 21:21:03 - [MESSAGE][PASSED] - Object: 'Object Repository/Edit Fullname/Page_Mattermost/span_Sign in' is clicked on

2021-05-28 21:21:03 - [TEST_STEP][PASSED] - if (findTestObject("Edit Fullname/Page_Mattermost/span_Back to Mattermost")): Object: 'Object Repository/Edit Fullname/Page_Mattermost/span_Back to Mattermost' is clicked on

2021-05-28 21:21:03 - [TEST_STEP][PASSED] - click(findTestObject("Edit Fullname/Page_Mattermost/span_Back to Mattermost")): Object: 'Object Repository/Edit Fullname/Page_Mattermost/span_Back to Mattermost' is clicked on

2021-05-28 21:21:06 - [MESSAGE][PASSED] - Object: 'Object Repository/Edit Fullname/Page_Mattermost/span_Back to Mattermost' is clicked on

2021-05-28 21:21:06 - [TEST_STEP][PASSED] - click(findTestObject("Object Repository/Edit Fullname/Page_Town Square - Fit.hcmus Mattermost/span")): Object: 'Object Repository/Edit Fullname/Page_Town Square - Fit.hcmus Mattermost/span' is clicked on

2021-05-28 21:21:08 - [MESSAGE][PASSED] - Object: 'Object Repository/Edit Fullname/Page_Town Square - Fit.hcmus Mattermost/span' is clicked on

2021-05-28 21:21:08 - [TEST_STEP][PASSED] - click(findTestObject("Object Repository/Edit Fullname/Page_Town Square - Fit.hcmus Mattermost/button_Account Settings")): Object: 'Object Repository/Edit Fullname/Page_Town Square - Fit.hcmus Mattermost/button_Account Settings' is clicked on

2021-05-28 21:21:09 - [MESSAGE][PASSED] - Object: 'Object Repository/Edit Fullname/Page_Town Square - Fit.hcmus Mattermost/button_Account Settings' is clicked on

2021-05-28 21:21:09 - [TEST_STEP][PASSED] - click(findTestObject("Object Repository/Edit Fullname/Page_Town Square - Fit.hcmus Mattermost/span_Edit")): Object: 'Object Repository/Edit Fullname/Page_Town Square - Fit.hcmus Mattermost/span_Edit' is clicked on

2021-05-28 21:21:12 - [MESSAGE][PASSED] - Object: 'Object Repository/Edit Fullname/Page_Town Square - Fit.hcmus Mattermost/span_Edit' is clicked on

2021-05-28 21:21:12 - [TEST_STEP][PASSED] - setText(findTestObject("Object Repository/Edit Fullname/Page_Town Square - Fit.hcmus Mattermost/input_First Name_firstName"), firstName): Text 'Phuc' is set on object 'Object Repository/Edit Fullname/Page_Town Square - Fit.hcmus Mattermost/input_First Name_firstName'

2021-05-28 21:21:18 - [MESSAGE][PASSED] - Text 'Phuc' is set on object 'Object Repository/Edit Fullname/Page_Town Square - Fit.hcmus Mattermost/input_First Name_firstName'

2021-05-28 21:21:18 - [TEST_STEP][PASSED] - setText(findTestObject("Object Repository/Edit Fullname/Page_Town Square - Fit.hcmus Mattermost/input_Last Name_lastName"), lastName): Text 'Huynh' is set on object 'Object Repository/Edit Fullname/Page_Town Square - Fit.hcmus Mattermost/input_Last Name_lastName'

2021-05-28 21:21:19 - [MESSAGE][PASSED] - Text 'Huynh' is set on object 'Object Repository/Edit Fullname/Page_Town Square - Fit.hcmus Mattermost/input_Last Name_lastName'

2021-05-28 21:21:19 - [TEST_STEP][PASSED] - click(findTestObject("Object Repository/Edit Fullname/Page_Town Square - Fit.hcmus Mattermost/button_Save")): Object: 'Object Repository/Edit Fullname/Page_Town Square - Fit.hcmus Mattermost/button_Save' is clicked on

2021-05-28 21:21:19 - [MESSAGE][PASSED] - Object: 'Object Repository/Edit Fullname/Page_Town Square - Fit.hcmus Mattermost/button_Save' is clicked on

2021-05-28 21:21:19 - [TEST_STEP][PASSED] - verifyElementPresent(findTestObject("Edit Fullname/Page_Town Square - Fit.hcmus Mattermost/span_General Settings"), 0): Object 'Object Repository/Edit Fullname/Page_Town Square - Fit.hcmus Mattermost/span_General Settings' is present

2021-05-28 21:21:19 - [MESSAGE][WARNING] - Timeout '0' is invalid. Using default page load timeout: '30'

2021-05-28 21:21:19 - [MESSAGE][PASSED] - Object 'Object Repository/Edit Fullname/Page_Town Square - Fit.hcmus Mattermost/span_General Settings' is present

2021-05-28 21:21:19 - [TEST_STEP][PASSED] - closeBrowser(): Browser is closed

2021-05-28 21:21:20 - [MESSAGE][PASSED] - Browser is closed]]></system-out>
         <system-err><![CDATA[]]></system-err>
      </testcase>
      <testcase name="Test Cases/Edit FullName" time="87.835" classname="Test Cases/Edit FullName" status="FAILED">
         <failure type="FAILED" message="Test Cases/Edit FullName FAILED.
Reason:
com.kms.katalon.core.exception.StepFailedException: Unable to click on object 'Object Repository/Edit Fullname/Page_Town Square - Fit.hcmus Mattermost/span'
	at com.kms.katalon.core.webui.keyword.internal.WebUIKeywordMain.stepFailed(WebUIKeywordMain.groovy:64)
	at com.kms.katalon.core.webui.keyword.internal.WebUIKeywordMain.runKeyword(WebUIKeywordMain.groovy:26)
	at com.kms.katalon.core.webui.keyword.builtin.ClickKeyword.click(ClickKeyword.groovy:75)
	at com.kms.katalon.core.webui.keyword.builtin.ClickKeyword.execute(ClickKeyword.groovy:42)
	at com.kms.katalon.core.keyword.internal.KeywordExecutor.executeKeywordForPlatform(KeywordExecutor.groovy:73)
	at com.kms.katalon.core.webui.keyword.WebUiBuiltInKeywords.click(WebUiBuiltInKeywords.groovy:619)
	at com.kms.katalon.core.webui.keyword.WebUiBuiltInKeywords$click$3.call(Unknown Source)
	at Edit FullName.run(Edit FullName:38)
	at com.kms.katalon.core.main.ScriptEngine.run(ScriptEngine.java:194)
	at com.kms.katalon.core.main.ScriptEngine.runScriptAsRawText(ScriptEngine.java:119)
	at com.kms.katalon.core.main.TestCaseExecutor.runScript(TestCaseExecutor.java:398)
	at com.kms.katalon.core.main.TestCaseExecutor.doExecute(TestCaseExecutor.java:389)
	at com.kms.katalon.core.main.TestCaseExecutor.processExecutionPhase(TestCaseExecutor.java:368)
	at com.kms.katalon.core.main.TestCaseExecutor.accessMainPhase(TestCaseExecutor.java:360)
	at com.kms.katalon.core.main.TestCaseExecutor.execute(TestCaseExecutor.java:255)
	at com.kms.katalon.core.main.TestSuiteExecutor.accessTestCaseMainPhase(TestSuiteExecutor.java:203)
	at com.kms.katalon.core.main.TestSuiteExecutor.accessTestSuiteMainPhase(TestSuiteExecutor.java:152)
	at com.kms.katalon.core.main.TestSuiteExecutor.execute(TestSuiteExecutor.java:95)
	at com.kms.katalon.core.main.TestCaseMain.startTestSuite(TestCaseMain.java:157)
	at com.kms.katalon.core.main.TestCaseMain$startTestSuite$0.call(Unknown Source)
	at TempTestSuite1622211387486.run(TempTestSuite1622211387486.groovy:39)
Caused by: com.kms.katalon.core.webui.exception.WebElementNotFoundException: Web element with id: 'Object Repository/Edit Fullname/Page_Town Square - Fit.hcmus Mattermost/span' located by '//div[@id='headerInfo']/button/span' not found
	at com.kms.katalon.core.webui.common.WebUiCommonHelper.findWebElement(WebUiCommonHelper.java:1368)
	at com.kms.katalon.core.webui.keyword.internal.WebUIAbstractKeyword.findWebElement(WebUIAbstractKeyword.groovy:27)
	at com.kms.katalon.core.webui.keyword.internal.WebUIAbstractKeyword.findWebElement(WebUIAbstractKeyword.groovy:26)
	at com.kms.katalon.core.webui.keyword.builtin.ClickKeyword$_click_closure1.doCall(ClickKeyword.groovy:66)
	at com.kms.katalon.core.webui.keyword.builtin.ClickKeyword$_click_closure1.call(ClickKeyword.groovy)
	at com.kms.katalon.core.webui.keyword.internal.WebUIKeywordMain.runKeyword(WebUIKeywordMain.groovy:20)
	... 19 more
"/>
         <system-out><![CDATA[2021-05-28 21:21:20 - [TEST_CASE][FAILED] - Test Cases/Edit FullName: Test Cases/Edit FullName FAILED.
Reason:
com.kms.katalon.core.exception.StepFailedException: Unable to click on object 'Object Repository/Edit Fullname/Page_Town Square - Fit.hcmus Mattermost/span'
	at com.kms.katalon.core.webui.keyword.internal.WebUIKeywordMain.stepFailed(WebUIKeywordMain.groovy:64)
	at com.kms.katalon.core.webui.keyword.internal.WebUIKeywordMain.runKeyword(WebUIKeywordMain.groovy:26)
	at com.kms.katalon.core.webui.keyword.builtin.ClickKeyword.click(ClickKeyword.groovy:75)
	at com.kms.katalon.core.webui.keyword.builtin.ClickKeyword.execute(ClickKeyword.groovy:42)
	at com.kms.katalon.core.keyword.internal.KeywordExecutor.executeKeywordForPlatform(KeywordExecutor.groovy:73)
	at com.kms.katalon.core.webui.keyword.WebUiBuiltInKeywords.click(WebUiBuiltInKeywords.groovy:619)
	at com.kms.katalon.core.webui.keyword.WebUiBuiltInKeywords$click$3.call(Unknown Source)
	at Edit FullName.run(Edit FullName:38)
	at com.kms.katalon.core.main.ScriptEngine.run(ScriptEngine.java:194)
	at com.kms.katalon.core.main.ScriptEngine.runScriptAsRawText(ScriptEngine.java:119)
	at com.kms.katalon.core.main.TestCaseExecutor.runScript(TestCaseExecutor.java:398)
	at com.kms.katalon.core.main.TestCaseExecutor.doExecute(TestCaseExecutor.java:389)
	at com.kms.katalon.core.main.TestCaseExecutor.processExecutionPhase(TestCaseExecutor.java:368)
	at com.kms.katalon.core.main.TestCaseExecutor.accessMainPhase(TestCaseExecutor.java:360)
	at com.kms.katalon.core.main.TestCaseExecutor.execute(TestCaseExecutor.java:255)
	at com.kms.katalon.core.main.TestSuiteExecutor.accessTestCaseMainPhase(TestSuiteExecutor.java:203)
	at com.kms.katalon.core.main.TestSuiteExecutor.accessTestSuiteMainPhase(TestSuiteExecutor.java:152)
	at com.kms.katalon.core.main.TestSuiteExecutor.execute(TestSuiteExecutor.java:95)
	at com.kms.katalon.core.main.TestCaseMain.startTestSuite(TestCaseMain.java:157)
	at com.kms.katalon.core.main.TestCaseMain$startTestSuite$0.call(Unknown Source)
	at TempTestSuite1622211387486.run(TempTestSuite1622211387486.groovy:39)
Caused by: com.kms.katalon.core.webui.exception.WebElementNotFoundException: Web element with id: 'Object Repository/Edit Fullname/Page_Town Square - Fit.hcmus Mattermost/span' located by '//div[@id='headerInfo']/button/span' not found
	at com.kms.katalon.core.webui.common.WebUiCommonHelper.findWebElement(WebUiCommonHelper.java:1368)
	at com.kms.katalon.core.webui.keyword.internal.WebUIAbstractKeyword.findWebElement(WebUIAbstractKeyword.groovy:27)
	at com.kms.katalon.core.webui.keyword.internal.WebUIAbstractKeyword.findWebElement(WebUIAbstractKeyword.groovy:26)
	at com.kms.katalon.core.webui.keyword.builtin.ClickKeyword$_click_closure1.doCall(ClickKeyword.groovy:66)
	at com.kms.katalon.core.webui.keyword.builtin.ClickKeyword$_click_closure1.call(ClickKeyword.groovy)
	at com.kms.katalon.core.webui.keyword.internal.WebUIKeywordMain.runKeyword(WebUIKeywordMain.groovy:20)
	... 19 more


2021-05-28 21:21:20 - [TEST_STEP][PASSED] - openBrowser(""): Browser is opened with url: ''

2021-05-28 21:21:20 - [MESSAGE][INFO] - Starting 'Chrome' driver

2021-05-28 21:21:20 - [MESSAGE][INFO] - Action delay is set to 0 milliseconds

2021-05-28 21:21:21 - [MESSAGE][PASSED] - Browser is opened with url: ''

2021-05-28 21:21:21 - [TEST_STEP][PASSED] - navigateToUrl("https://mattermost-autotest.herokuapp.com/signin"): Navigate to 'https://mattermost-autotest.herokuapp.com/signin' successfully

2021-05-28 21:21:30 - [MESSAGE][PASSED] - Navigate to 'https://mattermost-autotest.herokuapp.com/signin' successfully

2021-05-28 21:21:30 - [TEST_STEP][PASSED] - setText(findTestObject("Object Repository/Edit Fullname/Page_Mattermost/input_All team communication in one place, _dcc84b"), username): Text 'testing3' is set on object 'Object Repository/Edit Fullname/Page_Mattermost/input_All team communication in one place, _dcc84b'

2021-05-28 21:21:40 - [MESSAGE][PASSED] - Text 'testing3' is set on object 'Object Repository/Edit Fullname/Page_Mattermost/input_All team communication in one place, _dcc84b'

2021-05-28 21:21:40 - [TEST_STEP][PASSED] - setEncryptedText(findTestObject("Object Repository/Edit Fullname/Page_Mattermost/input_All team communication in one place, _a3edc6"), password): Text ****** has been set on object 'Object Repository/Edit Fullname/Page_Mattermost/input_All team communication in one place, _a3edc6'

2021-05-28 21:21:41 - [MESSAGE][PASSED] - Text ****** has been set on object 'Object Repository/Edit Fullname/Page_Mattermost/input_All team communication in one place, _a3edc6'

2021-05-28 21:21:41 - [TEST_STEP][PASSED] - click(findTestObject("Object Repository/Edit Fullname/Page_Mattermost/span_Sign in")): Object: 'Object Repository/Edit Fullname/Page_Mattermost/span_Sign in' is clicked on

2021-05-28 21:21:41 - [MESSAGE][PASSED] - Object: 'Object Repository/Edit Fullname/Page_Mattermost/span_Sign in' is clicked on

2021-05-28 21:21:41 - [TEST_STEP][PASSED] - if (findTestObject("Edit Fullname/Page_Mattermost/span_Back to Mattermost")): Object: 'Object Repository/Edit Fullname/Page_Mattermost/span_Back to Mattermost' is clicked on

2021-05-28 21:21:41 - [TEST_STEP][PASSED] - click(findTestObject("Edit Fullname/Page_Mattermost/span_Back to Mattermost")): Object: 'Object Repository/Edit Fullname/Page_Mattermost/span_Back to Mattermost' is clicked on

2021-05-28 21:22:12 - [MESSAGE][INFO] - Unable to find the element located by 'By.xpath: //div[@id='root']/div/div/a/span'. Please recheck the objects properties to make sure the desired element is located. 

2021-05-28 21:22:12 - [MESSAGE][WARNING] - [SELF-HEALING] Failed to find element with id 'Object Repository/Edit Fullname/Page_Mattermost/span_Back to Mattermost'. Try using Self-healing.

2021-05-28 21:22:13 - [MESSAGE][WARNING] - [SELF-HEALING] The current locator of test object 'Object Repository/Edit Fullname/Page_Mattermost/span_Back to Mattermost' was broken. Propose an alternative one: '//a/span'.

2021-05-28 21:22:13 - [MESSAGE][PASSED] - Object: 'Object Repository/Edit Fullname/Page_Mattermost/span_Back to Mattermost' is clicked on

2021-05-28 21:22:13 - [TEST_STEP][FAILED] - click(findTestObject("Object Repository/Edit Fullname/Page_Town Square - Fit.hcmus Mattermost/span")): Unable to click on object 'Object Repository/Edit Fullname/Page_Town Square - Fit.hcmus Mattermost/span' (Root cause: com.kms.katalon.core.exception.StepFailedException: Unable to click on object 'Object Repository/Edit Fullname/Page_Town Square - Fit.hcmus Mattermost/span'
	at com.kms.katalon.core.webui.keyword.internal.WebUIKeywordMain.stepFailed(WebUIKeywordMain.groovy:64)
	at com.kms.katalon.core.webui.keyword.internal.WebUIKeywordMain.runKeyword(WebUIKeywordMain.groovy:26)
	at com.kms.katalon.core.webui.keyword.builtin.ClickKeyword.click(ClickKeyword.groovy:75)
	at com.kms.katalon.core.webui.keyword.builtin.ClickKeyword.execute(ClickKeyword.groovy:42)
	at com.kms.katalon.core.keyword.internal.KeywordExecutor.executeKeywordForPlatform(KeywordExecutor.groovy:73)
	at com.kms.katalon.core.webui.keyword.WebUiBuiltInKeywords.click(WebUiBuiltInKeywords.groovy:619)
	at com.kms.katalon.core.webui.keyword.WebUiBuiltInKeywords$click$3.call(Unknown Source)
	at Edit FullName.run(Edit FullName:38)
	at com.kms.katalon.core.main.ScriptEngine.run(ScriptEngine.java:194)
	at com.kms.katalon.core.main.ScriptEngine.runScriptAsRawText(ScriptEngine.java:119)
	at com.kms.katalon.core.main.TestCaseExecutor.runScript(TestCaseExecutor.java:398)
	at com.kms.katalon.core.main.TestCaseExecutor.doExecute(TestCaseExecutor.java:389)
	at com.kms.katalon.core.main.TestCaseExecutor.processExecutionPhase(TestCaseExecutor.java:368)
	at com.kms.katalon.core.main.TestCaseExecutor.accessMainPhase(TestCaseExecutor.java:360)
	at com.kms.katalon.core.main.TestCaseExecutor.execute(TestCaseExecutor.java:255)
	at com.kms.katalon.core.main.TestSuiteExecutor.accessTestCaseMainPhase(TestSuiteExecutor.java:203)
	at com.kms.katalon.core.main.TestSuiteExecutor.accessTestSuiteMainPhase(TestSuiteExecutor.java:152)
	at com.kms.katalon.core.main.TestSuiteExecutor.execute(TestSuiteExecutor.java:95)
	at com.kms.katalon.core.main.TestCaseMain.startTestSuite(TestCaseMain.java:157)
	at com.kms.katalon.core.main.TestCaseMain$startTestSuite$0.call(Unknown Source)
	at TempTestSuite1622211387486.run(TempTestSuite1622211387486.groovy:39)
Caused by: com.kms.katalon.core.webui.exception.WebElementNotFoundException: Web element with id: 'Object Repository/Edit Fullname/Page_Town Square - Fit.hcmus Mattermost/span' located by '//div[@id='headerInfo']/button/span' not found
	at com.kms.katalon.core.webui.common.WebUiCommonHelper.findWebElement(WebUiCommonHelper.java:1368)
	at com.kms.katalon.core.webui.keyword.internal.WebUIAbstractKeyword.findWebElement(WebUIAbstractKeyword.groovy:27)
	at com.kms.katalon.core.webui.keyword.internal.WebUIAbstractKeyword.findWebElement(WebUIAbstractKeyword.groovy:26)
	at com.kms.katalon.core.webui.keyword.builtin.ClickKeyword$_click_closure1.doCall(ClickKeyword.groovy:66)
	at com.kms.katalon.core.webui.keyword.builtin.ClickKeyword$_click_closure1.call(ClickKeyword.groovy)
	at com.kms.katalon.core.webui.keyword.internal.WebUIKeywordMain.runKeyword(WebUIKeywordMain.groovy:20)
	at com.kms.katalon.core.webui.keyword.builtin.ClickKeyword.click(ClickKeyword.groovy:75)
	at com.kms.katalon.core.webui.keyword.builtin.ClickKeyword.execute(ClickKeyword.groovy:42)
	at com.kms.katalon.core.keyword.internal.KeywordExecutor.executeKeywordForPlatform(KeywordExecutor.groovy:73)
	at com.kms.katalon.core.webui.keyword.WebUiBuiltInKeywords.click(WebUiBuiltInKeywords.groovy:619)
	at com.kms.katalon.core.webui.keyword.WebUiBuiltInKeywords$click$3.call(Unknown Source)
	at Script1622208952441.run(Script1622208952441.groovy:38)
	... 13 more
)

2021-05-28 21:22:44 - [MESSAGE][INFO] - Unable to find the element located by 'By.xpath: //div[@id='headerInfo']/button/span'. Please recheck the objects properties to make sure the desired element is located. 

2021-05-28 21:22:44 - [MESSAGE][WARNING] - [SELF-HEALING] Failed to find element with id 'Object Repository/Edit Fullname/Page_Town Square - Fit.hcmus Mattermost/span'. Try using Self-healing.

2021-05-28 21:22:44 - [MESSAGE][INFO] - [SELF-HEALING] Failed Locator: '//div[@id='headerInfo']/button/span'.

2021-05-28 21:22:45 - [MESSAGE][INFO] - [SELF-HEALING] Failed Locator: '(.//*[normalize-space(text()) and normalize-space(.)='@danguyen'])[1]/following::span[1]'.

2021-05-28 21:22:45 - [MESSAGE][INFO] - [SELF-HEALING] Failed Locator: '(.//*[normalize-space(text()) and normalize-space(.)='Fit.hcmus'])[2]/following::span[1]'.

2021-05-28 21:22:45 - [MESSAGE][INFO] - [SELF-HEALING] Failed Locator: '(.//*[normalize-space(text()) and normalize-space(.)='More Unreads'])[1]/preceding::span[1]'.

2021-05-28 21:22:46 - [MESSAGE][INFO] - [SELF-HEALING] Failed Locator: '(.//*[normalize-space(text()) and normalize-space(.)='More Unreads'])[2]/preceding::span[3]'.

2021-05-28 21:22:46 - [MESSAGE][INFO] - [SELF-HEALING] Failed Locator: '//div[4]/div/div/div[2]/div/div/button/span'.

2021-05-28 21:22:47 - [MESSAGE][INFO] - Unable to find the element located by 'By.xpath: id("headerInfo")/button[@class="style--none sidebar-header-dropdown__icon"]/span[1]'. Please recheck the objects properties to make sure the desired element is located. 

2021-05-28 21:22:48 - [MESSAGE][INFO] - Unable to find the element located by 'By.cssSelector: button.style--none.sidebar-header-dropdown__icon > span'. Please recheck the objects properties to make sure the desired element is located. 

2021-05-28 21:22:48 - [MESSAGE][FAILED] - Unable to click on object 'Object Repository/Edit Fullname/Page_Town Square - Fit.hcmus Mattermost/span' (Root cause: com.kms.katalon.core.exception.StepFailedException: Unable to click on object 'Object Repository/Edit Fullname/Page_Town Square - Fit.hcmus Mattermost/span'
	at com.kms.katalon.core.webui.keyword.internal.WebUIKeywordMain.stepFailed(WebUIKeywordMain.groovy:64)
	at com.kms.katalon.core.webui.keyword.internal.WebUIKeywordMain.runKeyword(WebUIKeywordMain.groovy:26)
	at com.kms.katalon.core.webui.keyword.builtin.ClickKeyword.click(ClickKeyword.groovy:75)
	at com.kms.katalon.core.webui.keyword.builtin.ClickKeyword.execute(ClickKeyword.groovy:42)
	at com.kms.katalon.core.keyword.internal.KeywordExecutor.executeKeywordForPlatform(KeywordExecutor.groovy:73)
	at com.kms.katalon.core.webui.keyword.WebUiBuiltInKeywords.click(WebUiBuiltInKeywords.groovy:619)
	at com.kms.katalon.core.webui.keyword.WebUiBuiltInKeywords$click$3.call(Unknown Source)
	at Edit FullName.run(Edit FullName:38)
	at com.kms.katalon.core.main.ScriptEngine.run(ScriptEngine.java:194)
	at com.kms.katalon.core.main.ScriptEngine.runScriptAsRawText(ScriptEngine.java:119)
	at com.kms.katalon.core.main.TestCaseExecutor.runScript(TestCaseExecutor.java:398)
	at com.kms.katalon.core.main.TestCaseExecutor.doExecute(TestCaseExecutor.java:389)
	at com.kms.katalon.core.main.TestCaseExecutor.processExecutionPhase(TestCaseExecutor.java:368)
	at com.kms.katalon.core.main.TestCaseExecutor.accessMainPhase(TestCaseExecutor.java:360)
	at com.kms.katalon.core.main.TestCaseExecutor.execute(TestCaseExecutor.java:255)
	at com.kms.katalon.core.main.TestSuiteExecutor.accessTestCaseMainPhase(TestSuiteExecutor.java:203)
	at com.kms.katalon.core.main.TestSuiteExecutor.accessTestSuiteMainPhase(TestSuiteExecutor.java:152)
	at com.kms.katalon.core.main.TestSuiteExecutor.execute(TestSuiteExecutor.java:95)
	at com.kms.katalon.core.main.TestCaseMain.startTestSuite(TestCaseMain.java:157)
	at com.kms.katalon.core.main.TestCaseMain$startTestSuite$0.call(Unknown Source)
	at TempTestSuite1622211387486.run(TempTestSuite1622211387486.groovy:39)
Caused by: com.kms.katalon.core.webui.exception.WebElementNotFoundException: Web element with id: 'Object Repository/Edit Fullname/Page_Town Square - Fit.hcmus Mattermost/span' located by '//div[@id='headerInfo']/button/span' not found
	at com.kms.katalon.core.webui.common.WebUiCommonHelper.findWebElement(WebUiCommonHelper.java:1368)
	at com.kms.katalon.core.webui.keyword.internal.WebUIAbstractKeyword.findWebElement(WebUIAbstractKeyword.groovy:27)
	at com.kms.katalon.core.webui.keyword.internal.WebUIAbstractKeyword.findWebElement(WebUIAbstractKeyword.groovy:26)
	at com.kms.katalon.core.webui.keyword.builtin.ClickKeyword$_click_closure1.doCall(ClickKeyword.groovy:66)
	at com.kms.katalon.core.webui.keyword.builtin.ClickKeyword$_click_closure1.call(ClickKeyword.groovy)
	at com.kms.katalon.core.webui.keyword.internal.WebUIKeywordMain.runKeyword(WebUIKeywordMain.groovy:20)
	at com.kms.katalon.core.webui.keyword.builtin.ClickKeyword.click(ClickKeyword.groovy:75)
	at com.kms.katalon.core.webui.keyword.builtin.ClickKeyword.execute(ClickKeyword.groovy:42)
	at com.kms.katalon.core.keyword.internal.KeywordExecutor.executeKeywordForPlatform(KeywordExecutor.groovy:73)
	at com.kms.katalon.core.webui.keyword.WebUiBuiltInKeywords.click(WebUiBuiltInKeywords.groovy:619)
	at com.kms.katalon.core.webui.keyword.WebUiBuiltInKeywords$click$3.call(Unknown Source)
	at Script1622208952441.run(Script1622208952441.groovy:38)
	... 13 more
)
[[ATTACHMENT|C:\\Users\\dell\\Katalon Studio\\Mattermost\\Reports\\20210528_211627\\Edit_FullName\\20210528_211627\\1622211768443.png]]]]></system-out>
         <system-err><![CDATA[2021-05-28 21:21:20 - [TEST_CASE][FAILED] - Test Cases/Edit FullName: Test Cases/Edit FullName FAILED.
Reason:
com.kms.katalon.core.exception.StepFailedException: Unable to click on object 'Object Repository/Edit Fullname/Page_Town Square - Fit.hcmus Mattermost/span'
	at com.kms.katalon.core.webui.keyword.internal.WebUIKeywordMain.stepFailed(WebUIKeywordMain.groovy:64)
	at com.kms.katalon.core.webui.keyword.internal.WebUIKeywordMain.runKeyword(WebUIKeywordMain.groovy:26)
	at com.kms.katalon.core.webui.keyword.builtin.ClickKeyword.click(ClickKeyword.groovy:75)
	at com.kms.katalon.core.webui.keyword.builtin.ClickKeyword.execute(ClickKeyword.groovy:42)
	at com.kms.katalon.core.keyword.internal.KeywordExecutor.executeKeywordForPlatform(KeywordExecutor.groovy:73)
	at com.kms.katalon.core.webui.keyword.WebUiBuiltInKeywords.click(WebUiBuiltInKeywords.groovy:619)
	at com.kms.katalon.core.webui.keyword.WebUiBuiltInKeywords$click$3.call(Unknown Source)
	at Edit FullName.run(Edit FullName:38)
	at com.kms.katalon.core.main.ScriptEngine.run(ScriptEngine.java:194)
	at com.kms.katalon.core.main.ScriptEngine.runScriptAsRawText(ScriptEngine.java:119)
	at com.kms.katalon.core.main.TestCaseExecutor.runScript(TestCaseExecutor.java:398)
	at com.kms.katalon.core.main.TestCaseExecutor.doExecute(TestCaseExecutor.java:389)
	at com.kms.katalon.core.main.TestCaseExecutor.processExecutionPhase(TestCaseExecutor.java:368)
	at com.kms.katalon.core.main.TestCaseExecutor.accessMainPhase(TestCaseExecutor.java:360)
	at com.kms.katalon.core.main.TestCaseExecutor.execute(TestCaseExecutor.java:255)
	at com.kms.katalon.core.main.TestSuiteExecutor.accessTestCaseMainPhase(TestSuiteExecutor.java:203)
	at com.kms.katalon.core.main.TestSuiteExecutor.accessTestSuiteMainPhase(TestSuiteExecutor.java:152)
	at com.kms.katalon.core.main.TestSuiteExecutor.execute(TestSuiteExecutor.java:95)
	at com.kms.katalon.core.main.TestCaseMain.startTestSuite(TestCaseMain.java:157)
	at com.kms.katalon.core.main.TestCaseMain$startTestSuite$0.call(Unknown Source)
	at TempTestSuite1622211387486.run(TempTestSuite1622211387486.groovy:39)
Caused by: com.kms.katalon.core.webui.exception.WebElementNotFoundException: Web element with id: 'Object Repository/Edit Fullname/Page_Town Square - Fit.hcmus Mattermost/span' located by '//div[@id='headerInfo']/button/span' not found
	at com.kms.katalon.core.webui.common.WebUiCommonHelper.findWebElement(WebUiCommonHelper.java:1368)
	at com.kms.katalon.core.webui.keyword.internal.WebUIAbstractKeyword.findWebElement(WebUIAbstractKeyword.groovy:27)
	at com.kms.katalon.core.webui.keyword.internal.WebUIAbstractKeyword.findWebElement(WebUIAbstractKeyword.groovy:26)
	at com.kms.katalon.core.webui.keyword.builtin.ClickKeyword$_click_closure1.doCall(ClickKeyword.groovy:66)
	at com.kms.katalon.core.webui.keyword.builtin.ClickKeyword$_click_closure1.call(ClickKeyword.groovy)
	at com.kms.katalon.core.webui.keyword.internal.WebUIKeywordMain.runKeyword(WebUIKeywordMain.groovy:20)
	... 19 more]]></system-err>
      </testcase>
      <testcase name="Test Cases/Edit FullName" time="97.989" classname="Test Cases/Edit FullName" status="FAILED">
         <failure type="FAILED" message="Test Cases/Edit FullName FAILED.
Reason:
com.kms.katalon.core.exception.StepFailedException: Unable to click on object 'Object Repository/Edit Fullname/Page_Town Square - Fit.hcmus Mattermost/span'
	at com.kms.katalon.core.webui.keyword.internal.WebUIKeywordMain.stepFailed(WebUIKeywordMain.groovy:64)
	at com.kms.katalon.core.webui.keyword.internal.WebUIKeywordMain.runKeyword(WebUIKeywordMain.groovy:26)
	at com.kms.katalon.core.webui.keyword.builtin.ClickKeyword.click(ClickKeyword.groovy:75)
	at com.kms.katalon.core.webui.keyword.builtin.ClickKeyword.execute(ClickKeyword.groovy:42)
	at com.kms.katalon.core.keyword.internal.KeywordExecutor.executeKeywordForPlatform(KeywordExecutor.groovy:73)
	at com.kms.katalon.core.webui.keyword.WebUiBuiltInKeywords.click(WebUiBuiltInKeywords.groovy:619)
	at com.kms.katalon.core.webui.keyword.WebUiBuiltInKeywords$click$3.call(Unknown Source)
	at Edit FullName.run(Edit FullName:38)
	at com.kms.katalon.core.main.ScriptEngine.run(ScriptEngine.java:194)
	at com.kms.katalon.core.main.ScriptEngine.runScriptAsRawText(ScriptEngine.java:119)
	at com.kms.katalon.core.main.TestCaseExecutor.runScript(TestCaseExecutor.java:398)
	at com.kms.katalon.core.main.TestCaseExecutor.doExecute(TestCaseExecutor.java:389)
	at com.kms.katalon.core.main.TestCaseExecutor.processExecutionPhase(TestCaseExecutor.java:368)
	at com.kms.katalon.core.main.TestCaseExecutor.accessMainPhase(TestCaseExecutor.java:360)
	at com.kms.katalon.core.main.TestCaseExecutor.execute(TestCaseExecutor.java:255)
	at com.kms.katalon.core.main.TestSuiteExecutor.accessTestCaseMainPhase(TestSuiteExecutor.java:203)
	at com.kms.katalon.core.main.TestSuiteExecutor.accessTestSuiteMainPhase(TestSuiteExecutor.java:152)
	at com.kms.katalon.core.main.TestSuiteExecutor.execute(TestSuiteExecutor.java:95)
	at com.kms.katalon.core.main.TestCaseMain.startTestSuite(TestCaseMain.java:157)
	at com.kms.katalon.core.main.TestCaseMain$startTestSuite$0.call(Unknown Source)
	at TempTestSuite1622211387486.run(TempTestSuite1622211387486.groovy:39)
Caused by: com.kms.katalon.core.webui.exception.WebElementNotFoundException: Web element with id: 'Object Repository/Edit Fullname/Page_Town Square - Fit.hcmus Mattermost/span' located by '//div[@id='headerInfo']/button/span' not found
	at com.kms.katalon.core.webui.common.WebUiCommonHelper.findWebElement(WebUiCommonHelper.java:1368)
	at com.kms.katalon.core.webui.keyword.internal.WebUIAbstractKeyword.findWebElement(WebUIAbstractKeyword.groovy:27)
	at com.kms.katalon.core.webui.keyword.internal.WebUIAbstractKeyword.findWebElement(WebUIAbstractKeyword.groovy:26)
	at com.kms.katalon.core.webui.keyword.builtin.ClickKeyword$_click_closure1.doCall(ClickKeyword.groovy:66)
	at com.kms.katalon.core.webui.keyword.builtin.ClickKeyword$_click_closure1.call(ClickKeyword.groovy)
	at com.kms.katalon.core.webui.keyword.internal.WebUIKeywordMain.runKeyword(WebUIKeywordMain.groovy:20)
	... 19 more
"/>
         <system-out><![CDATA[2021-05-28 21:22:48 - [TEST_CASE][FAILED] - Test Cases/Edit FullName: Test Cases/Edit FullName FAILED.
Reason:
com.kms.katalon.core.exception.StepFailedException: Unable to click on object 'Object Repository/Edit Fullname/Page_Town Square - Fit.hcmus Mattermost/span'
	at com.kms.katalon.core.webui.keyword.internal.WebUIKeywordMain.stepFailed(WebUIKeywordMain.groovy:64)
	at com.kms.katalon.core.webui.keyword.internal.WebUIKeywordMain.runKeyword(WebUIKeywordMain.groovy:26)
	at com.kms.katalon.core.webui.keyword.builtin.ClickKeyword.click(ClickKeyword.groovy:75)
	at com.kms.katalon.core.webui.keyword.builtin.ClickKeyword.execute(ClickKeyword.groovy:42)
	at com.kms.katalon.core.keyword.internal.KeywordExecutor.executeKeywordForPlatform(KeywordExecutor.groovy:73)
	at com.kms.katalon.core.webui.keyword.WebUiBuiltInKeywords.click(WebUiBuiltInKeywords.groovy:619)
	at com.kms.katalon.core.webui.keyword.WebUiBuiltInKeywords$click$3.call(Unknown Source)
	at Edit FullName.run(Edit FullName:38)
	at com.kms.katalon.core.main.ScriptEngine.run(ScriptEngine.java:194)
	at com.kms.katalon.core.main.ScriptEngine.runScriptAsRawText(ScriptEngine.java:119)
	at com.kms.katalon.core.main.TestCaseExecutor.runScript(TestCaseExecutor.java:398)
	at com.kms.katalon.core.main.TestCaseExecutor.doExecute(TestCaseExecutor.java:389)
	at com.kms.katalon.core.main.TestCaseExecutor.processExecutionPhase(TestCaseExecutor.java:368)
	at com.kms.katalon.core.main.TestCaseExecutor.accessMainPhase(TestCaseExecutor.java:360)
	at com.kms.katalon.core.main.TestCaseExecutor.execute(TestCaseExecutor.java:255)
	at com.kms.katalon.core.main.TestSuiteExecutor.accessTestCaseMainPhase(TestSuiteExecutor.java:203)
	at com.kms.katalon.core.main.TestSuiteExecutor.accessTestSuiteMainPhase(TestSuiteExecutor.java:152)
	at com.kms.katalon.core.main.TestSuiteExecutor.execute(TestSuiteExecutor.java:95)
	at com.kms.katalon.core.main.TestCaseMain.startTestSuite(TestCaseMain.java:157)
	at com.kms.katalon.core.main.TestCaseMain$startTestSuite$0.call(Unknown Source)
	at TempTestSuite1622211387486.run(TempTestSuite1622211387486.groovy:39)
Caused by: com.kms.katalon.core.webui.exception.WebElementNotFoundException: Web element with id: 'Object Repository/Edit Fullname/Page_Town Square - Fit.hcmus Mattermost/span' located by '//div[@id='headerInfo']/button/span' not found
	at com.kms.katalon.core.webui.common.WebUiCommonHelper.findWebElement(WebUiCommonHelper.java:1368)
	at com.kms.katalon.core.webui.keyword.internal.WebUIAbstractKeyword.findWebElement(WebUIAbstractKeyword.groovy:27)
	at com.kms.katalon.core.webui.keyword.internal.WebUIAbstractKeyword.findWebElement(WebUIAbstractKeyword.groovy:26)
	at com.kms.katalon.core.webui.keyword.builtin.ClickKeyword$_click_closure1.doCall(ClickKeyword.groovy:66)
	at com.kms.katalon.core.webui.keyword.builtin.ClickKeyword$_click_closure1.call(ClickKeyword.groovy)
	at com.kms.katalon.core.webui.keyword.internal.WebUIKeywordMain.runKeyword(WebUIKeywordMain.groovy:20)
	... 19 more


2021-05-28 21:22:48 - [TEST_STEP][PASSED] - openBrowser(""): Browser is opened with url: ''

2021-05-28 21:22:48 - [MESSAGE][WARNING] - A browser is already opened. Closing browser and opening a new one

2021-05-28 21:22:49 - [MESSAGE][INFO] - Starting 'Chrome' driver

2021-05-28 21:22:49 - [MESSAGE][INFO] - Action delay is set to 0 milliseconds

2021-05-28 21:22:50 - [MESSAGE][PASSED] - Browser is opened with url: ''

2021-05-28 21:22:50 - [TEST_STEP][PASSED] - navigateToUrl("https://mattermost-autotest.herokuapp.com/signin"): Navigate to 'https://mattermost-autotest.herokuapp.com/signin' successfully

2021-05-28 21:22:58 - [MESSAGE][PASSED] - Navigate to 'https://mattermost-autotest.herokuapp.com/signin' successfully

2021-05-28 21:22:58 - [TEST_STEP][PASSED] - setText(findTestObject("Object Repository/Edit Fullname/Page_Mattermost/input_All team communication in one place, _dcc84b"), username): Text 'Vo_Thanh_Phong' is set on object 'Object Repository/Edit Fullname/Page_Mattermost/input_All team communication in one place, _dcc84b'

2021-05-28 21:23:10 - [MESSAGE][PASSED] - Text 'Vo_Thanh_Phong' is set on object 'Object Repository/Edit Fullname/Page_Mattermost/input_All team communication in one place, _dcc84b'

2021-05-28 21:23:10 - [TEST_STEP][PASSED] - setEncryptedText(findTestObject("Object Repository/Edit Fullname/Page_Mattermost/input_All team communication in one place, _a3edc6"), password): Text ****** has been set on object 'Object Repository/Edit Fullname/Page_Mattermost/input_All team communication in one place, _a3edc6'

2021-05-28 21:23:10 - [MESSAGE][PASSED] - Text ****** has been set on object 'Object Repository/Edit Fullname/Page_Mattermost/input_All team communication in one place, _a3edc6'

2021-05-28 21:23:10 - [TEST_STEP][PASSED] - click(findTestObject("Object Repository/Edit Fullname/Page_Mattermost/span_Sign in")): Object: 'Object Repository/Edit Fullname/Page_Mattermost/span_Sign in' is clicked on

2021-05-28 21:23:11 - [MESSAGE][PASSED] - Object: 'Object Repository/Edit Fullname/Page_Mattermost/span_Sign in' is clicked on

2021-05-28 21:23:11 - [TEST_STEP][PASSED] - if (findTestObject("Edit Fullname/Page_Mattermost/span_Back to Mattermost")): Object: 'Object Repository/Edit Fullname/Page_Mattermost/span_Back to Mattermost' is clicked on

2021-05-28 21:23:11 - [TEST_STEP][PASSED] - click(findTestObject("Edit Fullname/Page_Mattermost/span_Back to Mattermost")): Object: 'Object Repository/Edit Fullname/Page_Mattermost/span_Back to Mattermost' is clicked on

2021-05-28 21:23:42 - [MESSAGE][INFO] - Unable to find the element located by 'By.xpath: //div[@id='root']/div/div/a/span'. Please recheck the objects properties to make sure the desired element is located. 

2021-05-28 21:23:42 - [MESSAGE][WARNING] - [SELF-HEALING] Failed to find element with id 'Object Repository/Edit Fullname/Page_Mattermost/span_Back to Mattermost'. Try using Self-healing.

2021-05-28 21:23:42 - [MESSAGE][WARNING] - [SELF-HEALING] The current locator of test object 'Object Repository/Edit Fullname/Page_Mattermost/span_Back to Mattermost' was broken. Propose an alternative one: '//a/span'.

2021-05-28 21:23:43 - [MESSAGE][PASSED] - Object: 'Object Repository/Edit Fullname/Page_Mattermost/span_Back to Mattermost' is clicked on

2021-05-28 21:23:43 - [TEST_STEP][FAILED] - click(findTestObject("Object Repository/Edit Fullname/Page_Town Square - Fit.hcmus Mattermost/span")): Unable to click on object 'Object Repository/Edit Fullname/Page_Town Square - Fit.hcmus Mattermost/span' (Root cause: com.kms.katalon.core.exception.StepFailedException: Unable to click on object 'Object Repository/Edit Fullname/Page_Town Square - Fit.hcmus Mattermost/span'
	at com.kms.katalon.core.webui.keyword.internal.WebUIKeywordMain.stepFailed(WebUIKeywordMain.groovy:64)
	at com.kms.katalon.core.webui.keyword.internal.WebUIKeywordMain.runKeyword(WebUIKeywordMain.groovy:26)
	at com.kms.katalon.core.webui.keyword.builtin.ClickKeyword.click(ClickKeyword.groovy:75)
	at com.kms.katalon.core.webui.keyword.builtin.ClickKeyword.execute(ClickKeyword.groovy:42)
	at com.kms.katalon.core.keyword.internal.KeywordExecutor.executeKeywordForPlatform(KeywordExecutor.groovy:73)
	at com.kms.katalon.core.webui.keyword.WebUiBuiltInKeywords.click(WebUiBuiltInKeywords.groovy:619)
	at com.kms.katalon.core.webui.keyword.WebUiBuiltInKeywords$click$3.call(Unknown Source)
	at Edit FullName.run(Edit FullName:38)
	at com.kms.katalon.core.main.ScriptEngine.run(ScriptEngine.java:194)
	at com.kms.katalon.core.main.ScriptEngine.runScriptAsRawText(ScriptEngine.java:119)
	at com.kms.katalon.core.main.TestCaseExecutor.runScript(TestCaseExecutor.java:398)
	at com.kms.katalon.core.main.TestCaseExecutor.doExecute(TestCaseExecutor.java:389)
	at com.kms.katalon.core.main.TestCaseExecutor.processExecutionPhase(TestCaseExecutor.java:368)
	at com.kms.katalon.core.main.TestCaseExecutor.accessMainPhase(TestCaseExecutor.java:360)
	at com.kms.katalon.core.main.TestCaseExecutor.execute(TestCaseExecutor.java:255)
	at com.kms.katalon.core.main.TestSuiteExecutor.accessTestCaseMainPhase(TestSuiteExecutor.java:203)
	at com.kms.katalon.core.main.TestSuiteExecutor.accessTestSuiteMainPhase(TestSuiteExecutor.java:152)
	at com.kms.katalon.core.main.TestSuiteExecutor.execute(TestSuiteExecutor.java:95)
	at com.kms.katalon.core.main.TestCaseMain.startTestSuite(TestCaseMain.java:157)
	at com.kms.katalon.core.main.TestCaseMain$startTestSuite$0.call(Unknown Source)
	at TempTestSuite1622211387486.run(TempTestSuite1622211387486.groovy:39)
Caused by: com.kms.katalon.core.webui.exception.WebElementNotFoundException: Web element with id: 'Object Repository/Edit Fullname/Page_Town Square - Fit.hcmus Mattermost/span' located by '//div[@id='headerInfo']/button/span' not found
	at com.kms.katalon.core.webui.common.WebUiCommonHelper.findWebElement(WebUiCommonHelper.java:1368)
	at com.kms.katalon.core.webui.keyword.internal.WebUIAbstractKeyword.findWebElement(WebUIAbstractKeyword.groovy:27)
	at com.kms.katalon.core.webui.keyword.internal.WebUIAbstractKeyword.findWebElement(WebUIAbstractKeyword.groovy:26)
	at com.kms.katalon.core.webui.keyword.builtin.ClickKeyword$_click_closure1.doCall(ClickKeyword.groovy:66)
	at com.kms.katalon.core.webui.keyword.builtin.ClickKeyword$_click_closure1.call(ClickKeyword.groovy)
	at com.kms.katalon.core.webui.keyword.internal.WebUIKeywordMain.runKeyword(WebUIKeywordMain.groovy:20)
	at com.kms.katalon.core.webui.keyword.builtin.ClickKeyword.click(ClickKeyword.groovy:75)
	at com.kms.katalon.core.webui.keyword.builtin.ClickKeyword.execute(ClickKeyword.groovy:42)
	at com.kms.katalon.core.keyword.internal.KeywordExecutor.executeKeywordForPlatform(KeywordExecutor.groovy:73)
	at com.kms.katalon.core.webui.keyword.WebUiBuiltInKeywords.click(WebUiBuiltInKeywords.groovy:619)
	at com.kms.katalon.core.webui.keyword.WebUiBuiltInKeywords$click$3.call(Unknown Source)
	at Script1622208952441.run(Script1622208952441.groovy:38)
	... 13 more
)

2021-05-28 21:24:14 - [MESSAGE][INFO] - Unable to find the element located by 'By.xpath: //div[@id='headerInfo']/button/span'. Please recheck the objects properties to make sure the desired element is located. 

2021-05-28 21:24:14 - [MESSAGE][WARNING] - [SELF-HEALING] Failed to find element with id 'Object Repository/Edit Fullname/Page_Town Square - Fit.hcmus Mattermost/span'. Try using Self-healing.

2021-05-28 21:24:16 - [MESSAGE][INFO] - [SELF-HEALING] Failed Locator: '//div[@id='headerInfo']/button/span'.

2021-05-28 21:24:18 - [MESSAGE][INFO] - [SELF-HEALING] Failed Locator: '(.//*[normalize-space(text()) and normalize-space(.)='@danguyen'])[1]/following::span[1]'.

2021-05-28 21:24:20 - [MESSAGE][INFO] - [SELF-HEALING] Failed Locator: '(.//*[normalize-space(text()) and normalize-space(.)='Fit.hcmus'])[2]/following::span[1]'.

2021-05-28 21:24:22 - [MESSAGE][INFO] - [SELF-HEALING] Failed Locator: '(.//*[normalize-space(text()) and normalize-space(.)='More Unreads'])[1]/preceding::span[1]'.

2021-05-28 21:24:23 - [MESSAGE][INFO] - [SELF-HEALING] Failed Locator: '(.//*[normalize-space(text()) and normalize-space(.)='More Unreads'])[2]/preceding::span[3]'.

2021-05-28 21:24:24 - [MESSAGE][INFO] - [SELF-HEALING] Failed Locator: '//div[4]/div/div/div[2]/div/div/button/span'.

2021-05-28 21:24:25 - [MESSAGE][INFO] - Unable to find the element located by 'By.xpath: id("headerInfo")/button[@class="style--none sidebar-header-dropdown__icon"]/span[1]'. Please recheck the objects properties to make sure the desired element is located. 

2021-05-28 21:24:26 - [MESSAGE][INFO] - Unable to find the element located by 'By.cssSelector: button.style--none.sidebar-header-dropdown__icon > span'. Please recheck the objects properties to make sure the desired element is located. 

2021-05-28 21:24:26 - [MESSAGE][FAILED] - Unable to click on object 'Object Repository/Edit Fullname/Page_Town Square - Fit.hcmus Mattermost/span' (Root cause: com.kms.katalon.core.exception.StepFailedException: Unable to click on object 'Object Repository/Edit Fullname/Page_Town Square - Fit.hcmus Mattermost/span'
	at com.kms.katalon.core.webui.keyword.internal.WebUIKeywordMain.stepFailed(WebUIKeywordMain.groovy:64)
	at com.kms.katalon.core.webui.keyword.internal.WebUIKeywordMain.runKeyword(WebUIKeywordMain.groovy:26)
	at com.kms.katalon.core.webui.keyword.builtin.ClickKeyword.click(ClickKeyword.groovy:75)
	at com.kms.katalon.core.webui.keyword.builtin.ClickKeyword.execute(ClickKeyword.groovy:42)
	at com.kms.katalon.core.keyword.internal.KeywordExecutor.executeKeywordForPlatform(KeywordExecutor.groovy:73)
	at com.kms.katalon.core.webui.keyword.WebUiBuiltInKeywords.click(WebUiBuiltInKeywords.groovy:619)
	at com.kms.katalon.core.webui.keyword.WebUiBuiltInKeywords$click$3.call(Unknown Source)
	at Edit FullName.run(Edit FullName:38)
	at com.kms.katalon.core.main.ScriptEngine.run(ScriptEngine.java:194)
	at com.kms.katalon.core.main.ScriptEngine.runScriptAsRawText(ScriptEngine.java:119)
	at com.kms.katalon.core.main.TestCaseExecutor.runScript(TestCaseExecutor.java:398)
	at com.kms.katalon.core.main.TestCaseExecutor.doExecute(TestCaseExecutor.java:389)
	at com.kms.katalon.core.main.TestCaseExecutor.processExecutionPhase(TestCaseExecutor.java:368)
	at com.kms.katalon.core.main.TestCaseExecutor.accessMainPhase(TestCaseExecutor.java:360)
	at com.kms.katalon.core.main.TestCaseExecutor.execute(TestCaseExecutor.java:255)
	at com.kms.katalon.core.main.TestSuiteExecutor.accessTestCaseMainPhase(TestSuiteExecutor.java:203)
	at com.kms.katalon.core.main.TestSuiteExecutor.accessTestSuiteMainPhase(TestSuiteExecutor.java:152)
	at com.kms.katalon.core.main.TestSuiteExecutor.execute(TestSuiteExecutor.java:95)
	at com.kms.katalon.core.main.TestCaseMain.startTestSuite(TestCaseMain.java:157)
	at com.kms.katalon.core.main.TestCaseMain$startTestSuite$0.call(Unknown Source)
	at TempTestSuite1622211387486.run(TempTestSuite1622211387486.groovy:39)
Caused by: com.kms.katalon.core.webui.exception.WebElementNotFoundException: Web element with id: 'Object Repository/Edit Fullname/Page_Town Square - Fit.hcmus Mattermost/span' located by '//div[@id='headerInfo']/button/span' not found
	at com.kms.katalon.core.webui.common.WebUiCommonHelper.findWebElement(WebUiCommonHelper.java:1368)
	at com.kms.katalon.core.webui.keyword.internal.WebUIAbstractKeyword.findWebElement(WebUIAbstractKeyword.groovy:27)
	at com.kms.katalon.core.webui.keyword.internal.WebUIAbstractKeyword.findWebElement(WebUIAbstractKeyword.groovy:26)
	at com.kms.katalon.core.webui.keyword.builtin.ClickKeyword$_click_closure1.doCall(ClickKeyword.groovy:66)
	at com.kms.katalon.core.webui.keyword.builtin.ClickKeyword$_click_closure1.call(ClickKeyword.groovy)
	at com.kms.katalon.core.webui.keyword.internal.WebUIKeywordMain.runKeyword(WebUIKeywordMain.groovy:20)
	at com.kms.katalon.core.webui.keyword.builtin.ClickKeyword.click(ClickKeyword.groovy:75)
	at com.kms.katalon.core.webui.keyword.builtin.ClickKeyword.execute(ClickKeyword.groovy:42)
	at com.kms.katalon.core.keyword.internal.KeywordExecutor.executeKeywordForPlatform(KeywordExecutor.groovy:73)
	at com.kms.katalon.core.webui.keyword.WebUiBuiltInKeywords.click(WebUiBuiltInKeywords.groovy:619)
	at com.kms.katalon.core.webui.keyword.WebUiBuiltInKeywords$click$3.call(Unknown Source)
	at Script1622208952441.run(Script1622208952441.groovy:38)
	... 13 more
)
[[ATTACHMENT|C:\\Users\\dell\\Katalon Studio\\Mattermost\\Reports\\20210528_211627\\Edit_FullName\\20210528_211627\\1622211866467.png]]]]></system-out>
         <system-err><![CDATA[2021-05-28 21:22:48 - [TEST_CASE][FAILED] - Test Cases/Edit FullName: Test Cases/Edit FullName FAILED.
Reason:
com.kms.katalon.core.exception.StepFailedException: Unable to click on object 'Object Repository/Edit Fullname/Page_Town Square - Fit.hcmus Mattermost/span'
	at com.kms.katalon.core.webui.keyword.internal.WebUIKeywordMain.stepFailed(WebUIKeywordMain.groovy:64)
	at com.kms.katalon.core.webui.keyword.internal.WebUIKeywordMain.runKeyword(WebUIKeywordMain.groovy:26)
	at com.kms.katalon.core.webui.keyword.builtin.ClickKeyword.click(ClickKeyword.groovy:75)
	at com.kms.katalon.core.webui.keyword.builtin.ClickKeyword.execute(ClickKeyword.groovy:42)
	at com.kms.katalon.core.keyword.internal.KeywordExecutor.executeKeywordForPlatform(KeywordExecutor.groovy:73)
	at com.kms.katalon.core.webui.keyword.WebUiBuiltInKeywords.click(WebUiBuiltInKeywords.groovy:619)
	at com.kms.katalon.core.webui.keyword.WebUiBuiltInKeywords$click$3.call(Unknown Source)
	at Edit FullName.run(Edit FullName:38)
	at com.kms.katalon.core.main.ScriptEngine.run(ScriptEngine.java:194)
	at com.kms.katalon.core.main.ScriptEngine.runScriptAsRawText(ScriptEngine.java:119)
	at com.kms.katalon.core.main.TestCaseExecutor.runScript(TestCaseExecutor.java:398)
	at com.kms.katalon.core.main.TestCaseExecutor.doExecute(TestCaseExecutor.java:389)
	at com.kms.katalon.core.main.TestCaseExecutor.processExecutionPhase(TestCaseExecutor.java:368)
	at com.kms.katalon.core.main.TestCaseExecutor.accessMainPhase(TestCaseExecutor.java:360)
	at com.kms.katalon.core.main.TestCaseExecutor.execute(TestCaseExecutor.java:255)
	at com.kms.katalon.core.main.TestSuiteExecutor.accessTestCaseMainPhase(TestSuiteExecutor.java:203)
	at com.kms.katalon.core.main.TestSuiteExecutor.accessTestSuiteMainPhase(TestSuiteExecutor.java:152)
	at com.kms.katalon.core.main.TestSuiteExecutor.execute(TestSuiteExecutor.java:95)
	at com.kms.katalon.core.main.TestCaseMain.startTestSuite(TestCaseMain.java:157)
	at com.kms.katalon.core.main.TestCaseMain$startTestSuite$0.call(Unknown Source)
	at TempTestSuite1622211387486.run(TempTestSuite1622211387486.groovy:39)
Caused by: com.kms.katalon.core.webui.exception.WebElementNotFoundException: Web element with id: 'Object Repository/Edit Fullname/Page_Town Square - Fit.hcmus Mattermost/span' located by '//div[@id='headerInfo']/button/span' not found
	at com.kms.katalon.core.webui.common.WebUiCommonHelper.findWebElement(WebUiCommonHelper.java:1368)
	at com.kms.katalon.core.webui.keyword.internal.WebUIAbstractKeyword.findWebElement(WebUIAbstractKeyword.groovy:27)
	at com.kms.katalon.core.webui.keyword.internal.WebUIAbstractKeyword.findWebElement(WebUIAbstractKeyword.groovy:26)
	at com.kms.katalon.core.webui.keyword.builtin.ClickKeyword$_click_closure1.doCall(ClickKeyword.groovy:66)
	at com.kms.katalon.core.webui.keyword.builtin.ClickKeyword$_click_closure1.call(ClickKeyword.groovy)
	at com.kms.katalon.core.webui.keyword.internal.WebUIKeywordMain.runKeyword(WebUIKeywordMain.groovy:20)
	... 19 more]]></system-err>
      </testcase>
      <system-out><![CDATA[2021-05-28 21:16:49 - [TEST_SUITE][FAILED] - Edit_FullName: Test Cases/Edit FullName FAILED.
Reason:
com.kms.katalon.core.exception.StepFailedException: Unable to click on object 'Object Repository/Edit Fullname/Page_Town Square - Fit.hcmus Mattermost/span'
	at com.kms.katalon.core.webui.keyword.internal.WebUIKeywordMain.stepFailed(WebUIKeywordMain.groovy:64)
	at com.kms.katalon.core.webui.keyword.internal.WebUIKeywordMain.runKeyword(WebUIKeywordMain.groovy:26)
	at com.kms.katalon.core.webui.keyword.builtin.ClickKeyword.click(ClickKeyword.groovy:75)
	at com.kms.katalon.core.webui.keyword.builtin.ClickKeyword.execute(ClickKeyword.groovy:42)
	at com.kms.katalon.core.keyword.internal.KeywordExecutor.executeKeywordForPlatform(KeywordExecutor.groovy:73)
	at com.kms.katalon.core.webui.keyword.WebUiBuiltInKeywords.click(WebUiBuiltInKeywords.groovy:619)
	at com.kms.katalon.core.webui.keyword.WebUiBuiltInKeywords$click$3.call(Unknown Source)
	at Edit FullName.run(Edit FullName:38)
	at com.kms.katalon.core.main.ScriptEngine.run(ScriptEngine.java:194)
	at com.kms.katalon.core.main.ScriptEngine.runScriptAsRawText(ScriptEngine.java:119)
	at com.kms.katalon.core.main.TestCaseExecutor.runScript(TestCaseExecutor.java:398)
	at com.kms.katalon.core.main.TestCaseExecutor.doExecute(TestCaseExecutor.java:389)
	at com.kms.katalon.core.main.TestCaseExecutor.processExecutionPhase(TestCaseExecutor.java:368)
	at com.kms.katalon.core.main.TestCaseExecutor.accessMainPhase(TestCaseExecutor.java:360)
	at com.kms.katalon.core.main.TestCaseExecutor.execute(TestCaseExecutor.java:255)
	at com.kms.katalon.core.main.TestSuiteExecutor.accessTestCaseMainPhase(TestSuiteExecutor.java:203)
	at com.kms.katalon.core.main.TestSuiteExecutor.accessTestSuiteMainPhase(TestSuiteExecutor.java:152)
	at com.kms.katalon.core.main.TestSuiteExecutor.execute(TestSuiteExecutor.java:95)
	at com.kms.katalon.core.main.TestCaseMain.startTestSuite(TestCaseMain.java:157)
	at com.kms.katalon.core.main.TestCaseMain$startTestSuite$0.call(Unknown Source)
	at TempTestSuite1622211387486.run(TempTestSuite1622211387486.groovy:39)
Caused by: com.kms.katalon.core.webui.exception.WebElementNotFoundException: Web element with id: 'Object Repository/Edit Fullname/Page_Town Square - Fit.hcmus Mattermost/span' located by '//div[@id='headerInfo']/button/span' not found
	at com.kms.katalon.core.webui.common.WebUiCommonHelper.findWebElement(WebUiCommonHelper.java:1368)
	at com.kms.katalon.core.webui.keyword.internal.WebUIAbstractKeyword.findWebElement(WebUIAbstractKeyword.groovy:27)
	at com.kms.katalon.core.webui.keyword.internal.WebUIAbstractKeyword.findWebElement(WebUIAbstractKeyword.groovy:26)
	at com.kms.katalon.core.webui.keyword.builtin.ClickKeyword$_click_closure1.doCall(ClickKeyword.groovy:66)
	at com.kms.katalon.core.webui.keyword.builtin.ClickKeyword$_click_closure1.call(ClickKeyword.groovy)
	at com.kms.katalon.core.webui.keyword.internal.WebUIKeywordMain.runKeyword(WebUIKeywordMain.groovy:20)
	... 19 more]]></system-out>
      <system-err><![CDATA[2021-05-28 21:16:49 - [TEST_SUITE][FAILED] - Edit_FullName: Test Cases/Edit FullName FAILED.
Reason:
com.kms.katalon.core.exception.StepFailedException: Unable to click on object 'Object Repository/Edit Fullname/Page_Town Square - Fit.hcmus Mattermost/span'
	at com.kms.katalon.core.webui.keyword.internal.WebUIKeywordMain.stepFailed(WebUIKeywordMain.groovy:64)
	at com.kms.katalon.core.webui.keyword.internal.WebUIKeywordMain.runKeyword(WebUIKeywordMain.groovy:26)
	at com.kms.katalon.core.webui.keyword.builtin.ClickKeyword.click(ClickKeyword.groovy:75)
	at com.kms.katalon.core.webui.keyword.builtin.ClickKeyword.execute(ClickKeyword.groovy:42)
	at com.kms.katalon.core.keyword.internal.KeywordExecutor.executeKeywordForPlatform(KeywordExecutor.groovy:73)
	at com.kms.katalon.core.webui.keyword.WebUiBuiltInKeywords.click(WebUiBuiltInKeywords.groovy:619)
	at com.kms.katalon.core.webui.keyword.WebUiBuiltInKeywords$click$3.call(Unknown Source)
	at Edit FullName.run(Edit FullName:38)
	at com.kms.katalon.core.main.ScriptEngine.run(ScriptEngine.java:194)
	at com.kms.katalon.core.main.ScriptEngine.runScriptAsRawText(ScriptEngine.java:119)
	at com.kms.katalon.core.main.TestCaseExecutor.runScript(TestCaseExecutor.java:398)
	at com.kms.katalon.core.main.TestCaseExecutor.doExecute(TestCaseExecutor.java:389)
	at com.kms.katalon.core.main.TestCaseExecutor.processExecutionPhase(TestCaseExecutor.java:368)
	at com.kms.katalon.core.main.TestCaseExecutor.accessMainPhase(TestCaseExecutor.java:360)
	at com.kms.katalon.core.main.TestCaseExecutor.execute(TestCaseExecutor.java:255)
	at com.kms.katalon.core.main.TestSuiteExecutor.accessTestCaseMainPhase(TestSuiteExecutor.java:203)
	at com.kms.katalon.core.main.TestSuiteExecutor.accessTestSuiteMainPhase(TestSuiteExecutor.java:152)
	at com.kms.katalon.core.main.TestSuiteExecutor.execute(TestSuiteExecutor.java:95)
	at com.kms.katalon.core.main.TestCaseMain.startTestSuite(TestCaseMain.java:157)
	at com.kms.katalon.core.main.TestCaseMain$startTestSuite$0.call(Unknown Source)
	at TempTestSuite1622211387486.run(TempTestSuite1622211387486.groovy:39)
Caused by: com.kms.katalon.core.webui.exception.WebElementNotFoundException: Web element with id: 'Object Repository/Edit Fullname/Page_Town Square - Fit.hcmus Mattermost/span' located by '//div[@id='headerInfo']/button/span' not found
	at com.kms.katalon.core.webui.common.WebUiCommonHelper.findWebElement(WebUiCommonHelper.java:1368)
	at com.kms.katalon.core.webui.keyword.internal.WebUIAbstractKeyword.findWebElement(WebUIAbstractKeyword.groovy:27)
	at com.kms.katalon.core.webui.keyword.internal.WebUIAbstractKeyword.findWebElement(WebUIAbstractKeyword.groovy:26)
	at com.kms.katalon.core.webui.keyword.builtin.ClickKeyword$_click_closure1.doCall(ClickKeyword.groovy:66)
	at com.kms.katalon.core.webui.keyword.builtin.ClickKeyword$_click_closure1.call(ClickKeyword.groovy)
	at com.kms.katalon.core.webui.keyword.internal.WebUIKeywordMain.runKeyword(WebUIKeywordMain.groovy:20)
	... 19 more]]></system-err>
   </testsuite>
</testsuites>
