<?xml version="1.0" encoding="UTF-8"?>
<testsuites name="Edit_FullName" time="314.49" tests="5" failures="3" errors="0">
   <testsuite name="Edit_FullName" tests="5" failures="3" errors="0" time="314.49" skipped="0" timestamp="2021-05-28 21:40:18" hostname="dell - DESKTOP-I6PT8CN.mshome.net" id="Test Suites/Edit_FullName">
      <properties>
         <property name="deviceName" value=""/>
         <property name="devicePlatform" value=""/>
         <property name="logFolder" value="C:\\Users\\dell\\Katalon Studio\\Mattermost\\Reports\\20210528_214006\\Edit_FullName\\20210528_214006"/>
         <property name="logFiles" value="C:\\Users\\dell\\Katalon Studio\\Mattermost\\Reports\\20210528_214006\\Edit_FullName\\20210528_214006\\execution0.log"/>
         <property name="attachments" value="C:\\Users\\dell\\Katalon Studio\\Mattermost\\Reports\\20210528_214006\\Edit_FullName\\20210528_214006\\1622212964203.png, C:\\Users\\dell\\Katalon Studio\\Mattermost\\Reports\\20210528_214006\\Edit_FullName\\20210528_214006\\1622213048439.png, C:\\Users\\dell\\Katalon Studio\\Mattermost\\Reports\\20210528_214006\\Edit_FullName\\20210528_214006\\1622213131887.png"/>
         <property name="hostName" value="dell - DESKTOP-I6PT8CN.mshome.net"/>
         <property name="os" value="Windows 10 64bit"/>
         <property name="katalonVersion" value="8.0.0.208"/>
         <property name="browser" value="Chrome 90.0.4430.212"/>
         <property name="hostAddress" value="172.21.96.1"/>
         <property name="sessionId" value="648e396b6d7d14da1dd778d600775250"/>
         <property name="seleniumVersion" value="3.141.59"/>
         <property name="proxyInformation" value="ProxyInformation { proxyOption=NO_PROXY, proxyServerType=HTTP, username=, password=********, proxyServerAddress=, proxyServerPort=0, executionList=&quot;&quot;, isApplyToDesiredCapabilities=true }"/>
         <property name="platform" value="Windows 10"/>
      </properties>
      <testcase name="Test Cases/Edit FullName" time="101.604" classname="Test Cases/Edit FullName" status="PASSED">
         <system-out><![CDATA[2021-05-28 21:40:19 - [TEST_CASE][PASSED] - Test Cases/Edit FullName: Test Cases/Edit FullName

2021-05-28 21:40:20 - [TEST_STEP][PASSED] - openBrowser(""): Browser is opened with url: ''

2021-05-28 21:40:20 - [MESSAGE][INFO] - Starting 'Chrome' driver

2021-05-28 21:40:20 - [MESSAGE][INFO] - Action delay is set to 0 milliseconds

2021-05-28 21:40:22 - [MESSAGE][PASSED] - Browser is opened with url: ''

2021-05-28 21:40:22 - [TEST_STEP][PASSED] - navigateToUrl("https://mattermost-autotest.herokuapp.com/signin"): Navigate to 'https://mattermost-autotest.herokuapp.com/signin' successfully

2021-05-28 21:41:02 - [MESSAGE][PASSED] - Navigate to 'https://mattermost-autotest.herokuapp.com/signin' successfully

2021-05-28 21:41:02 - [TEST_STEP][PASSED] - setText(findTestObject("Object Repository/Edit Fullname/Page_Mattermost/input_All team communication in one place, _dcc84b"), username): Text 'Uyen' is set on object 'Object Repository/Edit Fullname/Page_Mattermost/input_All team communication in one place, _dcc84b'

2021-05-28 21:41:38 - [MESSAGE][INFO] - Unable to find the element located by 'By.xpath: //input[@id='loginId']'. Please recheck the objects properties to make sure the desired element is located. 

2021-05-28 21:41:38 - [MESSAGE][WARNING] - [SELF-HEALING] Failed to find element with id 'Object Repository/Edit Fullname/Page_Mattermost/input_All team communication in one place, _dcc84b'. Try using Self-healing.

2021-05-28 21:41:38 - [MESSAGE][INFO] - [SELF-HEALING] Failed Locator: '//input[@id='loginId']'.

2021-05-28 21:41:38 - [MESSAGE][INFO] - [SELF-HEALING] Failed Locator: '//div[@id='login_section']/div/div[2]/div/form/div/div/input'.

2021-05-28 21:41:39 - [MESSAGE][INFO] - [SELF-HEALING] Failed Locator: '//input'.

2021-05-28 21:41:39 - [MESSAGE][INFO] - [SELF-HEALING] Failed Locator: '//input[@id='loginId']'.

2021-05-28 21:41:39 - [MESSAGE][INFO] - [SELF-HEALING] Failed Locator: '//div[@id='login_section']/div/div[2]/div/form/div/div/input'.

2021-05-28 21:41:40 - [MESSAGE][INFO] - [SELF-HEALING] Failed Locator: '//input'.

2021-05-28 21:41:43 - [MESSAGE][INFO] - [SELF-HEALING] Screenshot: C:/Users/dell/Katalon Studio/Mattermost/Reports/Self-healing/Object Repository/Edit Fullname/Page_Mattermost/input_All team communication in one place, _dcc84b_BASIC.png

2021-05-28 21:41:43 - [MESSAGE][WARNING] - [SELF-HEALING] The current locator of test object 'Object Repository/Edit Fullname/Page_Mattermost/input_All team communication in one place, _dcc84b' was broken. Propose an alternative one: '//*[@id = 'loginId' and @name = 'loginId' and @placeholder = 'Email or Username']'.

2021-05-28 21:41:44 - [MESSAGE][PASSED] - Text 'Uyen' is set on object 'Object Repository/Edit Fullname/Page_Mattermost/input_All team communication in one place, _dcc84b'

2021-05-28 21:41:44 - [TEST_STEP][PASSED] - setEncryptedText(findTestObject("Object Repository/Edit Fullname/Page_Mattermost/input_All team communication in one place, _a3edc6"), password): Text ****** has been set on object 'Object Repository/Edit Fullname/Page_Mattermost/input_All team communication in one place, _a3edc6'

2021-05-28 21:41:44 - [MESSAGE][PASSED] - Text ****** has been set on object 'Object Repository/Edit Fullname/Page_Mattermost/input_All team communication in one place, _a3edc6'

2021-05-28 21:41:44 - [TEST_STEP][PASSED] - click(findTestObject("Object Repository/Edit Fullname/Page_Mattermost/span_Sign in")): Object: 'Object Repository/Edit Fullname/Page_Mattermost/span_Sign in' is clicked on

2021-05-28 21:41:45 - [MESSAGE][PASSED] - Object: 'Object Repository/Edit Fullname/Page_Mattermost/span_Sign in' is clicked on

2021-05-28 21:41:45 - [TEST_STEP][PASSED] - if (findTestObject("Edit Fullname/Page_Mattermost/span_Back to Mattermost")): Object: 'Object Repository/Edit Fullname/Page_Mattermost/span_Back to Mattermost' is clicked on

2021-05-28 21:41:45 - [TEST_STEP][PASSED] - click(findTestObject("Edit Fullname/Page_Mattermost/span_Back to Mattermost")): Object: 'Object Repository/Edit Fullname/Page_Mattermost/span_Back to Mattermost' is clicked on

2021-05-28 21:41:53 - [MESSAGE][PASSED] - Object: 'Object Repository/Edit Fullname/Page_Mattermost/span_Back to Mattermost' is clicked on

2021-05-28 21:41:53 - [TEST_STEP][PASSED] - click(findTestObject("Object Repository/Edit Fullname/Page_Town Square - mattermost Mattermost/span")): Object: 'Object Repository/Edit Fullname/Page_Town Square - mattermost Mattermost/span' is clicked on

2021-05-28 21:41:56 - [MESSAGE][PASSED] - Object: 'Object Repository/Edit Fullname/Page_Town Square - mattermost Mattermost/span' is clicked on

2021-05-28 21:41:56 - [TEST_STEP][PASSED] - click(findTestObject("Object Repository/Edit Fullname/Page_Town Square - Fit.hcmus Mattermost/button_Account Settings")): Object: 'Object Repository/Edit Fullname/Page_Town Square - Fit.hcmus Mattermost/button_Account Settings' is clicked on

2021-05-28 21:41:57 - [MESSAGE][PASSED] - Object: 'Object Repository/Edit Fullname/Page_Town Square - Fit.hcmus Mattermost/button_Account Settings' is clicked on

2021-05-28 21:41:57 - [TEST_STEP][PASSED] - click(findTestObject("Object Repository/Edit Fullname/Page_Town Square - Fit.hcmus Mattermost/span_Edit")): Object: 'Object Repository/Edit Fullname/Page_Town Square - Fit.hcmus Mattermost/span_Edit' is clicked on

2021-05-28 21:41:58 - [MESSAGE][PASSED] - Object: 'Object Repository/Edit Fullname/Page_Town Square - Fit.hcmus Mattermost/span_Edit' is clicked on

2021-05-28 21:41:58 - [TEST_STEP][PASSED] - setText(findTestObject("Object Repository/Edit Fullname/Page_Town Square - Fit.hcmus Mattermost/input_First Name_firstName"), firstName): Text 'Uyen' is set on object 'Object Repository/Edit Fullname/Page_Town Square - Fit.hcmus Mattermost/input_First Name_firstName'

2021-05-28 21:41:58 - [MESSAGE][PASSED] - Text 'Uyen' is set on object 'Object Repository/Edit Fullname/Page_Town Square - Fit.hcmus Mattermost/input_First Name_firstName'

2021-05-28 21:41:58 - [TEST_STEP][PASSED] - setText(findTestObject("Object Repository/Edit Fullname/Page_Town Square - Fit.hcmus Mattermost/input_Last Name_lastName"), lastName): Text 'Dang' is set on object 'Object Repository/Edit Fullname/Page_Town Square - Fit.hcmus Mattermost/input_Last Name_lastName'

2021-05-28 21:41:59 - [MESSAGE][PASSED] - Text 'Dang' is set on object 'Object Repository/Edit Fullname/Page_Town Square - Fit.hcmus Mattermost/input_Last Name_lastName'

2021-05-28 21:41:59 - [TEST_STEP][PASSED] - click(findTestObject("Object Repository/Edit Fullname/Page_Town Square - Fit.hcmus Mattermost/button_Save")): Object: 'Object Repository/Edit Fullname/Page_Town Square - Fit.hcmus Mattermost/button_Save' is clicked on

2021-05-28 21:42:00 - [MESSAGE][PASSED] - Object: 'Object Repository/Edit Fullname/Page_Town Square - Fit.hcmus Mattermost/button_Save' is clicked on

2021-05-28 21:42:00 - [TEST_STEP][PASSED] - verifyElementPresent(findTestObject("Edit Fullname/Page_Town Square - Fit.hcmus Mattermost/span_General Settings"), 0): Object 'Object Repository/Edit Fullname/Page_Town Square - Fit.hcmus Mattermost/span_General Settings' is present

2021-05-28 21:42:00 - [MESSAGE][WARNING] - Timeout '0' is invalid. Using default page load timeout: '30'

2021-05-28 21:42:00 - [MESSAGE][PASSED] - Object 'Object Repository/Edit Fullname/Page_Town Square - Fit.hcmus Mattermost/span_General Settings' is present

2021-05-28 21:42:00 - [TEST_STEP][PASSED] - closeBrowser(): Browser is closed

2021-05-28 21:42:01 - [MESSAGE][PASSED] - Browser is closed]]></system-out>
         <system-err><![CDATA[]]></system-err>
      </testcase>
      <testcase name="Test Cases/Edit FullName" time="42.906" classname="Test Cases/Edit FullName" status="FAILED">
         <failure type="FAILED" message="Test Cases/Edit FullName FAILED.
Reason:
com.kms.katalon.core.exception.StepFailedException: Unable to set text 'DangUyen' of object 'Object Repository/Edit Fullname/Page_Mattermost/input_All team communication in one place, _dcc84b'
	at com.kms.katalon.core.webui.keyword.internal.WebUIKeywordMain.stepFailed(WebUIKeywordMain.groovy:64)
	at com.kms.katalon.core.webui.keyword.internal.WebUIKeywordMain.runKeyword(WebUIKeywordMain.groovy:26)
	at com.kms.katalon.core.webui.keyword.builtin.SetTextKeyword.setText(SetTextKeyword.groovy:66)
	at com.kms.katalon.core.webui.keyword.builtin.SetTextKeyword.execute(SetTextKeyword.groovy:37)
	at com.kms.katalon.core.keyword.internal.KeywordExecutor.executeKeywordForPlatform(KeywordExecutor.groovy:73)
	at com.kms.katalon.core.webui.keyword.WebUiBuiltInKeywords.setText(WebUiBuiltInKeywords.groovy:979)
	at com.kms.katalon.core.webui.keyword.WebUiBuiltInKeywords$setText$1.call(Unknown Source)
	at Edit FullName.run(Edit FullName:24)
	at com.kms.katalon.core.main.ScriptEngine.run(ScriptEngine.java:194)
	at com.kms.katalon.core.main.ScriptEngine.runScriptAsRawText(ScriptEngine.java:119)
	at com.kms.katalon.core.main.TestCaseExecutor.runScript(TestCaseExecutor.java:398)
	at com.kms.katalon.core.main.TestCaseExecutor.doExecute(TestCaseExecutor.java:389)
	at com.kms.katalon.core.main.TestCaseExecutor.processExecutionPhase(TestCaseExecutor.java:368)
	at com.kms.katalon.core.main.TestCaseExecutor.accessMainPhase(TestCaseExecutor.java:360)
	at com.kms.katalon.core.main.TestCaseExecutor.execute(TestCaseExecutor.java:255)
	at com.kms.katalon.core.main.TestSuiteExecutor.accessTestCaseMainPhase(TestSuiteExecutor.java:203)
	at com.kms.katalon.core.main.TestSuiteExecutor.accessTestSuiteMainPhase(TestSuiteExecutor.java:152)
	at com.kms.katalon.core.main.TestSuiteExecutor.execute(TestSuiteExecutor.java:95)
	at com.kms.katalon.core.main.TestCaseMain.startTestSuite(TestCaseMain.java:157)
	at com.kms.katalon.core.main.TestCaseMain$startTestSuite$0.call(Unknown Source)
	at TempTestSuite1622212806446.run(TempTestSuite1622212806446.groovy:39)
Caused by: com.kms.katalon.core.webui.exception.WebElementNotFoundException: Web element with id: 'Object Repository/Edit Fullname/Page_Mattermost/input_All team communication in one place, _dcc84b' located by '//input[@id='loginId']' not found
	at com.kms.katalon.core.webui.common.WebUiCommonHelper.findWebElement(WebUiCommonHelper.java:1368)
	at com.kms.katalon.core.webui.keyword.internal.WebUIAbstractKeyword.findWebElement(WebUIAbstractKeyword.groovy:27)
	at com.kms.katalon.core.webui.keyword.internal.WebUIAbstractKeyword.findWebElement(WebUIAbstractKeyword.groovy:26)
	at com.kms.katalon.core.webui.keyword.builtin.SetTextKeyword$_setText_closure1.doCall(SetTextKeyword.groovy:51)
	at com.kms.katalon.core.webui.keyword.builtin.SetTextKeyword$_setText_closure1.call(SetTextKeyword.groovy)
	at com.kms.katalon.core.webui.keyword.internal.WebUIKeywordMain.runKeyword(WebUIKeywordMain.groovy:20)
	... 19 more
"/>
         <system-out><![CDATA[2021-05-28 21:42:01 - [TEST_CASE][FAILED] - Test Cases/Edit FullName: Test Cases/Edit FullName FAILED.
Reason:
com.kms.katalon.core.exception.StepFailedException: Unable to set text 'DangUyen' of object 'Object Repository/Edit Fullname/Page_Mattermost/input_All team communication in one place, _dcc84b'
	at com.kms.katalon.core.webui.keyword.internal.WebUIKeywordMain.stepFailed(WebUIKeywordMain.groovy:64)
	at com.kms.katalon.core.webui.keyword.internal.WebUIKeywordMain.runKeyword(WebUIKeywordMain.groovy:26)
	at com.kms.katalon.core.webui.keyword.builtin.SetTextKeyword.setText(SetTextKeyword.groovy:66)
	at com.kms.katalon.core.webui.keyword.builtin.SetTextKeyword.execute(SetTextKeyword.groovy:37)
	at com.kms.katalon.core.keyword.internal.KeywordExecutor.executeKeywordForPlatform(KeywordExecutor.groovy:73)
	at com.kms.katalon.core.webui.keyword.WebUiBuiltInKeywords.setText(WebUiBuiltInKeywords.groovy:979)
	at com.kms.katalon.core.webui.keyword.WebUiBuiltInKeywords$setText$1.call(Unknown Source)
	at Edit FullName.run(Edit FullName:24)
	at com.kms.katalon.core.main.ScriptEngine.run(ScriptEngine.java:194)
	at com.kms.katalon.core.main.ScriptEngine.runScriptAsRawText(ScriptEngine.java:119)
	at com.kms.katalon.core.main.TestCaseExecutor.runScript(TestCaseExecutor.java:398)
	at com.kms.katalon.core.main.TestCaseExecutor.doExecute(TestCaseExecutor.java:389)
	at com.kms.katalon.core.main.TestCaseExecutor.processExecutionPhase(TestCaseExecutor.java:368)
	at com.kms.katalon.core.main.TestCaseExecutor.accessMainPhase(TestCaseExecutor.java:360)
	at com.kms.katalon.core.main.TestCaseExecutor.execute(TestCaseExecutor.java:255)
	at com.kms.katalon.core.main.TestSuiteExecutor.accessTestCaseMainPhase(TestSuiteExecutor.java:203)
	at com.kms.katalon.core.main.TestSuiteExecutor.accessTestSuiteMainPhase(TestSuiteExecutor.java:152)
	at com.kms.katalon.core.main.TestSuiteExecutor.execute(TestSuiteExecutor.java:95)
	at com.kms.katalon.core.main.TestCaseMain.startTestSuite(TestCaseMain.java:157)
	at com.kms.katalon.core.main.TestCaseMain$startTestSuite$0.call(Unknown Source)
	at TempTestSuite1622212806446.run(TempTestSuite1622212806446.groovy:39)
Caused by: com.kms.katalon.core.webui.exception.WebElementNotFoundException: Web element with id: 'Object Repository/Edit Fullname/Page_Mattermost/input_All team communication in one place, _dcc84b' located by '//input[@id='loginId']' not found
	at com.kms.katalon.core.webui.common.WebUiCommonHelper.findWebElement(WebUiCommonHelper.java:1368)
	at com.kms.katalon.core.webui.keyword.internal.WebUIAbstractKeyword.findWebElement(WebUIAbstractKeyword.groovy:27)
	at com.kms.katalon.core.webui.keyword.internal.WebUIAbstractKeyword.findWebElement(WebUIAbstractKeyword.groovy:26)
	at com.kms.katalon.core.webui.keyword.builtin.SetTextKeyword$_setText_closure1.doCall(SetTextKeyword.groovy:51)
	at com.kms.katalon.core.webui.keyword.builtin.SetTextKeyword$_setText_closure1.call(SetTextKeyword.groovy)
	at com.kms.katalon.core.webui.keyword.internal.WebUIKeywordMain.runKeyword(WebUIKeywordMain.groovy:20)
	... 19 more


2021-05-28 21:42:01 - [TEST_STEP][PASSED] - openBrowser(""): Browser is opened with url: ''

2021-05-28 21:42:01 - [MESSAGE][INFO] - Starting 'Chrome' driver

2021-05-28 21:42:01 - [MESSAGE][INFO] - Action delay is set to 0 milliseconds

2021-05-28 21:42:02 - [MESSAGE][PASSED] - Browser is opened with url: ''

2021-05-28 21:42:02 - [TEST_STEP][PASSED] - navigateToUrl("https://mattermost-autotest.herokuapp.com/signin"): Navigate to 'https://mattermost-autotest.herokuapp.com/signin' successfully

2021-05-28 21:42:07 - [MESSAGE][PASSED] - Navigate to 'https://mattermost-autotest.herokuapp.com/signin' successfully

2021-05-28 21:42:07 - [TEST_STEP][FAILED] - setText(findTestObject("Object Repository/Edit Fullname/Page_Mattermost/input_All team communication in one place, _dcc84b"), username): Unable to set text 'DangUyen' of object 'Object Repository/Edit Fullname/Page_Mattermost/input_All team communication in one place, _dcc84b' (Root cause: com.kms.katalon.core.exception.StepFailedException: Unable to set text 'DangUyen' of object 'Object Repository/Edit Fullname/Page_Mattermost/input_All team communication in one place, _dcc84b'
	at com.kms.katalon.core.webui.keyword.internal.WebUIKeywordMain.stepFailed(WebUIKeywordMain.groovy:64)
	at com.kms.katalon.core.webui.keyword.internal.WebUIKeywordMain.runKeyword(WebUIKeywordMain.groovy:26)
	at com.kms.katalon.core.webui.keyword.builtin.SetTextKeyword.setText(SetTextKeyword.groovy:66)
	at com.kms.katalon.core.webui.keyword.builtin.SetTextKeyword.execute(SetTextKeyword.groovy:37)
	at com.kms.katalon.core.keyword.internal.KeywordExecutor.executeKeywordForPlatform(KeywordExecutor.groovy:73)
	at com.kms.katalon.core.webui.keyword.WebUiBuiltInKeywords.setText(WebUiBuiltInKeywords.groovy:979)
	at com.kms.katalon.core.webui.keyword.WebUiBuiltInKeywords$setText$1.call(Unknown Source)
	at Edit FullName.run(Edit FullName:24)
	at com.kms.katalon.core.main.ScriptEngine.run(ScriptEngine.java:194)
	at com.kms.katalon.core.main.ScriptEngine.runScriptAsRawText(ScriptEngine.java:119)
	at com.kms.katalon.core.main.TestCaseExecutor.runScript(TestCaseExecutor.java:398)
	at com.kms.katalon.core.main.TestCaseExecutor.doExecute(TestCaseExecutor.java:389)
	at com.kms.katalon.core.main.TestCaseExecutor.processExecutionPhase(TestCaseExecutor.java:368)
	at com.kms.katalon.core.main.TestCaseExecutor.accessMainPhase(TestCaseExecutor.java:360)
	at com.kms.katalon.core.main.TestCaseExecutor.execute(TestCaseExecutor.java:255)
	at com.kms.katalon.core.main.TestSuiteExecutor.accessTestCaseMainPhase(TestSuiteExecutor.java:203)
	at com.kms.katalon.core.main.TestSuiteExecutor.accessTestSuiteMainPhase(TestSuiteExecutor.java:152)
	at com.kms.katalon.core.main.TestSuiteExecutor.execute(TestSuiteExecutor.java:95)
	at com.kms.katalon.core.main.TestCaseMain.startTestSuite(TestCaseMain.java:157)
	at com.kms.katalon.core.main.TestCaseMain$startTestSuite$0.call(Unknown Source)
	at TempTestSuite1622212806446.run(TempTestSuite1622212806446.groovy:39)
Caused by: com.kms.katalon.core.webui.exception.WebElementNotFoundException: Web element with id: 'Object Repository/Edit Fullname/Page_Mattermost/input_All team communication in one place, _dcc84b' located by '//input[@id='loginId']' not found
	at com.kms.katalon.core.webui.common.WebUiCommonHelper.findWebElement(WebUiCommonHelper.java:1368)
	at com.kms.katalon.core.webui.keyword.internal.WebUIAbstractKeyword.findWebElement(WebUIAbstractKeyword.groovy:27)
	at com.kms.katalon.core.webui.keyword.internal.WebUIAbstractKeyword.findWebElement(WebUIAbstractKeyword.groovy:26)
	at com.kms.katalon.core.webui.keyword.builtin.SetTextKeyword$_setText_closure1.doCall(SetTextKeyword.groovy:51)
	at com.kms.katalon.core.webui.keyword.builtin.SetTextKeyword$_setText_closure1.call(SetTextKeyword.groovy)
	at com.kms.katalon.core.webui.keyword.internal.WebUIKeywordMain.runKeyword(WebUIKeywordMain.groovy:20)
	at com.kms.katalon.core.webui.keyword.builtin.SetTextKeyword.setText(SetTextKeyword.groovy:66)
	at com.kms.katalon.core.webui.keyword.builtin.SetTextKeyword.execute(SetTextKeyword.groovy:37)
	at com.kms.katalon.core.keyword.internal.KeywordExecutor.executeKeywordForPlatform(KeywordExecutor.groovy:73)
	at com.kms.katalon.core.webui.keyword.WebUiBuiltInKeywords.setText(WebUiBuiltInKeywords.groovy:979)
	at com.kms.katalon.core.webui.keyword.WebUiBuiltInKeywords$setText$1.call(Unknown Source)
	at Script1622208952441.run(Script1622208952441.groovy:24)
	... 13 more
)

2021-05-28 21:42:39 - [MESSAGE][INFO] - Unable to find the element located by 'By.xpath: //input[@id='loginId']'. Please recheck the objects properties to make sure the desired element is located. 

2021-05-28 21:42:39 - [MESSAGE][WARNING] - [SELF-HEALING] Failed to find element with id 'Object Repository/Edit Fullname/Page_Mattermost/input_All team communication in one place, _dcc84b'. Try using Self-healing.

2021-05-28 21:42:40 - [MESSAGE][INFO] - Unable to find the element located by 'By.xpath: //*[@id = 'loginId' and @name = 'loginId' and @placeholder = 'Email or Username']'. Please recheck the objects properties to make sure the desired element is located. 

2021-05-28 21:42:40 - [MESSAGE][INFO] - [SELF-HEALING] Failed Locator: '//input[@id='loginId']'.

2021-05-28 21:42:40 - [MESSAGE][INFO] - [SELF-HEALING] Failed Locator: '//div[@id='login_section']/div/div[2]/div/form/div/div/input'.

2021-05-28 21:42:41 - [MESSAGE][INFO] - [SELF-HEALING] Failed Locator: '//input'.

2021-05-28 21:42:41 - [MESSAGE][INFO] - [SELF-HEALING] Failed Locator: '//input[@id='loginId']'.

2021-05-28 21:42:41 - [MESSAGE][INFO] - [SELF-HEALING] Failed Locator: '//div[@id='login_section']/div/div[2]/div/form/div/div/input'.

2021-05-28 21:42:41 - [MESSAGE][INFO] - [SELF-HEALING] Failed Locator: '//input'.

2021-05-28 21:42:43 - [MESSAGE][INFO] - Unable to find the element located by 'By.xpath: //*[@id = 'loginId' and @name = 'loginId' and @placeholder = 'Email or Username']'. Please recheck the objects properties to make sure the desired element is located. 

2021-05-28 21:42:44 - [MESSAGE][INFO] - Unable to find the element located by 'By.cssSelector: #loginId'. Please recheck the objects properties to make sure the desired element is located. 

2021-05-28 21:42:44 - [MESSAGE][FAILED] - Unable to set text 'DangUyen' of object 'Object Repository/Edit Fullname/Page_Mattermost/input_All team communication in one place, _dcc84b' (Root cause: com.kms.katalon.core.exception.StepFailedException: Unable to set text 'DangUyen' of object 'Object Repository/Edit Fullname/Page_Mattermost/input_All team communication in one place, _dcc84b'
	at com.kms.katalon.core.webui.keyword.internal.WebUIKeywordMain.stepFailed(WebUIKeywordMain.groovy:64)
	at com.kms.katalon.core.webui.keyword.internal.WebUIKeywordMain.runKeyword(WebUIKeywordMain.groovy:26)
	at com.kms.katalon.core.webui.keyword.builtin.SetTextKeyword.setText(SetTextKeyword.groovy:66)
	at com.kms.katalon.core.webui.keyword.builtin.SetTextKeyword.execute(SetTextKeyword.groovy:37)
	at com.kms.katalon.core.keyword.internal.KeywordExecutor.executeKeywordForPlatform(KeywordExecutor.groovy:73)
	at com.kms.katalon.core.webui.keyword.WebUiBuiltInKeywords.setText(WebUiBuiltInKeywords.groovy:979)
	at com.kms.katalon.core.webui.keyword.WebUiBuiltInKeywords$setText$1.call(Unknown Source)
	at Edit FullName.run(Edit FullName:24)
	at com.kms.katalon.core.main.ScriptEngine.run(ScriptEngine.java:194)
	at com.kms.katalon.core.main.ScriptEngine.runScriptAsRawText(ScriptEngine.java:119)
	at com.kms.katalon.core.main.TestCaseExecutor.runScript(TestCaseExecutor.java:398)
	at com.kms.katalon.core.main.TestCaseExecutor.doExecute(TestCaseExecutor.java:389)
	at com.kms.katalon.core.main.TestCaseExecutor.processExecutionPhase(TestCaseExecutor.java:368)
	at com.kms.katalon.core.main.TestCaseExecutor.accessMainPhase(TestCaseExecutor.java:360)
	at com.kms.katalon.core.main.TestCaseExecutor.execute(TestCaseExecutor.java:255)
	at com.kms.katalon.core.main.TestSuiteExecutor.accessTestCaseMainPhase(TestSuiteExecutor.java:203)
	at com.kms.katalon.core.main.TestSuiteExecutor.accessTestSuiteMainPhase(TestSuiteExecutor.java:152)
	at com.kms.katalon.core.main.TestSuiteExecutor.execute(TestSuiteExecutor.java:95)
	at com.kms.katalon.core.main.TestCaseMain.startTestSuite(TestCaseMain.java:157)
	at com.kms.katalon.core.main.TestCaseMain$startTestSuite$0.call(Unknown Source)
	at TempTestSuite1622212806446.run(TempTestSuite1622212806446.groovy:39)
Caused by: com.kms.katalon.core.webui.exception.WebElementNotFoundException: Web element with id: 'Object Repository/Edit Fullname/Page_Mattermost/input_All team communication in one place, _dcc84b' located by '//input[@id='loginId']' not found
	at com.kms.katalon.core.webui.common.WebUiCommonHelper.findWebElement(WebUiCommonHelper.java:1368)
	at com.kms.katalon.core.webui.keyword.internal.WebUIAbstractKeyword.findWebElement(WebUIAbstractKeyword.groovy:27)
	at com.kms.katalon.core.webui.keyword.internal.WebUIAbstractKeyword.findWebElement(WebUIAbstractKeyword.groovy:26)
	at com.kms.katalon.core.webui.keyword.builtin.SetTextKeyword$_setText_closure1.doCall(SetTextKeyword.groovy:51)
	at com.kms.katalon.core.webui.keyword.builtin.SetTextKeyword$_setText_closure1.call(SetTextKeyword.groovy)
	at com.kms.katalon.core.webui.keyword.internal.WebUIKeywordMain.runKeyword(WebUIKeywordMain.groovy:20)
	at com.kms.katalon.core.webui.keyword.builtin.SetTextKeyword.setText(SetTextKeyword.groovy:66)
	at com.kms.katalon.core.webui.keyword.builtin.SetTextKeyword.execute(SetTextKeyword.groovy:37)
	at com.kms.katalon.core.keyword.internal.KeywordExecutor.executeKeywordForPlatform(KeywordExecutor.groovy:73)
	at com.kms.katalon.core.webui.keyword.WebUiBuiltInKeywords.setText(WebUiBuiltInKeywords.groovy:979)
	at com.kms.katalon.core.webui.keyword.WebUiBuiltInKeywords$setText$1.call(Unknown Source)
	at Script1622208952441.run(Script1622208952441.groovy:24)
	... 13 more
)
[[ATTACHMENT|C:\\Users\\dell\\Katalon Studio\\Mattermost\\Reports\\20210528_214006\\Edit_FullName\\20210528_214006\\1622212964203.png]]]]></system-out>
         <system-err><![CDATA[2021-05-28 21:42:01 - [TEST_CASE][FAILED] - Test Cases/Edit FullName: Test Cases/Edit FullName FAILED.
Reason:
com.kms.katalon.core.exception.StepFailedException: Unable to set text 'DangUyen' of object 'Object Repository/Edit Fullname/Page_Mattermost/input_All team communication in one place, _dcc84b'
	at com.kms.katalon.core.webui.keyword.internal.WebUIKeywordMain.stepFailed(WebUIKeywordMain.groovy:64)
	at com.kms.katalon.core.webui.keyword.internal.WebUIKeywordMain.runKeyword(WebUIKeywordMain.groovy:26)
	at com.kms.katalon.core.webui.keyword.builtin.SetTextKeyword.setText(SetTextKeyword.groovy:66)
	at com.kms.katalon.core.webui.keyword.builtin.SetTextKeyword.execute(SetTextKeyword.groovy:37)
	at com.kms.katalon.core.keyword.internal.KeywordExecutor.executeKeywordForPlatform(KeywordExecutor.groovy:73)
	at com.kms.katalon.core.webui.keyword.WebUiBuiltInKeywords.setText(WebUiBuiltInKeywords.groovy:979)
	at com.kms.katalon.core.webui.keyword.WebUiBuiltInKeywords$setText$1.call(Unknown Source)
	at Edit FullName.run(Edit FullName:24)
	at com.kms.katalon.core.main.ScriptEngine.run(ScriptEngine.java:194)
	at com.kms.katalon.core.main.ScriptEngine.runScriptAsRawText(ScriptEngine.java:119)
	at com.kms.katalon.core.main.TestCaseExecutor.runScript(TestCaseExecutor.java:398)
	at com.kms.katalon.core.main.TestCaseExecutor.doExecute(TestCaseExecutor.java:389)
	at com.kms.katalon.core.main.TestCaseExecutor.processExecutionPhase(TestCaseExecutor.java:368)
	at com.kms.katalon.core.main.TestCaseExecutor.accessMainPhase(TestCaseExecutor.java:360)
	at com.kms.katalon.core.main.TestCaseExecutor.execute(TestCaseExecutor.java:255)
	at com.kms.katalon.core.main.TestSuiteExecutor.accessTestCaseMainPhase(TestSuiteExecutor.java:203)
	at com.kms.katalon.core.main.TestSuiteExecutor.accessTestSuiteMainPhase(TestSuiteExecutor.java:152)
	at com.kms.katalon.core.main.TestSuiteExecutor.execute(TestSuiteExecutor.java:95)
	at com.kms.katalon.core.main.TestCaseMain.startTestSuite(TestCaseMain.java:157)
	at com.kms.katalon.core.main.TestCaseMain$startTestSuite$0.call(Unknown Source)
	at TempTestSuite1622212806446.run(TempTestSuite1622212806446.groovy:39)
Caused by: com.kms.katalon.core.webui.exception.WebElementNotFoundException: Web element with id: 'Object Repository/Edit Fullname/Page_Mattermost/input_All team communication in one place, _dcc84b' located by '//input[@id='loginId']' not found
	at com.kms.katalon.core.webui.common.WebUiCommonHelper.findWebElement(WebUiCommonHelper.java:1368)
	at com.kms.katalon.core.webui.keyword.internal.WebUIAbstractKeyword.findWebElement(WebUIAbstractKeyword.groovy:27)
	at com.kms.katalon.core.webui.keyword.internal.WebUIAbstractKeyword.findWebElement(WebUIAbstractKeyword.groovy:26)
	at com.kms.katalon.core.webui.keyword.builtin.SetTextKeyword$_setText_closure1.doCall(SetTextKeyword.groovy:51)
	at com.kms.katalon.core.webui.keyword.builtin.SetTextKeyword$_setText_closure1.call(SetTextKeyword.groovy)
	at com.kms.katalon.core.webui.keyword.internal.WebUIKeywordMain.runKeyword(WebUIKeywordMain.groovy:20)
	... 19 more]]></system-err>
      </testcase>
      <testcase name="Test Cases/Edit FullName" time="41.699" classname="Test Cases/Edit FullName" status="PASSED">
         <system-out><![CDATA[2021-05-28 21:42:44 - [TEST_CASE][PASSED] - Test Cases/Edit FullName: Test Cases/Edit FullName

2021-05-28 21:42:44 - [TEST_STEP][PASSED] - openBrowser(""): Browser is opened with url: ''

2021-05-28 21:42:44 - [MESSAGE][WARNING] - A browser is already opened. Closing browser and opening a new one

2021-05-28 21:42:45 - [MESSAGE][INFO] - Starting 'Chrome' driver

2021-05-28 21:42:45 - [MESSAGE][INFO] - Action delay is set to 0 milliseconds

2021-05-28 21:42:46 - [MESSAGE][PASSED] - Browser is opened with url: ''

2021-05-28 21:42:46 - [TEST_STEP][PASSED] - navigateToUrl("https://mattermost-autotest.herokuapp.com/signin"): Navigate to 'https://mattermost-autotest.herokuapp.com/signin' successfully

2021-05-28 21:43:03 - [MESSAGE][PASSED] - Navigate to 'https://mattermost-autotest.herokuapp.com/signin' successfully

2021-05-28 21:43:03 - [TEST_STEP][PASSED] - setText(findTestObject("Object Repository/Edit Fullname/Page_Mattermost/input_All team communication in one place, _dcc84b"), username): Text 'testing2' is set on object 'Object Repository/Edit Fullname/Page_Mattermost/input_All team communication in one place, _dcc84b'

2021-05-28 21:43:15 - [MESSAGE][PASSED] - Text 'testing2' is set on object 'Object Repository/Edit Fullname/Page_Mattermost/input_All team communication in one place, _dcc84b'

2021-05-28 21:43:15 - [TEST_STEP][PASSED] - setEncryptedText(findTestObject("Object Repository/Edit Fullname/Page_Mattermost/input_All team communication in one place, _a3edc6"), password): Text ****** has been set on object 'Object Repository/Edit Fullname/Page_Mattermost/input_All team communication in one place, _a3edc6'

2021-05-28 21:43:15 - [MESSAGE][PASSED] - Text ****** has been set on object 'Object Repository/Edit Fullname/Page_Mattermost/input_All team communication in one place, _a3edc6'

2021-05-28 21:43:15 - [TEST_STEP][PASSED] - click(findTestObject("Object Repository/Edit Fullname/Page_Mattermost/span_Sign in")): Object: 'Object Repository/Edit Fullname/Page_Mattermost/span_Sign in' is clicked on

2021-05-28 21:43:16 - [MESSAGE][PASSED] - Object: 'Object Repository/Edit Fullname/Page_Mattermost/span_Sign in' is clicked on

2021-05-28 21:43:16 - [TEST_STEP][PASSED] - if (findTestObject("Edit Fullname/Page_Mattermost/span_Back to Mattermost")): Object: 'Object Repository/Edit Fullname/Page_Mattermost/span_Back to Mattermost' is clicked on

2021-05-28 21:43:16 - [TEST_STEP][PASSED] - click(findTestObject("Edit Fullname/Page_Mattermost/span_Back to Mattermost")): Object: 'Object Repository/Edit Fullname/Page_Mattermost/span_Back to Mattermost' is clicked on

2021-05-28 21:43:19 - [MESSAGE][PASSED] - Object: 'Object Repository/Edit Fullname/Page_Mattermost/span_Back to Mattermost' is clicked on

2021-05-28 21:43:19 - [TEST_STEP][PASSED] - click(findTestObject("Object Repository/Edit Fullname/Page_Town Square - mattermost Mattermost/span")): Object: 'Object Repository/Edit Fullname/Page_Town Square - mattermost Mattermost/span' is clicked on

2021-05-28 21:43:20 - [MESSAGE][PASSED] - Object: 'Object Repository/Edit Fullname/Page_Town Square - mattermost Mattermost/span' is clicked on

2021-05-28 21:43:20 - [TEST_STEP][PASSED] - click(findTestObject("Object Repository/Edit Fullname/Page_Town Square - Fit.hcmus Mattermost/button_Account Settings")): Object: 'Object Repository/Edit Fullname/Page_Town Square - Fit.hcmus Mattermost/button_Account Settings' is clicked on

2021-05-28 21:43:21 - [MESSAGE][PASSED] - Object: 'Object Repository/Edit Fullname/Page_Town Square - Fit.hcmus Mattermost/button_Account Settings' is clicked on

2021-05-28 21:43:21 - [TEST_STEP][PASSED] - click(findTestObject("Object Repository/Edit Fullname/Page_Town Square - Fit.hcmus Mattermost/span_Edit")): Object: 'Object Repository/Edit Fullname/Page_Town Square - Fit.hcmus Mattermost/span_Edit' is clicked on

2021-05-28 21:43:22 - [MESSAGE][PASSED] - Object: 'Object Repository/Edit Fullname/Page_Town Square - Fit.hcmus Mattermost/span_Edit' is clicked on

2021-05-28 21:43:22 - [TEST_STEP][PASSED] - setText(findTestObject("Object Repository/Edit Fullname/Page_Town Square - Fit.hcmus Mattermost/input_First Name_firstName"), firstName): Text 'Phuc' is set on object 'Object Repository/Edit Fullname/Page_Town Square - Fit.hcmus Mattermost/input_First Name_firstName'

2021-05-28 21:43:23 - [MESSAGE][PASSED] - Text 'Phuc' is set on object 'Object Repository/Edit Fullname/Page_Town Square - Fit.hcmus Mattermost/input_First Name_firstName'

2021-05-28 21:43:23 - [TEST_STEP][PASSED] - setText(findTestObject("Object Repository/Edit Fullname/Page_Town Square - Fit.hcmus Mattermost/input_Last Name_lastName"), lastName): Text 'Huynh' is set on object 'Object Repository/Edit Fullname/Page_Town Square - Fit.hcmus Mattermost/input_Last Name_lastName'

2021-05-28 21:43:24 - [MESSAGE][PASSED] - Text 'Huynh' is set on object 'Object Repository/Edit Fullname/Page_Town Square - Fit.hcmus Mattermost/input_Last Name_lastName'

2021-05-28 21:43:24 - [TEST_STEP][PASSED] - click(findTestObject("Object Repository/Edit Fullname/Page_Town Square - Fit.hcmus Mattermost/button_Save")): Object: 'Object Repository/Edit Fullname/Page_Town Square - Fit.hcmus Mattermost/button_Save' is clicked on

2021-05-28 21:43:25 - [MESSAGE][PASSED] - Object: 'Object Repository/Edit Fullname/Page_Town Square - Fit.hcmus Mattermost/button_Save' is clicked on

2021-05-28 21:43:25 - [TEST_STEP][PASSED] - verifyElementPresent(findTestObject("Edit Fullname/Page_Town Square - Fit.hcmus Mattermost/span_General Settings"), 0): Object 'Object Repository/Edit Fullname/Page_Town Square - Fit.hcmus Mattermost/span_General Settings' is present

2021-05-28 21:43:25 - [MESSAGE][WARNING] - Timeout '0' is invalid. Using default page load timeout: '30'

2021-05-28 21:43:25 - [MESSAGE][PASSED] - Object 'Object Repository/Edit Fullname/Page_Town Square - Fit.hcmus Mattermost/span_General Settings' is present

2021-05-28 21:43:25 - [TEST_STEP][PASSED] - closeBrowser(): Browser is closed

2021-05-28 21:43:26 - [MESSAGE][PASSED] - Browser is closed]]></system-out>
         <system-err><![CDATA[]]></system-err>
      </testcase>
      <testcase name="Test Cases/Edit FullName" time="42.351" classname="Test Cases/Edit FullName" status="FAILED">
         <failure type="FAILED" message="Test Cases/Edit FullName FAILED.
Reason:
com.kms.katalon.core.exception.StepFailedException: Unable to set text 'testing3' of object 'Object Repository/Edit Fullname/Page_Mattermost/input_All team communication in one place, _dcc84b'
	at com.kms.katalon.core.webui.keyword.internal.WebUIKeywordMain.stepFailed(WebUIKeywordMain.groovy:64)
	at com.kms.katalon.core.webui.keyword.internal.WebUIKeywordMain.runKeyword(WebUIKeywordMain.groovy:26)
	at com.kms.katalon.core.webui.keyword.builtin.SetTextKeyword.setText(SetTextKeyword.groovy:66)
	at com.kms.katalon.core.webui.keyword.builtin.SetTextKeyword.execute(SetTextKeyword.groovy:37)
	at com.kms.katalon.core.keyword.internal.KeywordExecutor.executeKeywordForPlatform(KeywordExecutor.groovy:73)
	at com.kms.katalon.core.webui.keyword.WebUiBuiltInKeywords.setText(WebUiBuiltInKeywords.groovy:979)
	at com.kms.katalon.core.webui.keyword.WebUiBuiltInKeywords$setText$1.call(Unknown Source)
	at Edit FullName.run(Edit FullName:24)
	at com.kms.katalon.core.main.ScriptEngine.run(ScriptEngine.java:194)
	at com.kms.katalon.core.main.ScriptEngine.runScriptAsRawText(ScriptEngine.java:119)
	at com.kms.katalon.core.main.TestCaseExecutor.runScript(TestCaseExecutor.java:398)
	at com.kms.katalon.core.main.TestCaseExecutor.doExecute(TestCaseExecutor.java:389)
	at com.kms.katalon.core.main.TestCaseExecutor.processExecutionPhase(TestCaseExecutor.java:368)
	at com.kms.katalon.core.main.TestCaseExecutor.accessMainPhase(TestCaseExecutor.java:360)
	at com.kms.katalon.core.main.TestCaseExecutor.execute(TestCaseExecutor.java:255)
	at com.kms.katalon.core.main.TestSuiteExecutor.accessTestCaseMainPhase(TestSuiteExecutor.java:203)
	at com.kms.katalon.core.main.TestSuiteExecutor.accessTestSuiteMainPhase(TestSuiteExecutor.java:152)
	at com.kms.katalon.core.main.TestSuiteExecutor.execute(TestSuiteExecutor.java:95)
	at com.kms.katalon.core.main.TestCaseMain.startTestSuite(TestCaseMain.java:157)
	at com.kms.katalon.core.main.TestCaseMain$startTestSuite$0.call(Unknown Source)
	at TempTestSuite1622212806446.run(TempTestSuite1622212806446.groovy:39)
Caused by: com.kms.katalon.core.webui.exception.WebElementNotFoundException: Web element with id: 'Object Repository/Edit Fullname/Page_Mattermost/input_All team communication in one place, _dcc84b' located by '//input[@id='loginId']' not found
	at com.kms.katalon.core.webui.common.WebUiCommonHelper.findWebElement(WebUiCommonHelper.java:1368)
	at com.kms.katalon.core.webui.keyword.internal.WebUIAbstractKeyword.findWebElement(WebUIAbstractKeyword.groovy:27)
	at com.kms.katalon.core.webui.keyword.internal.WebUIAbstractKeyword.findWebElement(WebUIAbstractKeyword.groovy:26)
	at com.kms.katalon.core.webui.keyword.builtin.SetTextKeyword$_setText_closure1.doCall(SetTextKeyword.groovy:51)
	at com.kms.katalon.core.webui.keyword.builtin.SetTextKeyword$_setText_closure1.call(SetTextKeyword.groovy)
	at com.kms.katalon.core.webui.keyword.internal.WebUIKeywordMain.runKeyword(WebUIKeywordMain.groovy:20)
	... 19 more
"/>
         <system-out><![CDATA[2021-05-28 21:43:26 - [TEST_CASE][FAILED] - Test Cases/Edit FullName: Test Cases/Edit FullName FAILED.
Reason:
com.kms.katalon.core.exception.StepFailedException: Unable to set text 'testing3' of object 'Object Repository/Edit Fullname/Page_Mattermost/input_All team communication in one place, _dcc84b'
	at com.kms.katalon.core.webui.keyword.internal.WebUIKeywordMain.stepFailed(WebUIKeywordMain.groovy:64)
	at com.kms.katalon.core.webui.keyword.internal.WebUIKeywordMain.runKeyword(WebUIKeywordMain.groovy:26)
	at com.kms.katalon.core.webui.keyword.builtin.SetTextKeyword.setText(SetTextKeyword.groovy:66)
	at com.kms.katalon.core.webui.keyword.builtin.SetTextKeyword.execute(SetTextKeyword.groovy:37)
	at com.kms.katalon.core.keyword.internal.KeywordExecutor.executeKeywordForPlatform(KeywordExecutor.groovy:73)
	at com.kms.katalon.core.webui.keyword.WebUiBuiltInKeywords.setText(WebUiBuiltInKeywords.groovy:979)
	at com.kms.katalon.core.webui.keyword.WebUiBuiltInKeywords$setText$1.call(Unknown Source)
	at Edit FullName.run(Edit FullName:24)
	at com.kms.katalon.core.main.ScriptEngine.run(ScriptEngine.java:194)
	at com.kms.katalon.core.main.ScriptEngine.runScriptAsRawText(ScriptEngine.java:119)
	at com.kms.katalon.core.main.TestCaseExecutor.runScript(TestCaseExecutor.java:398)
	at com.kms.katalon.core.main.TestCaseExecutor.doExecute(TestCaseExecutor.java:389)
	at com.kms.katalon.core.main.TestCaseExecutor.processExecutionPhase(TestCaseExecutor.java:368)
	at com.kms.katalon.core.main.TestCaseExecutor.accessMainPhase(TestCaseExecutor.java:360)
	at com.kms.katalon.core.main.TestCaseExecutor.execute(TestCaseExecutor.java:255)
	at com.kms.katalon.core.main.TestSuiteExecutor.accessTestCaseMainPhase(TestSuiteExecutor.java:203)
	at com.kms.katalon.core.main.TestSuiteExecutor.accessTestSuiteMainPhase(TestSuiteExecutor.java:152)
	at com.kms.katalon.core.main.TestSuiteExecutor.execute(TestSuiteExecutor.java:95)
	at com.kms.katalon.core.main.TestCaseMain.startTestSuite(TestCaseMain.java:157)
	at com.kms.katalon.core.main.TestCaseMain$startTestSuite$0.call(Unknown Source)
	at TempTestSuite1622212806446.run(TempTestSuite1622212806446.groovy:39)
Caused by: com.kms.katalon.core.webui.exception.WebElementNotFoundException: Web element with id: 'Object Repository/Edit Fullname/Page_Mattermost/input_All team communication in one place, _dcc84b' located by '//input[@id='loginId']' not found
	at com.kms.katalon.core.webui.common.WebUiCommonHelper.findWebElement(WebUiCommonHelper.java:1368)
	at com.kms.katalon.core.webui.keyword.internal.WebUIAbstractKeyword.findWebElement(WebUIAbstractKeyword.groovy:27)
	at com.kms.katalon.core.webui.keyword.internal.WebUIAbstractKeyword.findWebElement(WebUIAbstractKeyword.groovy:26)
	at com.kms.katalon.core.webui.keyword.builtin.SetTextKeyword$_setText_closure1.doCall(SetTextKeyword.groovy:51)
	at com.kms.katalon.core.webui.keyword.builtin.SetTextKeyword$_setText_closure1.call(SetTextKeyword.groovy)
	at com.kms.katalon.core.webui.keyword.internal.WebUIKeywordMain.runKeyword(WebUIKeywordMain.groovy:20)
	... 19 more


2021-05-28 21:43:26 - [TEST_STEP][PASSED] - openBrowser(""): Browser is opened with url: ''

2021-05-28 21:43:26 - [MESSAGE][INFO] - Starting 'Chrome' driver

2021-05-28 21:43:26 - [MESSAGE][INFO] - Action delay is set to 0 milliseconds

2021-05-28 21:43:27 - [MESSAGE][PASSED] - Browser is opened with url: ''

2021-05-28 21:43:27 - [TEST_STEP][PASSED] - navigateToUrl("https://mattermost-autotest.herokuapp.com/signin"): Navigate to 'https://mattermost-autotest.herokuapp.com/signin' successfully

2021-05-28 21:43:31 - [MESSAGE][PASSED] - Navigate to 'https://mattermost-autotest.herokuapp.com/signin' successfully

2021-05-28 21:43:31 - [TEST_STEP][FAILED] - setText(findTestObject("Object Repository/Edit Fullname/Page_Mattermost/input_All team communication in one place, _dcc84b"), username): Unable to set text 'testing3' of object 'Object Repository/Edit Fullname/Page_Mattermost/input_All team communication in one place, _dcc84b' (Root cause: com.kms.katalon.core.exception.StepFailedException: Unable to set text 'testing3' of object 'Object Repository/Edit Fullname/Page_Mattermost/input_All team communication in one place, _dcc84b'
	at com.kms.katalon.core.webui.keyword.internal.WebUIKeywordMain.stepFailed(WebUIKeywordMain.groovy:64)
	at com.kms.katalon.core.webui.keyword.internal.WebUIKeywordMain.runKeyword(WebUIKeywordMain.groovy:26)
	at com.kms.katalon.core.webui.keyword.builtin.SetTextKeyword.setText(SetTextKeyword.groovy:66)
	at com.kms.katalon.core.webui.keyword.builtin.SetTextKeyword.execute(SetTextKeyword.groovy:37)
	at com.kms.katalon.core.keyword.internal.KeywordExecutor.executeKeywordForPlatform(KeywordExecutor.groovy:73)
	at com.kms.katalon.core.webui.keyword.WebUiBuiltInKeywords.setText(WebUiBuiltInKeywords.groovy:979)
	at com.kms.katalon.core.webui.keyword.WebUiBuiltInKeywords$setText$1.call(Unknown Source)
	at Edit FullName.run(Edit FullName:24)
	at com.kms.katalon.core.main.ScriptEngine.run(ScriptEngine.java:194)
	at com.kms.katalon.core.main.ScriptEngine.runScriptAsRawText(ScriptEngine.java:119)
	at com.kms.katalon.core.main.TestCaseExecutor.runScript(TestCaseExecutor.java:398)
	at com.kms.katalon.core.main.TestCaseExecutor.doExecute(TestCaseExecutor.java:389)
	at com.kms.katalon.core.main.TestCaseExecutor.processExecutionPhase(TestCaseExecutor.java:368)
	at com.kms.katalon.core.main.TestCaseExecutor.accessMainPhase(TestCaseExecutor.java:360)
	at com.kms.katalon.core.main.TestCaseExecutor.execute(TestCaseExecutor.java:255)
	at com.kms.katalon.core.main.TestSuiteExecutor.accessTestCaseMainPhase(TestSuiteExecutor.java:203)
	at com.kms.katalon.core.main.TestSuiteExecutor.accessTestSuiteMainPhase(TestSuiteExecutor.java:152)
	at com.kms.katalon.core.main.TestSuiteExecutor.execute(TestSuiteExecutor.java:95)
	at com.kms.katalon.core.main.TestCaseMain.startTestSuite(TestCaseMain.java:157)
	at com.kms.katalon.core.main.TestCaseMain$startTestSuite$0.call(Unknown Source)
	at TempTestSuite1622212806446.run(TempTestSuite1622212806446.groovy:39)
Caused by: com.kms.katalon.core.webui.exception.WebElementNotFoundException: Web element with id: 'Object Repository/Edit Fullname/Page_Mattermost/input_All team communication in one place, _dcc84b' located by '//input[@id='loginId']' not found
	at com.kms.katalon.core.webui.common.WebUiCommonHelper.findWebElement(WebUiCommonHelper.java:1368)
	at com.kms.katalon.core.webui.keyword.internal.WebUIAbstractKeyword.findWebElement(WebUIAbstractKeyword.groovy:27)
	at com.kms.katalon.core.webui.keyword.internal.WebUIAbstractKeyword.findWebElement(WebUIAbstractKeyword.groovy:26)
	at com.kms.katalon.core.webui.keyword.builtin.SetTextKeyword$_setText_closure1.doCall(SetTextKeyword.groovy:51)
	at com.kms.katalon.core.webui.keyword.builtin.SetTextKeyword$_setText_closure1.call(SetTextKeyword.groovy)
	at com.kms.katalon.core.webui.keyword.internal.WebUIKeywordMain.runKeyword(WebUIKeywordMain.groovy:20)
	at com.kms.katalon.core.webui.keyword.builtin.SetTextKeyword.setText(SetTextKeyword.groovy:66)
	at com.kms.katalon.core.webui.keyword.builtin.SetTextKeyword.execute(SetTextKeyword.groovy:37)
	at com.kms.katalon.core.keyword.internal.KeywordExecutor.executeKeywordForPlatform(KeywordExecutor.groovy:73)
	at com.kms.katalon.core.webui.keyword.WebUiBuiltInKeywords.setText(WebUiBuiltInKeywords.groovy:979)
	at com.kms.katalon.core.webui.keyword.WebUiBuiltInKeywords$setText$1.call(Unknown Source)
	at Script1622208952441.run(Script1622208952441.groovy:24)
	... 13 more
)

2021-05-28 21:44:02 - [MESSAGE][INFO] - Unable to find the element located by 'By.xpath: //input[@id='loginId']'. Please recheck the objects properties to make sure the desired element is located. 

2021-05-28 21:44:02 - [MESSAGE][WARNING] - [SELF-HEALING] Failed to find element with id 'Object Repository/Edit Fullname/Page_Mattermost/input_All team communication in one place, _dcc84b'. Try using Self-healing.

2021-05-28 21:44:03 - [MESSAGE][INFO] - Unable to find the element located by 'By.xpath: //*[@id = 'loginId' and @name = 'loginId' and @placeholder = 'Email or Username']'. Please recheck the objects properties to make sure the desired element is located. 

2021-05-28 21:44:03 - [MESSAGE][INFO] - [SELF-HEALING] Failed Locator: '//input[@id='loginId']'.

2021-05-28 21:44:05 - [MESSAGE][INFO] - [SELF-HEALING] Failed Locator: '//div[@id='login_section']/div/div[2]/div/form/div/div/input'.

2021-05-28 21:44:06 - [MESSAGE][INFO] - [SELF-HEALING] Failed Locator: '//input'.

2021-05-28 21:44:07 - [MESSAGE][INFO] - Unable to find the element located by 'By.xpath: //*[@id = 'loginId' and @name = 'loginId' and @placeholder = 'Email or Username']'. Please recheck the objects properties to make sure the desired element is located. 

2021-05-28 21:44:08 - [MESSAGE][INFO] - Unable to find the element located by 'By.cssSelector: #loginId'. Please recheck the objects properties to make sure the desired element is located. 

2021-05-28 21:44:08 - [MESSAGE][FAILED] - Unable to set text 'testing3' of object 'Object Repository/Edit Fullname/Page_Mattermost/input_All team communication in one place, _dcc84b' (Root cause: com.kms.katalon.core.exception.StepFailedException: Unable to set text 'testing3' of object 'Object Repository/Edit Fullname/Page_Mattermost/input_All team communication in one place, _dcc84b'
	at com.kms.katalon.core.webui.keyword.internal.WebUIKeywordMain.stepFailed(WebUIKeywordMain.groovy:64)
	at com.kms.katalon.core.webui.keyword.internal.WebUIKeywordMain.runKeyword(WebUIKeywordMain.groovy:26)
	at com.kms.katalon.core.webui.keyword.builtin.SetTextKeyword.setText(SetTextKeyword.groovy:66)
	at com.kms.katalon.core.webui.keyword.builtin.SetTextKeyword.execute(SetTextKeyword.groovy:37)
	at com.kms.katalon.core.keyword.internal.KeywordExecutor.executeKeywordForPlatform(KeywordExecutor.groovy:73)
	at com.kms.katalon.core.webui.keyword.WebUiBuiltInKeywords.setText(WebUiBuiltInKeywords.groovy:979)
	at com.kms.katalon.core.webui.keyword.WebUiBuiltInKeywords$setText$1.call(Unknown Source)
	at Edit FullName.run(Edit FullName:24)
	at com.kms.katalon.core.main.ScriptEngine.run(ScriptEngine.java:194)
	at com.kms.katalon.core.main.ScriptEngine.runScriptAsRawText(ScriptEngine.java:119)
	at com.kms.katalon.core.main.TestCaseExecutor.runScript(TestCaseExecutor.java:398)
	at com.kms.katalon.core.main.TestCaseExecutor.doExecute(TestCaseExecutor.java:389)
	at com.kms.katalon.core.main.TestCaseExecutor.processExecutionPhase(TestCaseExecutor.java:368)
	at com.kms.katalon.core.main.TestCaseExecutor.accessMainPhase(TestCaseExecutor.java:360)
	at com.kms.katalon.core.main.TestCaseExecutor.execute(TestCaseExecutor.java:255)
	at com.kms.katalon.core.main.TestSuiteExecutor.accessTestCaseMainPhase(TestSuiteExecutor.java:203)
	at com.kms.katalon.core.main.TestSuiteExecutor.accessTestSuiteMainPhase(TestSuiteExecutor.java:152)
	at com.kms.katalon.core.main.TestSuiteExecutor.execute(TestSuiteExecutor.java:95)
	at com.kms.katalon.core.main.TestCaseMain.startTestSuite(TestCaseMain.java:157)
	at com.kms.katalon.core.main.TestCaseMain$startTestSuite$0.call(Unknown Source)
	at TempTestSuite1622212806446.run(TempTestSuite1622212806446.groovy:39)
Caused by: com.kms.katalon.core.webui.exception.WebElementNotFoundException: Web element with id: 'Object Repository/Edit Fullname/Page_Mattermost/input_All team communication in one place, _dcc84b' located by '//input[@id='loginId']' not found
	at com.kms.katalon.core.webui.common.WebUiCommonHelper.findWebElement(WebUiCommonHelper.java:1368)
	at com.kms.katalon.core.webui.keyword.internal.WebUIAbstractKeyword.findWebElement(WebUIAbstractKeyword.groovy:27)
	at com.kms.katalon.core.webui.keyword.internal.WebUIAbstractKeyword.findWebElement(WebUIAbstractKeyword.groovy:26)
	at com.kms.katalon.core.webui.keyword.builtin.SetTextKeyword$_setText_closure1.doCall(SetTextKeyword.groovy:51)
	at com.kms.katalon.core.webui.keyword.builtin.SetTextKeyword$_setText_closure1.call(SetTextKeyword.groovy)
	at com.kms.katalon.core.webui.keyword.internal.WebUIKeywordMain.runKeyword(WebUIKeywordMain.groovy:20)
	at com.kms.katalon.core.webui.keyword.builtin.SetTextKeyword.setText(SetTextKeyword.groovy:66)
	at com.kms.katalon.core.webui.keyword.builtin.SetTextKeyword.execute(SetTextKeyword.groovy:37)
	at com.kms.katalon.core.keyword.internal.KeywordExecutor.executeKeywordForPlatform(KeywordExecutor.groovy:73)
	at com.kms.katalon.core.webui.keyword.WebUiBuiltInKeywords.setText(WebUiBuiltInKeywords.groovy:979)
	at com.kms.katalon.core.webui.keyword.WebUiBuiltInKeywords$setText$1.call(Unknown Source)
	at Script1622208952441.run(Script1622208952441.groovy:24)
	... 13 more
)
[[ATTACHMENT|C:\\Users\\dell\\Katalon Studio\\Mattermost\\Reports\\20210528_214006\\Edit_FullName\\20210528_214006\\1622213048439.png]]]]></system-out>
         <system-err><![CDATA[2021-05-28 21:43:26 - [TEST_CASE][FAILED] - Test Cases/Edit FullName: Test Cases/Edit FullName FAILED.
Reason:
com.kms.katalon.core.exception.StepFailedException: Unable to set text 'testing3' of object 'Object Repository/Edit Fullname/Page_Mattermost/input_All team communication in one place, _dcc84b'
	at com.kms.katalon.core.webui.keyword.internal.WebUIKeywordMain.stepFailed(WebUIKeywordMain.groovy:64)
	at com.kms.katalon.core.webui.keyword.internal.WebUIKeywordMain.runKeyword(WebUIKeywordMain.groovy:26)
	at com.kms.katalon.core.webui.keyword.builtin.SetTextKeyword.setText(SetTextKeyword.groovy:66)
	at com.kms.katalon.core.webui.keyword.builtin.SetTextKeyword.execute(SetTextKeyword.groovy:37)
	at com.kms.katalon.core.keyword.internal.KeywordExecutor.executeKeywordForPlatform(KeywordExecutor.groovy:73)
	at com.kms.katalon.core.webui.keyword.WebUiBuiltInKeywords.setText(WebUiBuiltInKeywords.groovy:979)
	at com.kms.katalon.core.webui.keyword.WebUiBuiltInKeywords$setText$1.call(Unknown Source)
	at Edit FullName.run(Edit FullName:24)
	at com.kms.katalon.core.main.ScriptEngine.run(ScriptEngine.java:194)
	at com.kms.katalon.core.main.ScriptEngine.runScriptAsRawText(ScriptEngine.java:119)
	at com.kms.katalon.core.main.TestCaseExecutor.runScript(TestCaseExecutor.java:398)
	at com.kms.katalon.core.main.TestCaseExecutor.doExecute(TestCaseExecutor.java:389)
	at com.kms.katalon.core.main.TestCaseExecutor.processExecutionPhase(TestCaseExecutor.java:368)
	at com.kms.katalon.core.main.TestCaseExecutor.accessMainPhase(TestCaseExecutor.java:360)
	at com.kms.katalon.core.main.TestCaseExecutor.execute(TestCaseExecutor.java:255)
	at com.kms.katalon.core.main.TestSuiteExecutor.accessTestCaseMainPhase(TestSuiteExecutor.java:203)
	at com.kms.katalon.core.main.TestSuiteExecutor.accessTestSuiteMainPhase(TestSuiteExecutor.java:152)
	at com.kms.katalon.core.main.TestSuiteExecutor.execute(TestSuiteExecutor.java:95)
	at com.kms.katalon.core.main.TestCaseMain.startTestSuite(TestCaseMain.java:157)
	at com.kms.katalon.core.main.TestCaseMain$startTestSuite$0.call(Unknown Source)
	at TempTestSuite1622212806446.run(TempTestSuite1622212806446.groovy:39)
Caused by: com.kms.katalon.core.webui.exception.WebElementNotFoundException: Web element with id: 'Object Repository/Edit Fullname/Page_Mattermost/input_All team communication in one place, _dcc84b' located by '//input[@id='loginId']' not found
	at com.kms.katalon.core.webui.common.WebUiCommonHelper.findWebElement(WebUiCommonHelper.java:1368)
	at com.kms.katalon.core.webui.keyword.internal.WebUIAbstractKeyword.findWebElement(WebUIAbstractKeyword.groovy:27)
	at com.kms.katalon.core.webui.keyword.internal.WebUIAbstractKeyword.findWebElement(WebUIAbstractKeyword.groovy:26)
	at com.kms.katalon.core.webui.keyword.builtin.SetTextKeyword$_setText_closure1.doCall(SetTextKeyword.groovy:51)
	at com.kms.katalon.core.webui.keyword.builtin.SetTextKeyword$_setText_closure1.call(SetTextKeyword.groovy)
	at com.kms.katalon.core.webui.keyword.internal.WebUIKeywordMain.runKeyword(WebUIKeywordMain.groovy:20)
	... 19 more]]></system-err>
      </testcase>
      <testcase name="Test Cases/Edit FullName" time="83.402" classname="Test Cases/Edit FullName" status="FAILED">
         <failure type="FAILED" message="Test Cases/Edit FullName FAILED.
Reason:
com.kms.katalon.core.exception.StepFailedException: Unable to click on object 'Object Repository/Edit Fullname/Page_Town Square - mattermost Mattermost/span'
	at com.kms.katalon.core.webui.keyword.internal.WebUIKeywordMain.stepFailed(WebUIKeywordMain.groovy:64)
	at com.kms.katalon.core.webui.keyword.internal.WebUIKeywordMain.runKeyword(WebUIKeywordMain.groovy:26)
	at com.kms.katalon.core.webui.keyword.builtin.ClickKeyword.click(ClickKeyword.groovy:75)
	at com.kms.katalon.core.webui.keyword.builtin.ClickKeyword.execute(ClickKeyword.groovy:42)
	at com.kms.katalon.core.keyword.internal.KeywordExecutor.executeKeywordForPlatform(KeywordExecutor.groovy:73)
	at com.kms.katalon.core.webui.keyword.WebUiBuiltInKeywords.click(WebUiBuiltInKeywords.groovy:619)
	at com.kms.katalon.core.webui.keyword.WebUiBuiltInKeywords$click$3.call(Unknown Source)
	at Edit FullName.run(Edit FullName:36)
	at com.kms.katalon.core.main.ScriptEngine.run(ScriptEngine.java:194)
	at com.kms.katalon.core.main.ScriptEngine.runScriptAsRawText(ScriptEngine.java:119)
	at com.kms.katalon.core.main.TestCaseExecutor.runScript(TestCaseExecutor.java:398)
	at com.kms.katalon.core.main.TestCaseExecutor.doExecute(TestCaseExecutor.java:389)
	at com.kms.katalon.core.main.TestCaseExecutor.processExecutionPhase(TestCaseExecutor.java:368)
	at com.kms.katalon.core.main.TestCaseExecutor.accessMainPhase(TestCaseExecutor.java:360)
	at com.kms.katalon.core.main.TestCaseExecutor.execute(TestCaseExecutor.java:255)
	at com.kms.katalon.core.main.TestSuiteExecutor.accessTestCaseMainPhase(TestSuiteExecutor.java:203)
	at com.kms.katalon.core.main.TestSuiteExecutor.accessTestSuiteMainPhase(TestSuiteExecutor.java:152)
	at com.kms.katalon.core.main.TestSuiteExecutor.execute(TestSuiteExecutor.java:95)
	at com.kms.katalon.core.main.TestCaseMain.startTestSuite(TestCaseMain.java:157)
	at com.kms.katalon.core.main.TestCaseMain$startTestSuite$0.call(Unknown Source)
	at TempTestSuite1622212806446.run(TempTestSuite1622212806446.groovy:39)
Caused by: com.kms.katalon.core.webui.exception.WebElementNotFoundException: Web element with id: 'Object Repository/Edit Fullname/Page_Town Square - mattermost Mattermost/span' located by '//div[@id='headerInfo']/button/span' not found
	at com.kms.katalon.core.webui.common.WebUiCommonHelper.findWebElement(WebUiCommonHelper.java:1368)
	at com.kms.katalon.core.webui.keyword.internal.WebUIAbstractKeyword.findWebElement(WebUIAbstractKeyword.groovy:27)
	at com.kms.katalon.core.webui.keyword.internal.WebUIAbstractKeyword.findWebElement(WebUIAbstractKeyword.groovy:26)
	at com.kms.katalon.core.webui.keyword.builtin.ClickKeyword$_click_closure1.doCall(ClickKeyword.groovy:66)
	at com.kms.katalon.core.webui.keyword.builtin.ClickKeyword$_click_closure1.call(ClickKeyword.groovy)
	at com.kms.katalon.core.webui.keyword.internal.WebUIKeywordMain.runKeyword(WebUIKeywordMain.groovy:20)
	... 19 more
"/>
         <system-out><![CDATA[2021-05-28 21:44:08 - [TEST_CASE][FAILED] - Test Cases/Edit FullName: Test Cases/Edit FullName FAILED.
Reason:
com.kms.katalon.core.exception.StepFailedException: Unable to click on object 'Object Repository/Edit Fullname/Page_Town Square - mattermost Mattermost/span'
	at com.kms.katalon.core.webui.keyword.internal.WebUIKeywordMain.stepFailed(WebUIKeywordMain.groovy:64)
	at com.kms.katalon.core.webui.keyword.internal.WebUIKeywordMain.runKeyword(WebUIKeywordMain.groovy:26)
	at com.kms.katalon.core.webui.keyword.builtin.ClickKeyword.click(ClickKeyword.groovy:75)
	at com.kms.katalon.core.webui.keyword.builtin.ClickKeyword.execute(ClickKeyword.groovy:42)
	at com.kms.katalon.core.keyword.internal.KeywordExecutor.executeKeywordForPlatform(KeywordExecutor.groovy:73)
	at com.kms.katalon.core.webui.keyword.WebUiBuiltInKeywords.click(WebUiBuiltInKeywords.groovy:619)
	at com.kms.katalon.core.webui.keyword.WebUiBuiltInKeywords$click$3.call(Unknown Source)
	at Edit FullName.run(Edit FullName:36)
	at com.kms.katalon.core.main.ScriptEngine.run(ScriptEngine.java:194)
	at com.kms.katalon.core.main.ScriptEngine.runScriptAsRawText(ScriptEngine.java:119)
	at com.kms.katalon.core.main.TestCaseExecutor.runScript(TestCaseExecutor.java:398)
	at com.kms.katalon.core.main.TestCaseExecutor.doExecute(TestCaseExecutor.java:389)
	at com.kms.katalon.core.main.TestCaseExecutor.processExecutionPhase(TestCaseExecutor.java:368)
	at com.kms.katalon.core.main.TestCaseExecutor.accessMainPhase(TestCaseExecutor.java:360)
	at com.kms.katalon.core.main.TestCaseExecutor.execute(TestCaseExecutor.java:255)
	at com.kms.katalon.core.main.TestSuiteExecutor.accessTestCaseMainPhase(TestSuiteExecutor.java:203)
	at com.kms.katalon.core.main.TestSuiteExecutor.accessTestSuiteMainPhase(TestSuiteExecutor.java:152)
	at com.kms.katalon.core.main.TestSuiteExecutor.execute(TestSuiteExecutor.java:95)
	at com.kms.katalon.core.main.TestCaseMain.startTestSuite(TestCaseMain.java:157)
	at com.kms.katalon.core.main.TestCaseMain$startTestSuite$0.call(Unknown Source)
	at TempTestSuite1622212806446.run(TempTestSuite1622212806446.groovy:39)
Caused by: com.kms.katalon.core.webui.exception.WebElementNotFoundException: Web element with id: 'Object Repository/Edit Fullname/Page_Town Square - mattermost Mattermost/span' located by '//div[@id='headerInfo']/button/span' not found
	at com.kms.katalon.core.webui.common.WebUiCommonHelper.findWebElement(WebUiCommonHelper.java:1368)
	at com.kms.katalon.core.webui.keyword.internal.WebUIAbstractKeyword.findWebElement(WebUIAbstractKeyword.groovy:27)
	at com.kms.katalon.core.webui.keyword.internal.WebUIAbstractKeyword.findWebElement(WebUIAbstractKeyword.groovy:26)
	at com.kms.katalon.core.webui.keyword.builtin.ClickKeyword$_click_closure1.doCall(ClickKeyword.groovy:66)
	at com.kms.katalon.core.webui.keyword.builtin.ClickKeyword$_click_closure1.call(ClickKeyword.groovy)
	at com.kms.katalon.core.webui.keyword.internal.WebUIKeywordMain.runKeyword(WebUIKeywordMain.groovy:20)
	... 19 more


2021-05-28 21:44:08 - [TEST_STEP][PASSED] - openBrowser(""): Browser is opened with url: ''

2021-05-28 21:44:08 - [MESSAGE][WARNING] - A browser is already opened. Closing browser and opening a new one

2021-05-28 21:44:09 - [MESSAGE][INFO] - Starting 'Chrome' driver

2021-05-28 21:44:09 - [MESSAGE][INFO] - Action delay is set to 0 milliseconds

2021-05-28 21:44:10 - [MESSAGE][PASSED] - Browser is opened with url: ''

2021-05-28 21:44:10 - [TEST_STEP][PASSED] - navigateToUrl("https://mattermost-autotest.herokuapp.com/signin"): Navigate to 'https://mattermost-autotest.herokuapp.com/signin' successfully

2021-05-28 21:44:14 - [MESSAGE][PASSED] - Navigate to 'https://mattermost-autotest.herokuapp.com/signin' successfully

2021-05-28 21:44:14 - [TEST_STEP][PASSED] - setText(findTestObject("Object Repository/Edit Fullname/Page_Mattermost/input_All team communication in one place, _dcc84b"), username): Text 'Vo_Thanh_Phong' is set on object 'Object Repository/Edit Fullname/Page_Mattermost/input_All team communication in one place, _dcc84b'

2021-05-28 21:44:23 - [MESSAGE][PASSED] - Text 'Vo_Thanh_Phong' is set on object 'Object Repository/Edit Fullname/Page_Mattermost/input_All team communication in one place, _dcc84b'

2021-05-28 21:44:23 - [TEST_STEP][PASSED] - setEncryptedText(findTestObject("Object Repository/Edit Fullname/Page_Mattermost/input_All team communication in one place, _a3edc6"), password): Text ****** has been set on object 'Object Repository/Edit Fullname/Page_Mattermost/input_All team communication in one place, _a3edc6'

2021-05-28 21:44:24 - [MESSAGE][PASSED] - Text ****** has been set on object 'Object Repository/Edit Fullname/Page_Mattermost/input_All team communication in one place, _a3edc6'

2021-05-28 21:44:24 - [TEST_STEP][PASSED] - click(findTestObject("Object Repository/Edit Fullname/Page_Mattermost/span_Sign in")): Object: 'Object Repository/Edit Fullname/Page_Mattermost/span_Sign in' is clicked on

2021-05-28 21:44:25 - [MESSAGE][PASSED] - Object: 'Object Repository/Edit Fullname/Page_Mattermost/span_Sign in' is clicked on

2021-05-28 21:44:25 - [TEST_STEP][PASSED] - if (findTestObject("Edit Fullname/Page_Mattermost/span_Back to Mattermost")): Object: 'Object Repository/Edit Fullname/Page_Mattermost/span_Back to Mattermost' is clicked on

2021-05-28 21:44:25 - [TEST_STEP][PASSED] - click(findTestObject("Edit Fullname/Page_Mattermost/span_Back to Mattermost")): Object: 'Object Repository/Edit Fullname/Page_Mattermost/span_Back to Mattermost' is clicked on

2021-05-28 21:44:56 - [MESSAGE][INFO] - Unable to find the element located by 'By.xpath: //div[@id='root']/div/div/a/span'. Please recheck the objects properties to make sure the desired element is located. 

2021-05-28 21:44:56 - [MESSAGE][WARNING] - [SELF-HEALING] Failed to find element with id 'Object Repository/Edit Fullname/Page_Mattermost/span_Back to Mattermost'. Try using Self-healing.

2021-05-28 21:44:56 - [MESSAGE][WARNING] - [SELF-HEALING] The current locator of test object 'Object Repository/Edit Fullname/Page_Mattermost/span_Back to Mattermost' was broken. Propose an alternative one: '//a/span'.

2021-05-28 21:44:56 - [MESSAGE][PASSED] - Object: 'Object Repository/Edit Fullname/Page_Mattermost/span_Back to Mattermost' is clicked on

2021-05-28 21:44:56 - [TEST_STEP][FAILED] - click(findTestObject("Object Repository/Edit Fullname/Page_Town Square - mattermost Mattermost/span")): Unable to click on object 'Object Repository/Edit Fullname/Page_Town Square - mattermost Mattermost/span' (Root cause: com.kms.katalon.core.exception.StepFailedException: Unable to click on object 'Object Repository/Edit Fullname/Page_Town Square - mattermost Mattermost/span'
	at com.kms.katalon.core.webui.keyword.internal.WebUIKeywordMain.stepFailed(WebUIKeywordMain.groovy:64)
	at com.kms.katalon.core.webui.keyword.internal.WebUIKeywordMain.runKeyword(WebUIKeywordMain.groovy:26)
	at com.kms.katalon.core.webui.keyword.builtin.ClickKeyword.click(ClickKeyword.groovy:75)
	at com.kms.katalon.core.webui.keyword.builtin.ClickKeyword.execute(ClickKeyword.groovy:42)
	at com.kms.katalon.core.keyword.internal.KeywordExecutor.executeKeywordForPlatform(KeywordExecutor.groovy:73)
	at com.kms.katalon.core.webui.keyword.WebUiBuiltInKeywords.click(WebUiBuiltInKeywords.groovy:619)
	at com.kms.katalon.core.webui.keyword.WebUiBuiltInKeywords$click$3.call(Unknown Source)
	at Edit FullName.run(Edit FullName:36)
	at com.kms.katalon.core.main.ScriptEngine.run(ScriptEngine.java:194)
	at com.kms.katalon.core.main.ScriptEngine.runScriptAsRawText(ScriptEngine.java:119)
	at com.kms.katalon.core.main.TestCaseExecutor.runScript(TestCaseExecutor.java:398)
	at com.kms.katalon.core.main.TestCaseExecutor.doExecute(TestCaseExecutor.java:389)
	at com.kms.katalon.core.main.TestCaseExecutor.processExecutionPhase(TestCaseExecutor.java:368)
	at com.kms.katalon.core.main.TestCaseExecutor.accessMainPhase(TestCaseExecutor.java:360)
	at com.kms.katalon.core.main.TestCaseExecutor.execute(TestCaseExecutor.java:255)
	at com.kms.katalon.core.main.TestSuiteExecutor.accessTestCaseMainPhase(TestSuiteExecutor.java:203)
	at com.kms.katalon.core.main.TestSuiteExecutor.accessTestSuiteMainPhase(TestSuiteExecutor.java:152)
	at com.kms.katalon.core.main.TestSuiteExecutor.execute(TestSuiteExecutor.java:95)
	at com.kms.katalon.core.main.TestCaseMain.startTestSuite(TestCaseMain.java:157)
	at com.kms.katalon.core.main.TestCaseMain$startTestSuite$0.call(Unknown Source)
	at TempTestSuite1622212806446.run(TempTestSuite1622212806446.groovy:39)
Caused by: com.kms.katalon.core.webui.exception.WebElementNotFoundException: Web element with id: 'Object Repository/Edit Fullname/Page_Town Square - mattermost Mattermost/span' located by '//div[@id='headerInfo']/button/span' not found
	at com.kms.katalon.core.webui.common.WebUiCommonHelper.findWebElement(WebUiCommonHelper.java:1368)
	at com.kms.katalon.core.webui.keyword.internal.WebUIAbstractKeyword.findWebElement(WebUIAbstractKeyword.groovy:27)
	at com.kms.katalon.core.webui.keyword.internal.WebUIAbstractKeyword.findWebElement(WebUIAbstractKeyword.groovy:26)
	at com.kms.katalon.core.webui.keyword.builtin.ClickKeyword$_click_closure1.doCall(ClickKeyword.groovy:66)
	at com.kms.katalon.core.webui.keyword.builtin.ClickKeyword$_click_closure1.call(ClickKeyword.groovy)
	at com.kms.katalon.core.webui.keyword.internal.WebUIKeywordMain.runKeyword(WebUIKeywordMain.groovy:20)
	at com.kms.katalon.core.webui.keyword.builtin.ClickKeyword.click(ClickKeyword.groovy:75)
	at com.kms.katalon.core.webui.keyword.builtin.ClickKeyword.execute(ClickKeyword.groovy:42)
	at com.kms.katalon.core.keyword.internal.KeywordExecutor.executeKeywordForPlatform(KeywordExecutor.groovy:73)
	at com.kms.katalon.core.webui.keyword.WebUiBuiltInKeywords.click(WebUiBuiltInKeywords.groovy:619)
	at com.kms.katalon.core.webui.keyword.WebUiBuiltInKeywords$click$3.call(Unknown Source)
	at Script1622208952441.run(Script1622208952441.groovy:36)
	... 13 more
)

2021-05-28 21:45:27 - [MESSAGE][INFO] - Unable to find the element located by 'By.xpath: //div[@id='headerInfo']/button/span'. Please recheck the objects properties to make sure the desired element is located. 

2021-05-28 21:45:27 - [MESSAGE][WARNING] - [SELF-HEALING] Failed to find element with id 'Object Repository/Edit Fullname/Page_Town Square - mattermost Mattermost/span'. Try using Self-healing.

2021-05-28 21:45:28 - [MESSAGE][INFO] - [SELF-HEALING] Failed Locator: '//div[@id='headerInfo']/button/span'.

2021-05-28 21:45:28 - [MESSAGE][INFO] - [SELF-HEALING] Failed Locator: '(.//*[normalize-space(text()) and normalize-space(.)='@mattermost'])[1]/following::span[1]'.

2021-05-28 21:45:28 - [MESSAGE][INFO] - [SELF-HEALING] Failed Locator: '(.//*[normalize-space(text()) and normalize-space(.)='mattermost'])[2]/following::span[1]'.

2021-05-28 21:45:29 - [MESSAGE][INFO] - [SELF-HEALING] Failed Locator: '(.//*[normalize-space(text()) and normalize-space(.)='More Unreads'])[1]/preceding::span[1]'.

2021-05-28 21:45:29 - [MESSAGE][INFO] - [SELF-HEALING] Failed Locator: '(.//*[normalize-space(text()) and normalize-space(.)='More Unreads'])[2]/preceding::span[3]'.

2021-05-28 21:45:29 - [MESSAGE][INFO] - [SELF-HEALING] Failed Locator: '//div[3]/div/div/div[2]/div/div/button/span'.

2021-05-28 21:45:30 - [MESSAGE][INFO] - Unable to find the element located by 'By.xpath: id("headerInfo")/button[@class="style--none sidebar-header-dropdown__icon"]/span[1]'. Please recheck the objects properties to make sure the desired element is located. 

2021-05-28 21:45:31 - [MESSAGE][INFO] - Unable to find the element located by 'By.cssSelector: button.style--none.sidebar-header-dropdown__icon > span'. Please recheck the objects properties to make sure the desired element is located. 

2021-05-28 21:45:31 - [MESSAGE][FAILED] - Unable to click on object 'Object Repository/Edit Fullname/Page_Town Square - mattermost Mattermost/span' (Root cause: com.kms.katalon.core.exception.StepFailedException: Unable to click on object 'Object Repository/Edit Fullname/Page_Town Square - mattermost Mattermost/span'
	at com.kms.katalon.core.webui.keyword.internal.WebUIKeywordMain.stepFailed(WebUIKeywordMain.groovy:64)
	at com.kms.katalon.core.webui.keyword.internal.WebUIKeywordMain.runKeyword(WebUIKeywordMain.groovy:26)
	at com.kms.katalon.core.webui.keyword.builtin.ClickKeyword.click(ClickKeyword.groovy:75)
	at com.kms.katalon.core.webui.keyword.builtin.ClickKeyword.execute(ClickKeyword.groovy:42)
	at com.kms.katalon.core.keyword.internal.KeywordExecutor.executeKeywordForPlatform(KeywordExecutor.groovy:73)
	at com.kms.katalon.core.webui.keyword.WebUiBuiltInKeywords.click(WebUiBuiltInKeywords.groovy:619)
	at com.kms.katalon.core.webui.keyword.WebUiBuiltInKeywords$click$3.call(Unknown Source)
	at Edit FullName.run(Edit FullName:36)
	at com.kms.katalon.core.main.ScriptEngine.run(ScriptEngine.java:194)
	at com.kms.katalon.core.main.ScriptEngine.runScriptAsRawText(ScriptEngine.java:119)
	at com.kms.katalon.core.main.TestCaseExecutor.runScript(TestCaseExecutor.java:398)
	at com.kms.katalon.core.main.TestCaseExecutor.doExecute(TestCaseExecutor.java:389)
	at com.kms.katalon.core.main.TestCaseExecutor.processExecutionPhase(TestCaseExecutor.java:368)
	at com.kms.katalon.core.main.TestCaseExecutor.accessMainPhase(TestCaseExecutor.java:360)
	at com.kms.katalon.core.main.TestCaseExecutor.execute(TestCaseExecutor.java:255)
	at com.kms.katalon.core.main.TestSuiteExecutor.accessTestCaseMainPhase(TestSuiteExecutor.java:203)
	at com.kms.katalon.core.main.TestSuiteExecutor.accessTestSuiteMainPhase(TestSuiteExecutor.java:152)
	at com.kms.katalon.core.main.TestSuiteExecutor.execute(TestSuiteExecutor.java:95)
	at com.kms.katalon.core.main.TestCaseMain.startTestSuite(TestCaseMain.java:157)
	at com.kms.katalon.core.main.TestCaseMain$startTestSuite$0.call(Unknown Source)
	at TempTestSuite1622212806446.run(TempTestSuite1622212806446.groovy:39)
Caused by: com.kms.katalon.core.webui.exception.WebElementNotFoundException: Web element with id: 'Object Repository/Edit Fullname/Page_Town Square - mattermost Mattermost/span' located by '//div[@id='headerInfo']/button/span' not found
	at com.kms.katalon.core.webui.common.WebUiCommonHelper.findWebElement(WebUiCommonHelper.java:1368)
	at com.kms.katalon.core.webui.keyword.internal.WebUIAbstractKeyword.findWebElement(WebUIAbstractKeyword.groovy:27)
	at com.kms.katalon.core.webui.keyword.internal.WebUIAbstractKeyword.findWebElement(WebUIAbstractKeyword.groovy:26)
	at com.kms.katalon.core.webui.keyword.builtin.ClickKeyword$_click_closure1.doCall(ClickKeyword.groovy:66)
	at com.kms.katalon.core.webui.keyword.builtin.ClickKeyword$_click_closure1.call(ClickKeyword.groovy)
	at com.kms.katalon.core.webui.keyword.internal.WebUIKeywordMain.runKeyword(WebUIKeywordMain.groovy:20)
	at com.kms.katalon.core.webui.keyword.builtin.ClickKeyword.click(ClickKeyword.groovy:75)
	at com.kms.katalon.core.webui.keyword.builtin.ClickKeyword.execute(ClickKeyword.groovy:42)
	at com.kms.katalon.core.keyword.internal.KeywordExecutor.executeKeywordForPlatform(KeywordExecutor.groovy:73)
	at com.kms.katalon.core.webui.keyword.WebUiBuiltInKeywords.click(WebUiBuiltInKeywords.groovy:619)
	at com.kms.katalon.core.webui.keyword.WebUiBuiltInKeywords$click$3.call(Unknown Source)
	at Script1622208952441.run(Script1622208952441.groovy:36)
	... 13 more
)
[[ATTACHMENT|C:\\Users\\dell\\Katalon Studio\\Mattermost\\Reports\\20210528_214006\\Edit_FullName\\20210528_214006\\1622213131887.png]]]]></system-out>
         <system-err><![CDATA[2021-05-28 21:44:08 - [TEST_CASE][FAILED] - Test Cases/Edit FullName: Test Cases/Edit FullName FAILED.
Reason:
com.kms.katalon.core.exception.StepFailedException: Unable to click on object 'Object Repository/Edit Fullname/Page_Town Square - mattermost Mattermost/span'
	at com.kms.katalon.core.webui.keyword.internal.WebUIKeywordMain.stepFailed(WebUIKeywordMain.groovy:64)
	at com.kms.katalon.core.webui.keyword.internal.WebUIKeywordMain.runKeyword(WebUIKeywordMain.groovy:26)
	at com.kms.katalon.core.webui.keyword.builtin.ClickKeyword.click(ClickKeyword.groovy:75)
	at com.kms.katalon.core.webui.keyword.builtin.ClickKeyword.execute(ClickKeyword.groovy:42)
	at com.kms.katalon.core.keyword.internal.KeywordExecutor.executeKeywordForPlatform(KeywordExecutor.groovy:73)
	at com.kms.katalon.core.webui.keyword.WebUiBuiltInKeywords.click(WebUiBuiltInKeywords.groovy:619)
	at com.kms.katalon.core.webui.keyword.WebUiBuiltInKeywords$click$3.call(Unknown Source)
	at Edit FullName.run(Edit FullName:36)
	at com.kms.katalon.core.main.ScriptEngine.run(ScriptEngine.java:194)
	at com.kms.katalon.core.main.ScriptEngine.runScriptAsRawText(ScriptEngine.java:119)
	at com.kms.katalon.core.main.TestCaseExecutor.runScript(TestCaseExecutor.java:398)
	at com.kms.katalon.core.main.TestCaseExecutor.doExecute(TestCaseExecutor.java:389)
	at com.kms.katalon.core.main.TestCaseExecutor.processExecutionPhase(TestCaseExecutor.java:368)
	at com.kms.katalon.core.main.TestCaseExecutor.accessMainPhase(TestCaseExecutor.java:360)
	at com.kms.katalon.core.main.TestCaseExecutor.execute(TestCaseExecutor.java:255)
	at com.kms.katalon.core.main.TestSuiteExecutor.accessTestCaseMainPhase(TestSuiteExecutor.java:203)
	at com.kms.katalon.core.main.TestSuiteExecutor.accessTestSuiteMainPhase(TestSuiteExecutor.java:152)
	at com.kms.katalon.core.main.TestSuiteExecutor.execute(TestSuiteExecutor.java:95)
	at com.kms.katalon.core.main.TestCaseMain.startTestSuite(TestCaseMain.java:157)
	at com.kms.katalon.core.main.TestCaseMain$startTestSuite$0.call(Unknown Source)
	at TempTestSuite1622212806446.run(TempTestSuite1622212806446.groovy:39)
Caused by: com.kms.katalon.core.webui.exception.WebElementNotFoundException: Web element with id: 'Object Repository/Edit Fullname/Page_Town Square - mattermost Mattermost/span' located by '//div[@id='headerInfo']/button/span' not found
	at com.kms.katalon.core.webui.common.WebUiCommonHelper.findWebElement(WebUiCommonHelper.java:1368)
	at com.kms.katalon.core.webui.keyword.internal.WebUIAbstractKeyword.findWebElement(WebUIAbstractKeyword.groovy:27)
	at com.kms.katalon.core.webui.keyword.internal.WebUIAbstractKeyword.findWebElement(WebUIAbstractKeyword.groovy:26)
	at com.kms.katalon.core.webui.keyword.builtin.ClickKeyword$_click_closure1.doCall(ClickKeyword.groovy:66)
	at com.kms.katalon.core.webui.keyword.builtin.ClickKeyword$_click_closure1.call(ClickKeyword.groovy)
	at com.kms.katalon.core.webui.keyword.internal.WebUIKeywordMain.runKeyword(WebUIKeywordMain.groovy:20)
	... 19 more]]></system-err>
      </testcase>
      <system-out><![CDATA[2021-05-28 21:40:18 - [TEST_SUITE][FAILED] - Edit_FullName: Test Cases/Edit FullName FAILED.
Reason:
com.kms.katalon.core.exception.StepFailedException: Unable to set text 'DangUyen' of object 'Object Repository/Edit Fullname/Page_Mattermost/input_All team communication in one place, _dcc84b'
	at com.kms.katalon.core.webui.keyword.internal.WebUIKeywordMain.stepFailed(WebUIKeywordMain.groovy:64)
	at com.kms.katalon.core.webui.keyword.internal.WebUIKeywordMain.runKeyword(WebUIKeywordMain.groovy:26)
	at com.kms.katalon.core.webui.keyword.builtin.SetTextKeyword.setText(SetTextKeyword.groovy:66)
	at com.kms.katalon.core.webui.keyword.builtin.SetTextKeyword.execute(SetTextKeyword.groovy:37)
	at com.kms.katalon.core.keyword.internal.KeywordExecutor.executeKeywordForPlatform(KeywordExecutor.groovy:73)
	at com.kms.katalon.core.webui.keyword.WebUiBuiltInKeywords.setText(WebUiBuiltInKeywords.groovy:979)
	at com.kms.katalon.core.webui.keyword.WebUiBuiltInKeywords$setText$1.call(Unknown Source)
	at Edit FullName.run(Edit FullName:24)
	at com.kms.katalon.core.main.ScriptEngine.run(ScriptEngine.java:194)
	at com.kms.katalon.core.main.ScriptEngine.runScriptAsRawText(ScriptEngine.java:119)
	at com.kms.katalon.core.main.TestCaseExecutor.runScript(TestCaseExecutor.java:398)
	at com.kms.katalon.core.main.TestCaseExecutor.doExecute(TestCaseExecutor.java:389)
	at com.kms.katalon.core.main.TestCaseExecutor.processExecutionPhase(TestCaseExecutor.java:368)
	at com.kms.katalon.core.main.TestCaseExecutor.accessMainPhase(TestCaseExecutor.java:360)
	at com.kms.katalon.core.main.TestCaseExecutor.execute(TestCaseExecutor.java:255)
	at com.kms.katalon.core.main.TestSuiteExecutor.accessTestCaseMainPhase(TestSuiteExecutor.java:203)
	at com.kms.katalon.core.main.TestSuiteExecutor.accessTestSuiteMainPhase(TestSuiteExecutor.java:152)
	at com.kms.katalon.core.main.TestSuiteExecutor.execute(TestSuiteExecutor.java:95)
	at com.kms.katalon.core.main.TestCaseMain.startTestSuite(TestCaseMain.java:157)
	at com.kms.katalon.core.main.TestCaseMain$startTestSuite$0.call(Unknown Source)
	at TempTestSuite1622212806446.run(TempTestSuite1622212806446.groovy:39)
Caused by: com.kms.katalon.core.webui.exception.WebElementNotFoundException: Web element with id: 'Object Repository/Edit Fullname/Page_Mattermost/input_All team communication in one place, _dcc84b' located by '//input[@id='loginId']' not found
	at com.kms.katalon.core.webui.common.WebUiCommonHelper.findWebElement(WebUiCommonHelper.java:1368)
	at com.kms.katalon.core.webui.keyword.internal.WebUIAbstractKeyword.findWebElement(WebUIAbstractKeyword.groovy:27)
	at com.kms.katalon.core.webui.keyword.internal.WebUIAbstractKeyword.findWebElement(WebUIAbstractKeyword.groovy:26)
	at com.kms.katalon.core.webui.keyword.builtin.SetTextKeyword$_setText_closure1.doCall(SetTextKeyword.groovy:51)
	at com.kms.katalon.core.webui.keyword.builtin.SetTextKeyword$_setText_closure1.call(SetTextKeyword.groovy)
	at com.kms.katalon.core.webui.keyword.internal.WebUIKeywordMain.runKeyword(WebUIKeywordMain.groovy:20)
	... 19 more]]></system-out>
      <system-err><![CDATA[2021-05-28 21:40:18 - [TEST_SUITE][FAILED] - Edit_FullName: Test Cases/Edit FullName FAILED.
Reason:
com.kms.katalon.core.exception.StepFailedException: Unable to set text 'DangUyen' of object 'Object Repository/Edit Fullname/Page_Mattermost/input_All team communication in one place, _dcc84b'
	at com.kms.katalon.core.webui.keyword.internal.WebUIKeywordMain.stepFailed(WebUIKeywordMain.groovy:64)
	at com.kms.katalon.core.webui.keyword.internal.WebUIKeywordMain.runKeyword(WebUIKeywordMain.groovy:26)
	at com.kms.katalon.core.webui.keyword.builtin.SetTextKeyword.setText(SetTextKeyword.groovy:66)
	at com.kms.katalon.core.webui.keyword.builtin.SetTextKeyword.execute(SetTextKeyword.groovy:37)
	at com.kms.katalon.core.keyword.internal.KeywordExecutor.executeKeywordForPlatform(KeywordExecutor.groovy:73)
	at com.kms.katalon.core.webui.keyword.WebUiBuiltInKeywords.setText(WebUiBuiltInKeywords.groovy:979)
	at com.kms.katalon.core.webui.keyword.WebUiBuiltInKeywords$setText$1.call(Unknown Source)
	at Edit FullName.run(Edit FullName:24)
	at com.kms.katalon.core.main.ScriptEngine.run(ScriptEngine.java:194)
	at com.kms.katalon.core.main.ScriptEngine.runScriptAsRawText(ScriptEngine.java:119)
	at com.kms.katalon.core.main.TestCaseExecutor.runScript(TestCaseExecutor.java:398)
	at com.kms.katalon.core.main.TestCaseExecutor.doExecute(TestCaseExecutor.java:389)
	at com.kms.katalon.core.main.TestCaseExecutor.processExecutionPhase(TestCaseExecutor.java:368)
	at com.kms.katalon.core.main.TestCaseExecutor.accessMainPhase(TestCaseExecutor.java:360)
	at com.kms.katalon.core.main.TestCaseExecutor.execute(TestCaseExecutor.java:255)
	at com.kms.katalon.core.main.TestSuiteExecutor.accessTestCaseMainPhase(TestSuiteExecutor.java:203)
	at com.kms.katalon.core.main.TestSuiteExecutor.accessTestSuiteMainPhase(TestSuiteExecutor.java:152)
	at com.kms.katalon.core.main.TestSuiteExecutor.execute(TestSuiteExecutor.java:95)
	at com.kms.katalon.core.main.TestCaseMain.startTestSuite(TestCaseMain.java:157)
	at com.kms.katalon.core.main.TestCaseMain$startTestSuite$0.call(Unknown Source)
	at TempTestSuite1622212806446.run(TempTestSuite1622212806446.groovy:39)
Caused by: com.kms.katalon.core.webui.exception.WebElementNotFoundException: Web element with id: 'Object Repository/Edit Fullname/Page_Mattermost/input_All team communication in one place, _dcc84b' located by '//input[@id='loginId']' not found
	at com.kms.katalon.core.webui.common.WebUiCommonHelper.findWebElement(WebUiCommonHelper.java:1368)
	at com.kms.katalon.core.webui.keyword.internal.WebUIAbstractKeyword.findWebElement(WebUIAbstractKeyword.groovy:27)
	at com.kms.katalon.core.webui.keyword.internal.WebUIAbstractKeyword.findWebElement(WebUIAbstractKeyword.groovy:26)
	at com.kms.katalon.core.webui.keyword.builtin.SetTextKeyword$_setText_closure1.doCall(SetTextKeyword.groovy:51)
	at com.kms.katalon.core.webui.keyword.builtin.SetTextKeyword$_setText_closure1.call(SetTextKeyword.groovy)
	at com.kms.katalon.core.webui.keyword.internal.WebUIKeywordMain.runKeyword(WebUIKeywordMain.groovy:20)
	... 19 more]]></system-err>
   </testsuite>
</testsuites>
