<?xml version="1.0" encoding="UTF-8"?>
<testsuites name="Sign_Up_Account" time="465.376" tests="7" failures="2" errors="0">
   <testsuite name="Sign_Up_Account" tests="7" failures="2" errors="0" time="465.376" skipped="0" timestamp="2021-05-28 21:57:23" hostname="dell - DESKTOP-I6PT8CN.mshome.net" id="Test Suites/Sign_Up_Account">
      <properties>
         <property name="deviceName" value=""/>
         <property name="devicePlatform" value=""/>
         <property name="logFolder" value="C:\\Users\\dell\\Katalon Studio\\Mattermost\\Reports\\20210528_215703\\Sign_Up_Account\\20210528_215703"/>
         <property name="logFiles" value="C:\\Users\\dell\\Katalon Studio\\Mattermost\\Reports\\20210528_215703\\Sign_Up_Account\\20210528_215703\\execution0.log"/>
         <property name="attachments" value="C:\\Users\\dell\\Katalon Studio\\Mattermost\\Reports\\20210528_215703\\Sign_Up_Account\\20210528_215703\\1622214080666.png, C:\\Users\\dell\\Katalon Studio\\Mattermost\\Reports\\20210528_215703\\Sign_Up_Account\\20210528_215703\\1622214151362.png"/>
         <property name="hostName" value="dell - DESKTOP-I6PT8CN.mshome.net"/>
         <property name="os" value="Windows 10 64bit"/>
         <property name="katalonVersion" value="8.0.0.208"/>
         <property name="browser" value="Chrome 90.0.4430.212"/>
         <property name="hostAddress" value="172.21.96.1"/>
         <property name="sessionId" value="ba5305c6eacfb48d0f188db79ffb75e5"/>
         <property name="seleniumVersion" value="3.141.59"/>
         <property name="proxyInformation" value="ProxyInformation { proxyOption=NO_PROXY, proxyServerType=HTTP, username=, password=********, proxyServerAddress=, proxyServerPort=0, executionList=&quot;&quot;, isApplyToDesiredCapabilities=true }"/>
         <property name="platform" value="Windows 10"/>
      </properties>
      <testcase name="Test Cases/Data Type/Sign-Up-Account" time="18.867" classname="Test Cases/Data Type/Sign-Up-Account" status="PASSED">
         <system-out><![CDATA[2021-05-28 21:57:24 - [TEST_CASE][PASSED] - Test Cases/Data Type/Sign-Up-Account: Test Cases/Data Type/Sign-Up-Account

2021-05-28 21:57:25 - [TEST_STEP][PASSED] - openBrowser(""): Browser is opened with url: ''

2021-05-28 21:57:25 - [MESSAGE][INFO] - Starting 'Chrome' driver

2021-05-28 21:57:25 - [MESSAGE][INFO] - Action delay is set to 0 milliseconds

2021-05-28 21:57:28 - [MESSAGE][PASSED] - Browser is opened with url: ''

2021-05-28 21:57:28 - [TEST_STEP][PASSED] - navigateToUrl("https://mattermost-autotest.herokuapp.com/signup_email?id=bjz71s5p83g3ix13eth98bo7aw&fbclid=IwAR3R54HjPAKlm9IYu5u0ofSi_RT75MYITTGlO-0rb3RAByX4NuwHUiV51W8"): Navigate to 'https://mattermost-autotest.herokuapp.com/signup_email?id=bjz71s5p83g3ix13eth98bo7aw&fbclid=IwAR3R54HjPAKlm9IYu5u0ofSi_RT75MYITTGlO-0rb3RAByX4NuwHUiV51W8' successfully

2021-05-28 21:57:34 - [MESSAGE][PASSED] - Navigate to 'https://mattermost-autotest.herokuapp.com/signup_email?id=bjz71s5p83g3ix13eth98bo7aw&fbclid=IwAR3R54HjPAKlm9IYu5u0ofSi_RT75MYITTGlO-0rb3RAByX4NuwHUiV51W8' successfully

2021-05-28 21:57:34 - [TEST_STEP][PASSED] - setText(findTestObject("Sign Up/input_concat(What, , s your email address)_email"), EmailAddress): Text 'danguyen811999@gmail.com' is set on object 'Object Repository/Sign Up/input_concat(What, , s your email address)_email'

2021-05-28 21:57:41 - [MESSAGE][PASSED] - Text 'danguyen811999@gmail.com' is set on object 'Object Repository/Sign Up/input_concat(What, , s your email address)_email'

2021-05-28 21:57:41 - [TEST_STEP][PASSED] - setText(findTestObject("Sign Up/input_Choose your username_name"), Username): Text 'Uyen' is set on object 'Object Repository/Sign Up/input_Choose your username_name'

2021-05-28 21:57:41 - [MESSAGE][PASSED] - Text 'Uyen' is set on object 'Object Repository/Sign Up/input_Choose your username_name'

2021-05-28 21:57:41 - [TEST_STEP][PASSED] - setEncryptedText(findTestObject("Sign Up/input_Choose your password_password"), Password): Text ****** has been set on object 'Object Repository/Sign Up/input_Choose your password_password'

2021-05-28 21:57:42 - [MESSAGE][PASSED] - Text ****** has been set on object 'Object Repository/Sign Up/input_Choose your password_password'

2021-05-28 21:57:42 - [TEST_STEP][PASSED] - click(findTestObject("Sign Up/span_Create Account")): Object: 'Object Repository/Sign Up/span_Create Account' is clicked on

2021-05-28 21:57:42 - [MESSAGE][PASSED] - Object: 'Object Repository/Sign Up/span_Create Account' is clicked on

2021-05-28 21:57:42 - [TEST_STEP][PASSED] - closeBrowser(): Browser is closed

2021-05-28 21:57:43 - [MESSAGE][PASSED] - Browser is closed]]></system-out>
         <system-err><![CDATA[]]></system-err>
      </testcase>
      <testcase name="Test Cases/Data Type/Sign-Up-Account" time="46.209" classname="Test Cases/Data Type/Sign-Up-Account" status="PASSED">
         <system-out><![CDATA[2021-05-28 21:57:43 - [TEST_CASE][PASSED] - Test Cases/Data Type/Sign-Up-Account: Test Cases/Data Type/Sign-Up-Account

2021-05-28 21:57:43 - [TEST_STEP][PASSED] - openBrowser(""): Browser is opened with url: ''

2021-05-28 21:57:43 - [MESSAGE][INFO] - Starting 'Chrome' driver

2021-05-28 21:57:43 - [MESSAGE][INFO] - Action delay is set to 0 milliseconds

2021-05-28 21:57:44 - [MESSAGE][PASSED] - Browser is opened with url: ''

2021-05-28 21:57:44 - [TEST_STEP][PASSED] - navigateToUrl("https://mattermost-autotest.herokuapp.com/signup_email?id=bjz71s5p83g3ix13eth98bo7aw&fbclid=IwAR3R54HjPAKlm9IYu5u0ofSi_RT75MYITTGlO-0rb3RAByX4NuwHUiV51W8"): Navigate to 'https://mattermost-autotest.herokuapp.com/signup_email?id=bjz71s5p83g3ix13eth98bo7aw&fbclid=IwAR3R54HjPAKlm9IYu5u0ofSi_RT75MYITTGlO-0rb3RAByX4NuwHUiV51W8' successfully

2021-05-28 21:57:50 - [MESSAGE][PASSED] - Navigate to 'https://mattermost-autotest.herokuapp.com/signup_email?id=bjz71s5p83g3ix13eth98bo7aw&fbclid=IwAR3R54HjPAKlm9IYu5u0ofSi_RT75MYITTGlO-0rb3RAByX4NuwHUiV51W8' successfully

2021-05-28 21:57:50 - [TEST_STEP][PASSED] - setText(findTestObject("Sign Up/input_concat(What, , s your email address)_email"), EmailAddress): Text 'danguyen0801@gmail.com' is set on object 'Object Repository/Sign Up/input_concat(What, , s your email address)_email'

2021-05-28 21:58:27 - [MESSAGE][PASSED] - Text 'danguyen0801@gmail.com' is set on object 'Object Repository/Sign Up/input_concat(What, , s your email address)_email'

2021-05-28 21:58:27 - [TEST_STEP][PASSED] - setText(findTestObject("Sign Up/input_Choose your username_name"), Username): Text 'DangUyen' is set on object 'Object Repository/Sign Up/input_Choose your username_name'

2021-05-28 21:58:28 - [MESSAGE][PASSED] - Text 'DangUyen' is set on object 'Object Repository/Sign Up/input_Choose your username_name'

2021-05-28 21:58:28 - [TEST_STEP][PASSED] - setEncryptedText(findTestObject("Sign Up/input_Choose your password_password"), Password): Text ****** has been set on object 'Object Repository/Sign Up/input_Choose your password_password'

2021-05-28 21:58:28 - [MESSAGE][PASSED] - Text ****** has been set on object 'Object Repository/Sign Up/input_Choose your password_password'

2021-05-28 21:58:28 - [TEST_STEP][PASSED] - click(findTestObject("Sign Up/span_Create Account")): Object: 'Object Repository/Sign Up/span_Create Account' is clicked on

2021-05-28 21:58:29 - [MESSAGE][PASSED] - Object: 'Object Repository/Sign Up/span_Create Account' is clicked on

2021-05-28 21:58:29 - [TEST_STEP][PASSED] - closeBrowser(): Browser is closed

2021-05-28 21:58:29 - [MESSAGE][PASSED] - Browser is closed]]></system-out>
         <system-err><![CDATA[]]></system-err>
      </testcase>
      <testcase name="Test Cases/Data Type/Sign-Up-Account" time="170.955" classname="Test Cases/Data Type/Sign-Up-Account" status="FAILED">
         <failure type="FAILED" message="Test Cases/Data Type/Sign-Up-Account FAILED.
Reason:
com.kms.katalon.core.exception.StepFailedException: Unable to set text 'voanhduyen0604@gmail.com' of object 'Object Repository/Sign Up/input_concat(What, , s your email address)_email'
	at com.kms.katalon.core.webui.keyword.internal.WebUIKeywordMain.stepFailed(WebUIKeywordMain.groovy:64)
	at com.kms.katalon.core.webui.keyword.internal.WebUIKeywordMain.runKeyword(WebUIKeywordMain.groovy:26)
	at com.kms.katalon.core.webui.keyword.builtin.SetTextKeyword.setText(SetTextKeyword.groovy:66)
	at com.kms.katalon.core.webui.keyword.builtin.SetTextKeyword.execute(SetTextKeyword.groovy:37)
	at com.kms.katalon.core.keyword.internal.KeywordExecutor.executeKeywordForPlatform(KeywordExecutor.groovy:73)
	at com.kms.katalon.core.webui.keyword.WebUiBuiltInKeywords.setText(WebUiBuiltInKeywords.groovy:979)
	at com.kms.katalon.core.webui.keyword.WebUiBuiltInKeywords$setText$1.call(Unknown Source)
	at Sign-Up-Account.run(Sign-Up-Account:24)
	at com.kms.katalon.core.main.ScriptEngine.run(ScriptEngine.java:194)
	at com.kms.katalon.core.main.ScriptEngine.runScriptAsRawText(ScriptEngine.java:119)
	at com.kms.katalon.core.main.TestCaseExecutor.runScript(TestCaseExecutor.java:398)
	at com.kms.katalon.core.main.TestCaseExecutor.doExecute(TestCaseExecutor.java:389)
	at com.kms.katalon.core.main.TestCaseExecutor.processExecutionPhase(TestCaseExecutor.java:368)
	at com.kms.katalon.core.main.TestCaseExecutor.accessMainPhase(TestCaseExecutor.java:360)
	at com.kms.katalon.core.main.TestCaseExecutor.execute(TestCaseExecutor.java:255)
	at com.kms.katalon.core.main.TestSuiteExecutor.accessTestCaseMainPhase(TestSuiteExecutor.java:203)
	at com.kms.katalon.core.main.TestSuiteExecutor.accessTestSuiteMainPhase(TestSuiteExecutor.java:152)
	at com.kms.katalon.core.main.TestSuiteExecutor.execute(TestSuiteExecutor.java:95)
	at com.kms.katalon.core.main.TestCaseMain.startTestSuite(TestCaseMain.java:157)
	at com.kms.katalon.core.main.TestCaseMain$startTestSuite$0.call(Unknown Source)
	at TempTestSuite1622213823021.run(TempTestSuite1622213823021.groovy:39)
Caused by: com.kms.katalon.core.webui.exception.WebElementNotFoundException: Web element with id: 'Object Repository/Sign Up/input_concat(What, , s your email address)_email' located by '//input[@id='email']' not found
	at com.kms.katalon.core.webui.common.WebUiCommonHelper.findWebElement(WebUiCommonHelper.java:1368)
	at com.kms.katalon.core.webui.keyword.internal.WebUIAbstractKeyword.findWebElement(WebUIAbstractKeyword.groovy:27)
	at com.kms.katalon.core.webui.keyword.internal.WebUIAbstractKeyword.findWebElement(WebUIAbstractKeyword.groovy:26)
	at com.kms.katalon.core.webui.keyword.builtin.SetTextKeyword$_setText_closure1.doCall(SetTextKeyword.groovy:51)
	at com.kms.katalon.core.webui.keyword.builtin.SetTextKeyword$_setText_closure1.call(SetTextKeyword.groovy)
	at com.kms.katalon.core.webui.keyword.internal.WebUIKeywordMain.runKeyword(WebUIKeywordMain.groovy:20)
	... 19 more
"/>
         <system-out><![CDATA[2021-05-28 21:58:29 - [TEST_CASE][FAILED] - Test Cases/Data Type/Sign-Up-Account: Test Cases/Data Type/Sign-Up-Account FAILED.
Reason:
com.kms.katalon.core.exception.StepFailedException: Unable to set text 'voanhduyen0604@gmail.com' of object 'Object Repository/Sign Up/input_concat(What, , s your email address)_email'
	at com.kms.katalon.core.webui.keyword.internal.WebUIKeywordMain.stepFailed(WebUIKeywordMain.groovy:64)
	at com.kms.katalon.core.webui.keyword.internal.WebUIKeywordMain.runKeyword(WebUIKeywordMain.groovy:26)
	at com.kms.katalon.core.webui.keyword.builtin.SetTextKeyword.setText(SetTextKeyword.groovy:66)
	at com.kms.katalon.core.webui.keyword.builtin.SetTextKeyword.execute(SetTextKeyword.groovy:37)
	at com.kms.katalon.core.keyword.internal.KeywordExecutor.executeKeywordForPlatform(KeywordExecutor.groovy:73)
	at com.kms.katalon.core.webui.keyword.WebUiBuiltInKeywords.setText(WebUiBuiltInKeywords.groovy:979)
	at com.kms.katalon.core.webui.keyword.WebUiBuiltInKeywords$setText$1.call(Unknown Source)
	at Sign-Up-Account.run(Sign-Up-Account:24)
	at com.kms.katalon.core.main.ScriptEngine.run(ScriptEngine.java:194)
	at com.kms.katalon.core.main.ScriptEngine.runScriptAsRawText(ScriptEngine.java:119)
	at com.kms.katalon.core.main.TestCaseExecutor.runScript(TestCaseExecutor.java:398)
	at com.kms.katalon.core.main.TestCaseExecutor.doExecute(TestCaseExecutor.java:389)
	at com.kms.katalon.core.main.TestCaseExecutor.processExecutionPhase(TestCaseExecutor.java:368)
	at com.kms.katalon.core.main.TestCaseExecutor.accessMainPhase(TestCaseExecutor.java:360)
	at com.kms.katalon.core.main.TestCaseExecutor.execute(TestCaseExecutor.java:255)
	at com.kms.katalon.core.main.TestSuiteExecutor.accessTestCaseMainPhase(TestSuiteExecutor.java:203)
	at com.kms.katalon.core.main.TestSuiteExecutor.accessTestSuiteMainPhase(TestSuiteExecutor.java:152)
	at com.kms.katalon.core.main.TestSuiteExecutor.execute(TestSuiteExecutor.java:95)
	at com.kms.katalon.core.main.TestCaseMain.startTestSuite(TestCaseMain.java:157)
	at com.kms.katalon.core.main.TestCaseMain$startTestSuite$0.call(Unknown Source)
	at TempTestSuite1622213823021.run(TempTestSuite1622213823021.groovy:39)
Caused by: com.kms.katalon.core.webui.exception.WebElementNotFoundException: Web element with id: 'Object Repository/Sign Up/input_concat(What, , s your email address)_email' located by '//input[@id='email']' not found
	at com.kms.katalon.core.webui.common.WebUiCommonHelper.findWebElement(WebUiCommonHelper.java:1368)
	at com.kms.katalon.core.webui.keyword.internal.WebUIAbstractKeyword.findWebElement(WebUIAbstractKeyword.groovy:27)
	at com.kms.katalon.core.webui.keyword.internal.WebUIAbstractKeyword.findWebElement(WebUIAbstractKeyword.groovy:26)
	at com.kms.katalon.core.webui.keyword.builtin.SetTextKeyword$_setText_closure1.doCall(SetTextKeyword.groovy:51)
	at com.kms.katalon.core.webui.keyword.builtin.SetTextKeyword$_setText_closure1.call(SetTextKeyword.groovy)
	at com.kms.katalon.core.webui.keyword.internal.WebUIKeywordMain.runKeyword(WebUIKeywordMain.groovy:20)
	... 19 more


2021-05-28 21:58:29 - [TEST_STEP][PASSED] - openBrowser(""): Browser is opened with url: ''

2021-05-28 21:58:29 - [MESSAGE][INFO] - Starting 'Chrome' driver

2021-05-28 21:58:29 - [MESSAGE][INFO] - Action delay is set to 0 milliseconds

2021-05-28 21:58:31 - [MESSAGE][PASSED] - Browser is opened with url: ''

2021-05-28 21:58:31 - [TEST_STEP][PASSED] - navigateToUrl("https://mattermost-autotest.herokuapp.com/signup_email?id=bjz71s5p83g3ix13eth98bo7aw&fbclid=IwAR3R54HjPAKlm9IYu5u0ofSi_RT75MYITTGlO-0rb3RAByX4NuwHUiV51W8"): Navigate to 'https://mattermost-autotest.herokuapp.com/signup_email?id=bjz71s5p83g3ix13eth98bo7aw&fbclid=IwAR3R54HjPAKlm9IYu5u0ofSi_RT75MYITTGlO-0rb3RAByX4NuwHUiV51W8' successfully

2021-05-28 22:00:45 - [MESSAGE][PASSED] - Navigate to 'https://mattermost-autotest.herokuapp.com/signup_email?id=bjz71s5p83g3ix13eth98bo7aw&fbclid=IwAR3R54HjPAKlm9IYu5u0ofSi_RT75MYITTGlO-0rb3RAByX4NuwHUiV51W8' successfully

2021-05-28 22:00:45 - [TEST_STEP][FAILED] - setText(findTestObject("Sign Up/input_concat(What, , s your email address)_email"), EmailAddress): Unable to set text 'voanhduyen0604@gmail.com' of object 'Object Repository/Sign Up/input_concat(What, , s your email address)_email' (Root cause: com.kms.katalon.core.exception.StepFailedException: Unable to set text 'voanhduyen0604@gmail.com' of object 'Object Repository/Sign Up/input_concat(What, , s your email address)_email'
	at com.kms.katalon.core.webui.keyword.internal.WebUIKeywordMain.stepFailed(WebUIKeywordMain.groovy:64)
	at com.kms.katalon.core.webui.keyword.internal.WebUIKeywordMain.runKeyword(WebUIKeywordMain.groovy:26)
	at com.kms.katalon.core.webui.keyword.builtin.SetTextKeyword.setText(SetTextKeyword.groovy:66)
	at com.kms.katalon.core.webui.keyword.builtin.SetTextKeyword.execute(SetTextKeyword.groovy:37)
	at com.kms.katalon.core.keyword.internal.KeywordExecutor.executeKeywordForPlatform(KeywordExecutor.groovy:73)
	at com.kms.katalon.core.webui.keyword.WebUiBuiltInKeywords.setText(WebUiBuiltInKeywords.groovy:979)
	at com.kms.katalon.core.webui.keyword.WebUiBuiltInKeywords$setText$1.call(Unknown Source)
	at Sign-Up-Account.run(Sign-Up-Account:24)
	at com.kms.katalon.core.main.ScriptEngine.run(ScriptEngine.java:194)
	at com.kms.katalon.core.main.ScriptEngine.runScriptAsRawText(ScriptEngine.java:119)
	at com.kms.katalon.core.main.TestCaseExecutor.runScript(TestCaseExecutor.java:398)
	at com.kms.katalon.core.main.TestCaseExecutor.doExecute(TestCaseExecutor.java:389)
	at com.kms.katalon.core.main.TestCaseExecutor.processExecutionPhase(TestCaseExecutor.java:368)
	at com.kms.katalon.core.main.TestCaseExecutor.accessMainPhase(TestCaseExecutor.java:360)
	at com.kms.katalon.core.main.TestCaseExecutor.execute(TestCaseExecutor.java:255)
	at com.kms.katalon.core.main.TestSuiteExecutor.accessTestCaseMainPhase(TestSuiteExecutor.java:203)
	at com.kms.katalon.core.main.TestSuiteExecutor.accessTestSuiteMainPhase(TestSuiteExecutor.java:152)
	at com.kms.katalon.core.main.TestSuiteExecutor.execute(TestSuiteExecutor.java:95)
	at com.kms.katalon.core.main.TestCaseMain.startTestSuite(TestCaseMain.java:157)
	at com.kms.katalon.core.main.TestCaseMain$startTestSuite$0.call(Unknown Source)
	at TempTestSuite1622213823021.run(TempTestSuite1622213823021.groovy:39)
Caused by: com.kms.katalon.core.webui.exception.WebElementNotFoundException: Web element with id: 'Object Repository/Sign Up/input_concat(What, , s your email address)_email' located by '//input[@id='email']' not found
	at com.kms.katalon.core.webui.common.WebUiCommonHelper.findWebElement(WebUiCommonHelper.java:1368)
	at com.kms.katalon.core.webui.keyword.internal.WebUIAbstractKeyword.findWebElement(WebUIAbstractKeyword.groovy:27)
	at com.kms.katalon.core.webui.keyword.internal.WebUIAbstractKeyword.findWebElement(WebUIAbstractKeyword.groovy:26)
	at com.kms.katalon.core.webui.keyword.builtin.SetTextKeyword$_setText_closure1.doCall(SetTextKeyword.groovy:51)
	at com.kms.katalon.core.webui.keyword.builtin.SetTextKeyword$_setText_closure1.call(SetTextKeyword.groovy)
	at com.kms.katalon.core.webui.keyword.internal.WebUIKeywordMain.runKeyword(WebUIKeywordMain.groovy:20)
	at com.kms.katalon.core.webui.keyword.builtin.SetTextKeyword.setText(SetTextKeyword.groovy:66)
	at com.kms.katalon.core.webui.keyword.builtin.SetTextKeyword.execute(SetTextKeyword.groovy:37)
	at com.kms.katalon.core.keyword.internal.KeywordExecutor.executeKeywordForPlatform(KeywordExecutor.groovy:73)
	at com.kms.katalon.core.webui.keyword.WebUiBuiltInKeywords.setText(WebUiBuiltInKeywords.groovy:979)
	at com.kms.katalon.core.webui.keyword.WebUiBuiltInKeywords$setText$1.call(Unknown Source)
	at Script1622172252167.run(Script1622172252167.groovy:24)
	... 13 more
)

2021-05-28 22:01:16 - [MESSAGE][INFO] - Unable to find the element located by 'By.xpath: //input[@id='email']'. Please recheck the objects properties to make sure the desired element is located. 

2021-05-28 22:01:16 - [MESSAGE][WARNING] - [SELF-HEALING] Failed to find element with id 'Object Repository/Sign Up/input_concat(What, , s your email address)_email'. Try using Self-healing.

2021-05-28 22:01:17 - [MESSAGE][INFO] - [SELF-HEALING] Failed Locator: '//input[@id='email']'.

2021-05-28 22:01:17 - [MESSAGE][INFO] - [SELF-HEALING] Failed Locator: '//div[@id='signup_email_section']/div/form/div/div/div/input'.

2021-05-28 22:01:17 - [MESSAGE][INFO] - [SELF-HEALING] Failed Locator: '//input'.

2021-05-28 22:01:17 - [MESSAGE][INFO] - [SELF-HEALING] Failed Locator: '//input[@id='email']'.

2021-05-28 22:01:18 - [MESSAGE][INFO] - [SELF-HEALING] Failed Locator: '//div[@id='signup_email_section']/div/form/div/div/div/input'.

2021-05-28 22:01:18 - [MESSAGE][INFO] - [SELF-HEALING] Failed Locator: '//input'.

2021-05-28 22:01:19 - [MESSAGE][INFO] - Unable to find the element located by 'By.xpath: //*[@id = 'email' and @type = 'email']'. Please recheck the objects properties to make sure the desired element is located. 

2021-05-28 22:01:20 - [MESSAGE][INFO] - Unable to find the element located by 'By.cssSelector: #email'. Please recheck the objects properties to make sure the desired element is located. 

2021-05-28 22:01:20 - [MESSAGE][FAILED] - Unable to set text 'voanhduyen0604@gmail.com' of object 'Object Repository/Sign Up/input_concat(What, , s your email address)_email' (Root cause: com.kms.katalon.core.exception.StepFailedException: Unable to set text 'voanhduyen0604@gmail.com' of object 'Object Repository/Sign Up/input_concat(What, , s your email address)_email'
	at com.kms.katalon.core.webui.keyword.internal.WebUIKeywordMain.stepFailed(WebUIKeywordMain.groovy:64)
	at com.kms.katalon.core.webui.keyword.internal.WebUIKeywordMain.runKeyword(WebUIKeywordMain.groovy:26)
	at com.kms.katalon.core.webui.keyword.builtin.SetTextKeyword.setText(SetTextKeyword.groovy:66)
	at com.kms.katalon.core.webui.keyword.builtin.SetTextKeyword.execute(SetTextKeyword.groovy:37)
	at com.kms.katalon.core.keyword.internal.KeywordExecutor.executeKeywordForPlatform(KeywordExecutor.groovy:73)
	at com.kms.katalon.core.webui.keyword.WebUiBuiltInKeywords.setText(WebUiBuiltInKeywords.groovy:979)
	at com.kms.katalon.core.webui.keyword.WebUiBuiltInKeywords$setText$1.call(Unknown Source)
	at Sign-Up-Account.run(Sign-Up-Account:24)
	at com.kms.katalon.core.main.ScriptEngine.run(ScriptEngine.java:194)
	at com.kms.katalon.core.main.ScriptEngine.runScriptAsRawText(ScriptEngine.java:119)
	at com.kms.katalon.core.main.TestCaseExecutor.runScript(TestCaseExecutor.java:398)
	at com.kms.katalon.core.main.TestCaseExecutor.doExecute(TestCaseExecutor.java:389)
	at com.kms.katalon.core.main.TestCaseExecutor.processExecutionPhase(TestCaseExecutor.java:368)
	at com.kms.katalon.core.main.TestCaseExecutor.accessMainPhase(TestCaseExecutor.java:360)
	at com.kms.katalon.core.main.TestCaseExecutor.execute(TestCaseExecutor.java:255)
	at com.kms.katalon.core.main.TestSuiteExecutor.accessTestCaseMainPhase(TestSuiteExecutor.java:203)
	at com.kms.katalon.core.main.TestSuiteExecutor.accessTestSuiteMainPhase(TestSuiteExecutor.java:152)
	at com.kms.katalon.core.main.TestSuiteExecutor.execute(TestSuiteExecutor.java:95)
	at com.kms.katalon.core.main.TestCaseMain.startTestSuite(TestCaseMain.java:157)
	at com.kms.katalon.core.main.TestCaseMain$startTestSuite$0.call(Unknown Source)
	at TempTestSuite1622213823021.run(TempTestSuite1622213823021.groovy:39)
Caused by: com.kms.katalon.core.webui.exception.WebElementNotFoundException: Web element with id: 'Object Repository/Sign Up/input_concat(What, , s your email address)_email' located by '//input[@id='email']' not found
	at com.kms.katalon.core.webui.common.WebUiCommonHelper.findWebElement(WebUiCommonHelper.java:1368)
	at com.kms.katalon.core.webui.keyword.internal.WebUIAbstractKeyword.findWebElement(WebUIAbstractKeyword.groovy:27)
	at com.kms.katalon.core.webui.keyword.internal.WebUIAbstractKeyword.findWebElement(WebUIAbstractKeyword.groovy:26)
	at com.kms.katalon.core.webui.keyword.builtin.SetTextKeyword$_setText_closure1.doCall(SetTextKeyword.groovy:51)
	at com.kms.katalon.core.webui.keyword.builtin.SetTextKeyword$_setText_closure1.call(SetTextKeyword.groovy)
	at com.kms.katalon.core.webui.keyword.internal.WebUIKeywordMain.runKeyword(WebUIKeywordMain.groovy:20)
	at com.kms.katalon.core.webui.keyword.builtin.SetTextKeyword.setText(SetTextKeyword.groovy:66)
	at com.kms.katalon.core.webui.keyword.builtin.SetTextKeyword.execute(SetTextKeyword.groovy:37)
	at com.kms.katalon.core.keyword.internal.KeywordExecutor.executeKeywordForPlatform(KeywordExecutor.groovy:73)
	at com.kms.katalon.core.webui.keyword.WebUiBuiltInKeywords.setText(WebUiBuiltInKeywords.groovy:979)
	at com.kms.katalon.core.webui.keyword.WebUiBuiltInKeywords$setText$1.call(Unknown Source)
	at Script1622172252167.run(Script1622172252167.groovy:24)
	... 13 more
)
[[ATTACHMENT|C:\\Users\\dell\\Katalon Studio\\Mattermost\\Reports\\20210528_215703\\Sign_Up_Account\\20210528_215703\\1622214080666.png]]]]></system-out>
         <system-err><![CDATA[2021-05-28 21:58:29 - [TEST_CASE][FAILED] - Test Cases/Data Type/Sign-Up-Account: Test Cases/Data Type/Sign-Up-Account FAILED.
Reason:
com.kms.katalon.core.exception.StepFailedException: Unable to set text 'voanhduyen0604@gmail.com' of object 'Object Repository/Sign Up/input_concat(What, , s your email address)_email'
	at com.kms.katalon.core.webui.keyword.internal.WebUIKeywordMain.stepFailed(WebUIKeywordMain.groovy:64)
	at com.kms.katalon.core.webui.keyword.internal.WebUIKeywordMain.runKeyword(WebUIKeywordMain.groovy:26)
	at com.kms.katalon.core.webui.keyword.builtin.SetTextKeyword.setText(SetTextKeyword.groovy:66)
	at com.kms.katalon.core.webui.keyword.builtin.SetTextKeyword.execute(SetTextKeyword.groovy:37)
	at com.kms.katalon.core.keyword.internal.KeywordExecutor.executeKeywordForPlatform(KeywordExecutor.groovy:73)
	at com.kms.katalon.core.webui.keyword.WebUiBuiltInKeywords.setText(WebUiBuiltInKeywords.groovy:979)
	at com.kms.katalon.core.webui.keyword.WebUiBuiltInKeywords$setText$1.call(Unknown Source)
	at Sign-Up-Account.run(Sign-Up-Account:24)
	at com.kms.katalon.core.main.ScriptEngine.run(ScriptEngine.java:194)
	at com.kms.katalon.core.main.ScriptEngine.runScriptAsRawText(ScriptEngine.java:119)
	at com.kms.katalon.core.main.TestCaseExecutor.runScript(TestCaseExecutor.java:398)
	at com.kms.katalon.core.main.TestCaseExecutor.doExecute(TestCaseExecutor.java:389)
	at com.kms.katalon.core.main.TestCaseExecutor.processExecutionPhase(TestCaseExecutor.java:368)
	at com.kms.katalon.core.main.TestCaseExecutor.accessMainPhase(TestCaseExecutor.java:360)
	at com.kms.katalon.core.main.TestCaseExecutor.execute(TestCaseExecutor.java:255)
	at com.kms.katalon.core.main.TestSuiteExecutor.accessTestCaseMainPhase(TestSuiteExecutor.java:203)
	at com.kms.katalon.core.main.TestSuiteExecutor.accessTestSuiteMainPhase(TestSuiteExecutor.java:152)
	at com.kms.katalon.core.main.TestSuiteExecutor.execute(TestSuiteExecutor.java:95)
	at com.kms.katalon.core.main.TestCaseMain.startTestSuite(TestCaseMain.java:157)
	at com.kms.katalon.core.main.TestCaseMain$startTestSuite$0.call(Unknown Source)
	at TempTestSuite1622213823021.run(TempTestSuite1622213823021.groovy:39)
Caused by: com.kms.katalon.core.webui.exception.WebElementNotFoundException: Web element with id: 'Object Repository/Sign Up/input_concat(What, , s your email address)_email' located by '//input[@id='email']' not found
	at com.kms.katalon.core.webui.common.WebUiCommonHelper.findWebElement(WebUiCommonHelper.java:1368)
	at com.kms.katalon.core.webui.keyword.internal.WebUIAbstractKeyword.findWebElement(WebUIAbstractKeyword.groovy:27)
	at com.kms.katalon.core.webui.keyword.internal.WebUIAbstractKeyword.findWebElement(WebUIAbstractKeyword.groovy:26)
	at com.kms.katalon.core.webui.keyword.builtin.SetTextKeyword$_setText_closure1.doCall(SetTextKeyword.groovy:51)
	at com.kms.katalon.core.webui.keyword.builtin.SetTextKeyword$_setText_closure1.call(SetTextKeyword.groovy)
	at com.kms.katalon.core.webui.keyword.internal.WebUIKeywordMain.runKeyword(WebUIKeywordMain.groovy:20)
	... 19 more]]></system-err>
      </testcase>
      <testcase name="Test Cases/Data Type/Sign-Up-Account" time="70.643" classname="Test Cases/Data Type/Sign-Up-Account" status="FAILED">
         <failure type="FAILED" message="Test Cases/Data Type/Sign-Up-Account FAILED.
Reason:
com.kms.katalon.core.exception.StepFailedException: Unable to set text 'uyenuyen8134@gmail.com' of object 'Object Repository/Sign Up/input_concat(What, , s your email address)_email'
	at com.kms.katalon.core.webui.keyword.internal.WebUIKeywordMain.stepFailed(WebUIKeywordMain.groovy:64)
	at com.kms.katalon.core.webui.keyword.internal.WebUIKeywordMain.runKeyword(WebUIKeywordMain.groovy:26)
	at com.kms.katalon.core.webui.keyword.builtin.SetTextKeyword.setText(SetTextKeyword.groovy:66)
	at com.kms.katalon.core.webui.keyword.builtin.SetTextKeyword.execute(SetTextKeyword.groovy:37)
	at com.kms.katalon.core.keyword.internal.KeywordExecutor.executeKeywordForPlatform(KeywordExecutor.groovy:73)
	at com.kms.katalon.core.webui.keyword.WebUiBuiltInKeywords.setText(WebUiBuiltInKeywords.groovy:979)
	at com.kms.katalon.core.webui.keyword.WebUiBuiltInKeywords$setText$1.call(Unknown Source)
	at Sign-Up-Account.run(Sign-Up-Account:24)
	at com.kms.katalon.core.main.ScriptEngine.run(ScriptEngine.java:194)
	at com.kms.katalon.core.main.ScriptEngine.runScriptAsRawText(ScriptEngine.java:119)
	at com.kms.katalon.core.main.TestCaseExecutor.runScript(TestCaseExecutor.java:398)
	at com.kms.katalon.core.main.TestCaseExecutor.doExecute(TestCaseExecutor.java:389)
	at com.kms.katalon.core.main.TestCaseExecutor.processExecutionPhase(TestCaseExecutor.java:368)
	at com.kms.katalon.core.main.TestCaseExecutor.accessMainPhase(TestCaseExecutor.java:360)
	at com.kms.katalon.core.main.TestCaseExecutor.execute(TestCaseExecutor.java:255)
	at com.kms.katalon.core.main.TestSuiteExecutor.accessTestCaseMainPhase(TestSuiteExecutor.java:203)
	at com.kms.katalon.core.main.TestSuiteExecutor.accessTestSuiteMainPhase(TestSuiteExecutor.java:152)
	at com.kms.katalon.core.main.TestSuiteExecutor.execute(TestSuiteExecutor.java:95)
	at com.kms.katalon.core.main.TestCaseMain.startTestSuite(TestCaseMain.java:157)
	at com.kms.katalon.core.main.TestCaseMain$startTestSuite$0.call(Unknown Source)
	at TempTestSuite1622213823021.run(TempTestSuite1622213823021.groovy:39)
Caused by: com.kms.katalon.core.webui.exception.WebElementNotFoundException: Web element with id: 'Object Repository/Sign Up/input_concat(What, , s your email address)_email' located by '//input[@id='email']' not found
	at com.kms.katalon.core.webui.common.WebUiCommonHelper.findWebElement(WebUiCommonHelper.java:1368)
	at com.kms.katalon.core.webui.keyword.internal.WebUIAbstractKeyword.findWebElement(WebUIAbstractKeyword.groovy:27)
	at com.kms.katalon.core.webui.keyword.internal.WebUIAbstractKeyword.findWebElement(WebUIAbstractKeyword.groovy:26)
	at com.kms.katalon.core.webui.keyword.builtin.SetTextKeyword$_setText_closure1.doCall(SetTextKeyword.groovy:51)
	at com.kms.katalon.core.webui.keyword.builtin.SetTextKeyword$_setText_closure1.call(SetTextKeyword.groovy)
	at com.kms.katalon.core.webui.keyword.internal.WebUIKeywordMain.runKeyword(WebUIKeywordMain.groovy:20)
	... 19 more
"/>
         <system-out><![CDATA[2021-05-28 22:01:20 - [TEST_CASE][FAILED] - Test Cases/Data Type/Sign-Up-Account: Test Cases/Data Type/Sign-Up-Account FAILED.
Reason:
com.kms.katalon.core.exception.StepFailedException: Unable to set text 'uyenuyen8134@gmail.com' of object 'Object Repository/Sign Up/input_concat(What, , s your email address)_email'
	at com.kms.katalon.core.webui.keyword.internal.WebUIKeywordMain.stepFailed(WebUIKeywordMain.groovy:64)
	at com.kms.katalon.core.webui.keyword.internal.WebUIKeywordMain.runKeyword(WebUIKeywordMain.groovy:26)
	at com.kms.katalon.core.webui.keyword.builtin.SetTextKeyword.setText(SetTextKeyword.groovy:66)
	at com.kms.katalon.core.webui.keyword.builtin.SetTextKeyword.execute(SetTextKeyword.groovy:37)
	at com.kms.katalon.core.keyword.internal.KeywordExecutor.executeKeywordForPlatform(KeywordExecutor.groovy:73)
	at com.kms.katalon.core.webui.keyword.WebUiBuiltInKeywords.setText(WebUiBuiltInKeywords.groovy:979)
	at com.kms.katalon.core.webui.keyword.WebUiBuiltInKeywords$setText$1.call(Unknown Source)
	at Sign-Up-Account.run(Sign-Up-Account:24)
	at com.kms.katalon.core.main.ScriptEngine.run(ScriptEngine.java:194)
	at com.kms.katalon.core.main.ScriptEngine.runScriptAsRawText(ScriptEngine.java:119)
	at com.kms.katalon.core.main.TestCaseExecutor.runScript(TestCaseExecutor.java:398)
	at com.kms.katalon.core.main.TestCaseExecutor.doExecute(TestCaseExecutor.java:389)
	at com.kms.katalon.core.main.TestCaseExecutor.processExecutionPhase(TestCaseExecutor.java:368)
	at com.kms.katalon.core.main.TestCaseExecutor.accessMainPhase(TestCaseExecutor.java:360)
	at com.kms.katalon.core.main.TestCaseExecutor.execute(TestCaseExecutor.java:255)
	at com.kms.katalon.core.main.TestSuiteExecutor.accessTestCaseMainPhase(TestSuiteExecutor.java:203)
	at com.kms.katalon.core.main.TestSuiteExecutor.accessTestSuiteMainPhase(TestSuiteExecutor.java:152)
	at com.kms.katalon.core.main.TestSuiteExecutor.execute(TestSuiteExecutor.java:95)
	at com.kms.katalon.core.main.TestCaseMain.startTestSuite(TestCaseMain.java:157)
	at com.kms.katalon.core.main.TestCaseMain$startTestSuite$0.call(Unknown Source)
	at TempTestSuite1622213823021.run(TempTestSuite1622213823021.groovy:39)
Caused by: com.kms.katalon.core.webui.exception.WebElementNotFoundException: Web element with id: 'Object Repository/Sign Up/input_concat(What, , s your email address)_email' located by '//input[@id='email']' not found
	at com.kms.katalon.core.webui.common.WebUiCommonHelper.findWebElement(WebUiCommonHelper.java:1368)
	at com.kms.katalon.core.webui.keyword.internal.WebUIAbstractKeyword.findWebElement(WebUIAbstractKeyword.groovy:27)
	at com.kms.katalon.core.webui.keyword.internal.WebUIAbstractKeyword.findWebElement(WebUIAbstractKeyword.groovy:26)
	at com.kms.katalon.core.webui.keyword.builtin.SetTextKeyword$_setText_closure1.doCall(SetTextKeyword.groovy:51)
	at com.kms.katalon.core.webui.keyword.builtin.SetTextKeyword$_setText_closure1.call(SetTextKeyword.groovy)
	at com.kms.katalon.core.webui.keyword.internal.WebUIKeywordMain.runKeyword(WebUIKeywordMain.groovy:20)
	... 19 more


2021-05-28 22:01:20 - [TEST_STEP][PASSED] - openBrowser(""): Browser is opened with url: ''

2021-05-28 22:01:20 - [MESSAGE][WARNING] - A browser is already opened. Closing browser and opening a new one

2021-05-28 22:01:21 - [MESSAGE][INFO] - Starting 'Chrome' driver

2021-05-28 22:01:21 - [MESSAGE][INFO] - Action delay is set to 0 milliseconds

2021-05-28 22:01:22 - [MESSAGE][PASSED] - Browser is opened with url: ''

2021-05-28 22:01:22 - [TEST_STEP][PASSED] - navigateToUrl("https://mattermost-autotest.herokuapp.com/signup_email?id=bjz71s5p83g3ix13eth98bo7aw&fbclid=IwAR3R54HjPAKlm9IYu5u0ofSi_RT75MYITTGlO-0rb3RAByX4NuwHUiV51W8"): Navigate to 'https://mattermost-autotest.herokuapp.com/signup_email?id=bjz71s5p83g3ix13eth98bo7aw&fbclid=IwAR3R54HjPAKlm9IYu5u0ofSi_RT75MYITTGlO-0rb3RAByX4NuwHUiV51W8' successfully

2021-05-28 22:01:56 - [MESSAGE][PASSED] - Navigate to 'https://mattermost-autotest.herokuapp.com/signup_email?id=bjz71s5p83g3ix13eth98bo7aw&fbclid=IwAR3R54HjPAKlm9IYu5u0ofSi_RT75MYITTGlO-0rb3RAByX4NuwHUiV51W8' successfully

2021-05-28 22:01:56 - [TEST_STEP][FAILED] - setText(findTestObject("Sign Up/input_concat(What, , s your email address)_email"), EmailAddress): Unable to set text 'uyenuyen8134@gmail.com' of object 'Object Repository/Sign Up/input_concat(What, , s your email address)_email' (Root cause: com.kms.katalon.core.exception.StepFailedException: Unable to set text 'uyenuyen8134@gmail.com' of object 'Object Repository/Sign Up/input_concat(What, , s your email address)_email'
	at com.kms.katalon.core.webui.keyword.internal.WebUIKeywordMain.stepFailed(WebUIKeywordMain.groovy:64)
	at com.kms.katalon.core.webui.keyword.internal.WebUIKeywordMain.runKeyword(WebUIKeywordMain.groovy:26)
	at com.kms.katalon.core.webui.keyword.builtin.SetTextKeyword.setText(SetTextKeyword.groovy:66)
	at com.kms.katalon.core.webui.keyword.builtin.SetTextKeyword.execute(SetTextKeyword.groovy:37)
	at com.kms.katalon.core.keyword.internal.KeywordExecutor.executeKeywordForPlatform(KeywordExecutor.groovy:73)
	at com.kms.katalon.core.webui.keyword.WebUiBuiltInKeywords.setText(WebUiBuiltInKeywords.groovy:979)
	at com.kms.katalon.core.webui.keyword.WebUiBuiltInKeywords$setText$1.call(Unknown Source)
	at Sign-Up-Account.run(Sign-Up-Account:24)
	at com.kms.katalon.core.main.ScriptEngine.run(ScriptEngine.java:194)
	at com.kms.katalon.core.main.ScriptEngine.runScriptAsRawText(ScriptEngine.java:119)
	at com.kms.katalon.core.main.TestCaseExecutor.runScript(TestCaseExecutor.java:398)
	at com.kms.katalon.core.main.TestCaseExecutor.doExecute(TestCaseExecutor.java:389)
	at com.kms.katalon.core.main.TestCaseExecutor.processExecutionPhase(TestCaseExecutor.java:368)
	at com.kms.katalon.core.main.TestCaseExecutor.accessMainPhase(TestCaseExecutor.java:360)
	at com.kms.katalon.core.main.TestCaseExecutor.execute(TestCaseExecutor.java:255)
	at com.kms.katalon.core.main.TestSuiteExecutor.accessTestCaseMainPhase(TestSuiteExecutor.java:203)
	at com.kms.katalon.core.main.TestSuiteExecutor.accessTestSuiteMainPhase(TestSuiteExecutor.java:152)
	at com.kms.katalon.core.main.TestSuiteExecutor.execute(TestSuiteExecutor.java:95)
	at com.kms.katalon.core.main.TestCaseMain.startTestSuite(TestCaseMain.java:157)
	at com.kms.katalon.core.main.TestCaseMain$startTestSuite$0.call(Unknown Source)
	at TempTestSuite1622213823021.run(TempTestSuite1622213823021.groovy:39)
Caused by: com.kms.katalon.core.webui.exception.WebElementNotFoundException: Web element with id: 'Object Repository/Sign Up/input_concat(What, , s your email address)_email' located by '//input[@id='email']' not found
	at com.kms.katalon.core.webui.common.WebUiCommonHelper.findWebElement(WebUiCommonHelper.java:1368)
	at com.kms.katalon.core.webui.keyword.internal.WebUIAbstractKeyword.findWebElement(WebUIAbstractKeyword.groovy:27)
	at com.kms.katalon.core.webui.keyword.internal.WebUIAbstractKeyword.findWebElement(WebUIAbstractKeyword.groovy:26)
	at com.kms.katalon.core.webui.keyword.builtin.SetTextKeyword$_setText_closure1.doCall(SetTextKeyword.groovy:51)
	at com.kms.katalon.core.webui.keyword.builtin.SetTextKeyword$_setText_closure1.call(SetTextKeyword.groovy)
	at com.kms.katalon.core.webui.keyword.internal.WebUIKeywordMain.runKeyword(WebUIKeywordMain.groovy:20)
	at com.kms.katalon.core.webui.keyword.builtin.SetTextKeyword.setText(SetTextKeyword.groovy:66)
	at com.kms.katalon.core.webui.keyword.builtin.SetTextKeyword.execute(SetTextKeyword.groovy:37)
	at com.kms.katalon.core.keyword.internal.KeywordExecutor.executeKeywordForPlatform(KeywordExecutor.groovy:73)
	at com.kms.katalon.core.webui.keyword.WebUiBuiltInKeywords.setText(WebUiBuiltInKeywords.groovy:979)
	at com.kms.katalon.core.webui.keyword.WebUiBuiltInKeywords$setText$1.call(Unknown Source)
	at Script1622172252167.run(Script1622172252167.groovy:24)
	... 13 more
)

2021-05-28 22:02:27 - [MESSAGE][INFO] - Unable to find the element located by 'By.xpath: //input[@id='email']'. Please recheck the objects properties to make sure the desired element is located. 

2021-05-28 22:02:27 - [MESSAGE][WARNING] - [SELF-HEALING] Failed to find element with id 'Object Repository/Sign Up/input_concat(What, , s your email address)_email'. Try using Self-healing.

2021-05-28 22:02:27 - [MESSAGE][INFO] - [SELF-HEALING] Failed Locator: '//input[@id='email']'.

2021-05-28 22:02:28 - [MESSAGE][INFO] - [SELF-HEALING] Failed Locator: '//div[@id='signup_email_section']/div/form/div/div/div/input'.

2021-05-28 22:02:28 - [MESSAGE][INFO] - [SELF-HEALING] Failed Locator: '//input'.

2021-05-28 22:02:28 - [MESSAGE][INFO] - [SELF-HEALING] Failed Locator: '//input[@id='email']'.

2021-05-28 22:02:28 - [MESSAGE][INFO] - [SELF-HEALING] Failed Locator: '//div[@id='signup_email_section']/div/form/div/div/div/input'.

2021-05-28 22:02:29 - [MESSAGE][INFO] - [SELF-HEALING] Failed Locator: '//input'.

2021-05-28 22:02:30 - [MESSAGE][INFO] - Unable to find the element located by 'By.xpath: //*[@id = 'email' and @type = 'email']'. Please recheck the objects properties to make sure the desired element is located. 

2021-05-28 22:02:31 - [MESSAGE][INFO] - Unable to find the element located by 'By.cssSelector: #email'. Please recheck the objects properties to make sure the desired element is located. 

2021-05-28 22:02:31 - [MESSAGE][FAILED] - Unable to set text 'uyenuyen8134@gmail.com' of object 'Object Repository/Sign Up/input_concat(What, , s your email address)_email' (Root cause: com.kms.katalon.core.exception.StepFailedException: Unable to set text 'uyenuyen8134@gmail.com' of object 'Object Repository/Sign Up/input_concat(What, , s your email address)_email'
	at com.kms.katalon.core.webui.keyword.internal.WebUIKeywordMain.stepFailed(WebUIKeywordMain.groovy:64)
	at com.kms.katalon.core.webui.keyword.internal.WebUIKeywordMain.runKeyword(WebUIKeywordMain.groovy:26)
	at com.kms.katalon.core.webui.keyword.builtin.SetTextKeyword.setText(SetTextKeyword.groovy:66)
	at com.kms.katalon.core.webui.keyword.builtin.SetTextKeyword.execute(SetTextKeyword.groovy:37)
	at com.kms.katalon.core.keyword.internal.KeywordExecutor.executeKeywordForPlatform(KeywordExecutor.groovy:73)
	at com.kms.katalon.core.webui.keyword.WebUiBuiltInKeywords.setText(WebUiBuiltInKeywords.groovy:979)
	at com.kms.katalon.core.webui.keyword.WebUiBuiltInKeywords$setText$1.call(Unknown Source)
	at Sign-Up-Account.run(Sign-Up-Account:24)
	at com.kms.katalon.core.main.ScriptEngine.run(ScriptEngine.java:194)
	at com.kms.katalon.core.main.ScriptEngine.runScriptAsRawText(ScriptEngine.java:119)
	at com.kms.katalon.core.main.TestCaseExecutor.runScript(TestCaseExecutor.java:398)
	at com.kms.katalon.core.main.TestCaseExecutor.doExecute(TestCaseExecutor.java:389)
	at com.kms.katalon.core.main.TestCaseExecutor.processExecutionPhase(TestCaseExecutor.java:368)
	at com.kms.katalon.core.main.TestCaseExecutor.accessMainPhase(TestCaseExecutor.java:360)
	at com.kms.katalon.core.main.TestCaseExecutor.execute(TestCaseExecutor.java:255)
	at com.kms.katalon.core.main.TestSuiteExecutor.accessTestCaseMainPhase(TestSuiteExecutor.java:203)
	at com.kms.katalon.core.main.TestSuiteExecutor.accessTestSuiteMainPhase(TestSuiteExecutor.java:152)
	at com.kms.katalon.core.main.TestSuiteExecutor.execute(TestSuiteExecutor.java:95)
	at com.kms.katalon.core.main.TestCaseMain.startTestSuite(TestCaseMain.java:157)
	at com.kms.katalon.core.main.TestCaseMain$startTestSuite$0.call(Unknown Source)
	at TempTestSuite1622213823021.run(TempTestSuite1622213823021.groovy:39)
Caused by: com.kms.katalon.core.webui.exception.WebElementNotFoundException: Web element with id: 'Object Repository/Sign Up/input_concat(What, , s your email address)_email' located by '//input[@id='email']' not found
	at com.kms.katalon.core.webui.common.WebUiCommonHelper.findWebElement(WebUiCommonHelper.java:1368)
	at com.kms.katalon.core.webui.keyword.internal.WebUIAbstractKeyword.findWebElement(WebUIAbstractKeyword.groovy:27)
	at com.kms.katalon.core.webui.keyword.internal.WebUIAbstractKeyword.findWebElement(WebUIAbstractKeyword.groovy:26)
	at com.kms.katalon.core.webui.keyword.builtin.SetTextKeyword$_setText_closure1.doCall(SetTextKeyword.groovy:51)
	at com.kms.katalon.core.webui.keyword.builtin.SetTextKeyword$_setText_closure1.call(SetTextKeyword.groovy)
	at com.kms.katalon.core.webui.keyword.internal.WebUIKeywordMain.runKeyword(WebUIKeywordMain.groovy:20)
	at com.kms.katalon.core.webui.keyword.builtin.SetTextKeyword.setText(SetTextKeyword.groovy:66)
	at com.kms.katalon.core.webui.keyword.builtin.SetTextKeyword.execute(SetTextKeyword.groovy:37)
	at com.kms.katalon.core.keyword.internal.KeywordExecutor.executeKeywordForPlatform(KeywordExecutor.groovy:73)
	at com.kms.katalon.core.webui.keyword.WebUiBuiltInKeywords.setText(WebUiBuiltInKeywords.groovy:979)
	at com.kms.katalon.core.webui.keyword.WebUiBuiltInKeywords$setText$1.call(Unknown Source)
	at Script1622172252167.run(Script1622172252167.groovy:24)
	... 13 more
)
[[ATTACHMENT|C:\\Users\\dell\\Katalon Studio\\Mattermost\\Reports\\20210528_215703\\Sign_Up_Account\\20210528_215703\\1622214151362.png]]]]></system-out>
         <system-err><![CDATA[2021-05-28 22:01:20 - [TEST_CASE][FAILED] - Test Cases/Data Type/Sign-Up-Account: Test Cases/Data Type/Sign-Up-Account FAILED.
Reason:
com.kms.katalon.core.exception.StepFailedException: Unable to set text 'uyenuyen8134@gmail.com' of object 'Object Repository/Sign Up/input_concat(What, , s your email address)_email'
	at com.kms.katalon.core.webui.keyword.internal.WebUIKeywordMain.stepFailed(WebUIKeywordMain.groovy:64)
	at com.kms.katalon.core.webui.keyword.internal.WebUIKeywordMain.runKeyword(WebUIKeywordMain.groovy:26)
	at com.kms.katalon.core.webui.keyword.builtin.SetTextKeyword.setText(SetTextKeyword.groovy:66)
	at com.kms.katalon.core.webui.keyword.builtin.SetTextKeyword.execute(SetTextKeyword.groovy:37)
	at com.kms.katalon.core.keyword.internal.KeywordExecutor.executeKeywordForPlatform(KeywordExecutor.groovy:73)
	at com.kms.katalon.core.webui.keyword.WebUiBuiltInKeywords.setText(WebUiBuiltInKeywords.groovy:979)
	at com.kms.katalon.core.webui.keyword.WebUiBuiltInKeywords$setText$1.call(Unknown Source)
	at Sign-Up-Account.run(Sign-Up-Account:24)
	at com.kms.katalon.core.main.ScriptEngine.run(ScriptEngine.java:194)
	at com.kms.katalon.core.main.ScriptEngine.runScriptAsRawText(ScriptEngine.java:119)
	at com.kms.katalon.core.main.TestCaseExecutor.runScript(TestCaseExecutor.java:398)
	at com.kms.katalon.core.main.TestCaseExecutor.doExecute(TestCaseExecutor.java:389)
	at com.kms.katalon.core.main.TestCaseExecutor.processExecutionPhase(TestCaseExecutor.java:368)
	at com.kms.katalon.core.main.TestCaseExecutor.accessMainPhase(TestCaseExecutor.java:360)
	at com.kms.katalon.core.main.TestCaseExecutor.execute(TestCaseExecutor.java:255)
	at com.kms.katalon.core.main.TestSuiteExecutor.accessTestCaseMainPhase(TestSuiteExecutor.java:203)
	at com.kms.katalon.core.main.TestSuiteExecutor.accessTestSuiteMainPhase(TestSuiteExecutor.java:152)
	at com.kms.katalon.core.main.TestSuiteExecutor.execute(TestSuiteExecutor.java:95)
	at com.kms.katalon.core.main.TestCaseMain.startTestSuite(TestCaseMain.java:157)
	at com.kms.katalon.core.main.TestCaseMain$startTestSuite$0.call(Unknown Source)
	at TempTestSuite1622213823021.run(TempTestSuite1622213823021.groovy:39)
Caused by: com.kms.katalon.core.webui.exception.WebElementNotFoundException: Web element with id: 'Object Repository/Sign Up/input_concat(What, , s your email address)_email' located by '//input[@id='email']' not found
	at com.kms.katalon.core.webui.common.WebUiCommonHelper.findWebElement(WebUiCommonHelper.java:1368)
	at com.kms.katalon.core.webui.keyword.internal.WebUIAbstractKeyword.findWebElement(WebUIAbstractKeyword.groovy:27)
	at com.kms.katalon.core.webui.keyword.internal.WebUIAbstractKeyword.findWebElement(WebUIAbstractKeyword.groovy:26)
	at com.kms.katalon.core.webui.keyword.builtin.SetTextKeyword$_setText_closure1.doCall(SetTextKeyword.groovy:51)
	at com.kms.katalon.core.webui.keyword.builtin.SetTextKeyword$_setText_closure1.call(SetTextKeyword.groovy)
	at com.kms.katalon.core.webui.keyword.internal.WebUIKeywordMain.runKeyword(WebUIKeywordMain.groovy:20)
	... 19 more]]></system-err>
      </testcase>
      <testcase name="Test Cases/Data Type/Sign-Up-Account" time="46.052" classname="Test Cases/Data Type/Sign-Up-Account" status="PASSED">
         <system-out><![CDATA[2021-05-28 22:02:31 - [TEST_CASE][PASSED] - Test Cases/Data Type/Sign-Up-Account: Test Cases/Data Type/Sign-Up-Account

2021-05-28 22:02:31 - [TEST_STEP][PASSED] - openBrowser(""): Browser is opened with url: ''

2021-05-28 22:02:31 - [MESSAGE][WARNING] - A browser is already opened. Closing browser and opening a new one

2021-05-28 22:02:32 - [MESSAGE][INFO] - Starting 'Chrome' driver

2021-05-28 22:02:32 - [MESSAGE][INFO] - Action delay is set to 0 milliseconds

2021-05-28 22:02:33 - [MESSAGE][PASSED] - Browser is opened with url: ''

2021-05-28 22:02:33 - [TEST_STEP][PASSED] - navigateToUrl("https://mattermost-autotest.herokuapp.com/signup_email?id=bjz71s5p83g3ix13eth98bo7aw&fbclid=IwAR3R54HjPAKlm9IYu5u0ofSi_RT75MYITTGlO-0rb3RAByX4NuwHUiV51W8"): Navigate to 'https://mattermost-autotest.herokuapp.com/signup_email?id=bjz71s5p83g3ix13eth98bo7aw&fbclid=IwAR3R54HjPAKlm9IYu5u0ofSi_RT75MYITTGlO-0rb3RAByX4NuwHUiV51W8' successfully

2021-05-28 22:02:45 - [MESSAGE][PASSED] - Navigate to 'https://mattermost-autotest.herokuapp.com/signup_email?id=bjz71s5p83g3ix13eth98bo7aw&fbclid=IwAR3R54HjPAKlm9IYu5u0ofSi_RT75MYITTGlO-0rb3RAByX4NuwHUiV51W8' successfully

2021-05-28 22:02:45 - [TEST_STEP][PASSED] - setText(findTestObject("Sign Up/input_concat(What, , s your email address)_email"), EmailAddress): Text 'uchihakhacthuan@gmail.com' is set on object 'Object Repository/Sign Up/input_concat(What, , s your email address)_email'

2021-05-28 22:03:15 - [MESSAGE][PASSED] - Text 'uchihakhacthuan@gmail.com' is set on object 'Object Repository/Sign Up/input_concat(What, , s your email address)_email'

2021-05-28 22:03:15 - [TEST_STEP][PASSED] - setText(findTestObject("Sign Up/input_Choose your username_name"), Username): Text 'testing3' is set on object 'Object Repository/Sign Up/input_Choose your username_name'

2021-05-28 22:03:16 - [MESSAGE][PASSED] - Text 'testing3' is set on object 'Object Repository/Sign Up/input_Choose your username_name'

2021-05-28 22:03:16 - [TEST_STEP][PASSED] - setEncryptedText(findTestObject("Sign Up/input_Choose your password_password"), Password): Text ****** has been set on object 'Object Repository/Sign Up/input_Choose your password_password'

2021-05-28 22:03:16 - [MESSAGE][PASSED] - Text ****** has been set on object 'Object Repository/Sign Up/input_Choose your password_password'

2021-05-28 22:03:16 - [TEST_STEP][PASSED] - click(findTestObject("Sign Up/span_Create Account")): Object: 'Object Repository/Sign Up/span_Create Account' is clicked on

2021-05-28 22:03:16 - [MESSAGE][PASSED] - Object: 'Object Repository/Sign Up/span_Create Account' is clicked on

2021-05-28 22:03:16 - [TEST_STEP][PASSED] - closeBrowser(): Browser is closed

2021-05-28 22:03:17 - [MESSAGE][PASSED] - Browser is closed]]></system-out>
         <system-err><![CDATA[]]></system-err>
      </testcase>
      <testcase name="Test Cases/Data Type/Sign-Up-Account" time="21.672" classname="Test Cases/Data Type/Sign-Up-Account" status="PASSED">
         <system-out><![CDATA[2021-05-28 22:03:17 - [TEST_CASE][PASSED] - Test Cases/Data Type/Sign-Up-Account: Test Cases/Data Type/Sign-Up-Account

2021-05-28 22:03:17 - [TEST_STEP][PASSED] - openBrowser(""): Browser is opened with url: ''

2021-05-28 22:03:17 - [MESSAGE][INFO] - Starting 'Chrome' driver

2021-05-28 22:03:17 - [MESSAGE][INFO] - Action delay is set to 0 milliseconds

2021-05-28 22:03:18 - [MESSAGE][PASSED] - Browser is opened with url: ''

2021-05-28 22:03:18 - [TEST_STEP][PASSED] - navigateToUrl("https://mattermost-autotest.herokuapp.com/signup_email?id=bjz71s5p83g3ix13eth98bo7aw&fbclid=IwAR3R54HjPAKlm9IYu5u0ofSi_RT75MYITTGlO-0rb3RAByX4NuwHUiV51W8"): Navigate to 'https://mattermost-autotest.herokuapp.com/signup_email?id=bjz71s5p83g3ix13eth98bo7aw&fbclid=IwAR3R54HjPAKlm9IYu5u0ofSi_RT75MYITTGlO-0rb3RAByX4NuwHUiV51W8' successfully

2021-05-28 22:03:26 - [MESSAGE][PASSED] - Navigate to 'https://mattermost-autotest.herokuapp.com/signup_email?id=bjz71s5p83g3ix13eth98bo7aw&fbclid=IwAR3R54HjPAKlm9IYu5u0ofSi_RT75MYITTGlO-0rb3RAByX4NuwHUiV51W8' successfully

2021-05-28 22:03:26 - [TEST_STEP][PASSED] - setText(findTestObject("Sign Up/input_concat(What, , s your email address)_email"), EmailAddress): Text 'vophong16121999@gmail.com' is set on object 'Object Repository/Sign Up/input_concat(What, , s your email address)_email'

2021-05-28 22:03:37 - [MESSAGE][PASSED] - Text 'vophong16121999@gmail.com' is set on object 'Object Repository/Sign Up/input_concat(What, , s your email address)_email'

2021-05-28 22:03:37 - [TEST_STEP][PASSED] - setText(findTestObject("Sign Up/input_Choose your username_name"), Username): Text 'Phong' is set on object 'Object Repository/Sign Up/input_Choose your username_name'

2021-05-28 22:03:37 - [MESSAGE][PASSED] - Text 'Phong' is set on object 'Object Repository/Sign Up/input_Choose your username_name'

2021-05-28 22:03:37 - [TEST_STEP][PASSED] - setEncryptedText(findTestObject("Sign Up/input_Choose your password_password"), Password): Text ****** has been set on object 'Object Repository/Sign Up/input_Choose your password_password'

2021-05-28 22:03:38 - [MESSAGE][PASSED] - Text ****** has been set on object 'Object Repository/Sign Up/input_Choose your password_password'

2021-05-28 22:03:38 - [TEST_STEP][PASSED] - click(findTestObject("Sign Up/span_Create Account")): Object: 'Object Repository/Sign Up/span_Create Account' is clicked on

2021-05-28 22:03:38 - [MESSAGE][PASSED] - Object: 'Object Repository/Sign Up/span_Create Account' is clicked on

2021-05-28 22:03:38 - [TEST_STEP][PASSED] - closeBrowser(): Browser is closed

2021-05-28 22:03:39 - [MESSAGE][PASSED] - Browser is closed]]></system-out>
         <system-err><![CDATA[]]></system-err>
      </testcase>
      <testcase name="Test Cases/Data Type/Sign-Up-Account" time="88.888" classname="Test Cases/Data Type/Sign-Up-Account" status="PASSED">
         <system-out><![CDATA[2021-05-28 22:03:39 - [TEST_CASE][PASSED] - Test Cases/Data Type/Sign-Up-Account: Test Cases/Data Type/Sign-Up-Account

2021-05-28 22:03:39 - [TEST_STEP][PASSED] - openBrowser(""): Browser is opened with url: ''

2021-05-28 22:03:39 - [MESSAGE][INFO] - Starting 'Chrome' driver

2021-05-28 22:03:39 - [MESSAGE][INFO] - Action delay is set to 0 milliseconds

2021-05-28 22:03:40 - [MESSAGE][PASSED] - Browser is opened with url: ''

2021-05-28 22:03:40 - [TEST_STEP][PASSED] - navigateToUrl("https://mattermost-autotest.herokuapp.com/signup_email?id=bjz71s5p83g3ix13eth98bo7aw&fbclid=IwAR3R54HjPAKlm9IYu5u0ofSi_RT75MYITTGlO-0rb3RAByX4NuwHUiV51W8"): Navigate to 'https://mattermost-autotest.herokuapp.com/signup_email?id=bjz71s5p83g3ix13eth98bo7aw&fbclid=IwAR3R54HjPAKlm9IYu5u0ofSi_RT75MYITTGlO-0rb3RAByX4NuwHUiV51W8' successfully

2021-05-28 22:04:45 - [MESSAGE][PASSED] - Navigate to 'https://mattermost-autotest.herokuapp.com/signup_email?id=bjz71s5p83g3ix13eth98bo7aw&fbclid=IwAR3R54HjPAKlm9IYu5u0ofSi_RT75MYITTGlO-0rb3RAByX4NuwHUiV51W8' successfully

2021-05-28 22:04:45 - [TEST_STEP][PASSED] - setText(findTestObject("Sign Up/input_concat(What, , s your email address)_email"), EmailAddress): Text 'mattermost2905@gmail.com' is set on object 'Object Repository/Sign Up/input_concat(What, , s your email address)_email'

2021-05-28 22:04:59 - [MESSAGE][PASSED] - Text 'mattermost2905@gmail.com' is set on object 'Object Repository/Sign Up/input_concat(What, , s your email address)_email'

2021-05-28 22:04:59 - [TEST_STEP][PASSED] - setText(findTestObject("Sign Up/input_Choose your username_name"), Username): Text 'mattermost' is set on object 'Object Repository/Sign Up/input_Choose your username_name'

2021-05-28 22:05:03 - [MESSAGE][PASSED] - Text 'mattermost' is set on object 'Object Repository/Sign Up/input_Choose your username_name'

2021-05-28 22:05:03 - [TEST_STEP][PASSED] - setEncryptedText(findTestObject("Sign Up/input_Choose your password_password"), Password): Text ****** has been set on object 'Object Repository/Sign Up/input_Choose your password_password'

2021-05-28 22:05:05 - [MESSAGE][PASSED] - Text ****** has been set on object 'Object Repository/Sign Up/input_Choose your password_password'

2021-05-28 22:05:05 - [TEST_STEP][PASSED] - click(findTestObject("Sign Up/span_Create Account")): Object: 'Object Repository/Sign Up/span_Create Account' is clicked on

2021-05-28 22:05:07 - [MESSAGE][PASSED] - Object: 'Object Repository/Sign Up/span_Create Account' is clicked on

2021-05-28 22:05:07 - [TEST_STEP][PASSED] - closeBrowser(): Browser is closed

2021-05-28 22:05:08 - [MESSAGE][PASSED] - Browser is closed]]></system-out>
         <system-err><![CDATA[]]></system-err>
      </testcase>
      <system-out><![CDATA[2021-05-28 21:57:23 - [TEST_SUITE][FAILED] - Sign_Up_Account: Test Cases/Data Type/Sign-Up-Account FAILED.
Reason:
com.kms.katalon.core.exception.StepFailedException: Unable to set text 'voanhduyen0604@gmail.com' of object 'Object Repository/Sign Up/input_concat(What, , s your email address)_email'
	at com.kms.katalon.core.webui.keyword.internal.WebUIKeywordMain.stepFailed(WebUIKeywordMain.groovy:64)
	at com.kms.katalon.core.webui.keyword.internal.WebUIKeywordMain.runKeyword(WebUIKeywordMain.groovy:26)
	at com.kms.katalon.core.webui.keyword.builtin.SetTextKeyword.setText(SetTextKeyword.groovy:66)
	at com.kms.katalon.core.webui.keyword.builtin.SetTextKeyword.execute(SetTextKeyword.groovy:37)
	at com.kms.katalon.core.keyword.internal.KeywordExecutor.executeKeywordForPlatform(KeywordExecutor.groovy:73)
	at com.kms.katalon.core.webui.keyword.WebUiBuiltInKeywords.setText(WebUiBuiltInKeywords.groovy:979)
	at com.kms.katalon.core.webui.keyword.WebUiBuiltInKeywords$setText$1.call(Unknown Source)
	at Sign-Up-Account.run(Sign-Up-Account:24)
	at com.kms.katalon.core.main.ScriptEngine.run(ScriptEngine.java:194)
	at com.kms.katalon.core.main.ScriptEngine.runScriptAsRawText(ScriptEngine.java:119)
	at com.kms.katalon.core.main.TestCaseExecutor.runScript(TestCaseExecutor.java:398)
	at com.kms.katalon.core.main.TestCaseExecutor.doExecute(TestCaseExecutor.java:389)
	at com.kms.katalon.core.main.TestCaseExecutor.processExecutionPhase(TestCaseExecutor.java:368)
	at com.kms.katalon.core.main.TestCaseExecutor.accessMainPhase(TestCaseExecutor.java:360)
	at com.kms.katalon.core.main.TestCaseExecutor.execute(TestCaseExecutor.java:255)
	at com.kms.katalon.core.main.TestSuiteExecutor.accessTestCaseMainPhase(TestSuiteExecutor.java:203)
	at com.kms.katalon.core.main.TestSuiteExecutor.accessTestSuiteMainPhase(TestSuiteExecutor.java:152)
	at com.kms.katalon.core.main.TestSuiteExecutor.execute(TestSuiteExecutor.java:95)
	at com.kms.katalon.core.main.TestCaseMain.startTestSuite(TestCaseMain.java:157)
	at com.kms.katalon.core.main.TestCaseMain$startTestSuite$0.call(Unknown Source)
	at TempTestSuite1622213823021.run(TempTestSuite1622213823021.groovy:39)
Caused by: com.kms.katalon.core.webui.exception.WebElementNotFoundException: Web element with id: 'Object Repository/Sign Up/input_concat(What, , s your email address)_email' located by '//input[@id='email']' not found
	at com.kms.katalon.core.webui.common.WebUiCommonHelper.findWebElement(WebUiCommonHelper.java:1368)
	at com.kms.katalon.core.webui.keyword.internal.WebUIAbstractKeyword.findWebElement(WebUIAbstractKeyword.groovy:27)
	at com.kms.katalon.core.webui.keyword.internal.WebUIAbstractKeyword.findWebElement(WebUIAbstractKeyword.groovy:26)
	at com.kms.katalon.core.webui.keyword.builtin.SetTextKeyword$_setText_closure1.doCall(SetTextKeyword.groovy:51)
	at com.kms.katalon.core.webui.keyword.builtin.SetTextKeyword$_setText_closure1.call(SetTextKeyword.groovy)
	at com.kms.katalon.core.webui.keyword.internal.WebUIKeywordMain.runKeyword(WebUIKeywordMain.groovy:20)
	... 19 more]]></system-out>
      <system-err><![CDATA[2021-05-28 21:57:23 - [TEST_SUITE][FAILED] - Sign_Up_Account: Test Cases/Data Type/Sign-Up-Account FAILED.
Reason:
com.kms.katalon.core.exception.StepFailedException: Unable to set text 'voanhduyen0604@gmail.com' of object 'Object Repository/Sign Up/input_concat(What, , s your email address)_email'
	at com.kms.katalon.core.webui.keyword.internal.WebUIKeywordMain.stepFailed(WebUIKeywordMain.groovy:64)
	at com.kms.katalon.core.webui.keyword.internal.WebUIKeywordMain.runKeyword(WebUIKeywordMain.groovy:26)
	at com.kms.katalon.core.webui.keyword.builtin.SetTextKeyword.setText(SetTextKeyword.groovy:66)
	at com.kms.katalon.core.webui.keyword.builtin.SetTextKeyword.execute(SetTextKeyword.groovy:37)
	at com.kms.katalon.core.keyword.internal.KeywordExecutor.executeKeywordForPlatform(KeywordExecutor.groovy:73)
	at com.kms.katalon.core.webui.keyword.WebUiBuiltInKeywords.setText(WebUiBuiltInKeywords.groovy:979)
	at com.kms.katalon.core.webui.keyword.WebUiBuiltInKeywords$setText$1.call(Unknown Source)
	at Sign-Up-Account.run(Sign-Up-Account:24)
	at com.kms.katalon.core.main.ScriptEngine.run(ScriptEngine.java:194)
	at com.kms.katalon.core.main.ScriptEngine.runScriptAsRawText(ScriptEngine.java:119)
	at com.kms.katalon.core.main.TestCaseExecutor.runScript(TestCaseExecutor.java:398)
	at com.kms.katalon.core.main.TestCaseExecutor.doExecute(TestCaseExecutor.java:389)
	at com.kms.katalon.core.main.TestCaseExecutor.processExecutionPhase(TestCaseExecutor.java:368)
	at com.kms.katalon.core.main.TestCaseExecutor.accessMainPhase(TestCaseExecutor.java:360)
	at com.kms.katalon.core.main.TestCaseExecutor.execute(TestCaseExecutor.java:255)
	at com.kms.katalon.core.main.TestSuiteExecutor.accessTestCaseMainPhase(TestSuiteExecutor.java:203)
	at com.kms.katalon.core.main.TestSuiteExecutor.accessTestSuiteMainPhase(TestSuiteExecutor.java:152)
	at com.kms.katalon.core.main.TestSuiteExecutor.execute(TestSuiteExecutor.java:95)
	at com.kms.katalon.core.main.TestCaseMain.startTestSuite(TestCaseMain.java:157)
	at com.kms.katalon.core.main.TestCaseMain$startTestSuite$0.call(Unknown Source)
	at TempTestSuite1622213823021.run(TempTestSuite1622213823021.groovy:39)
Caused by: com.kms.katalon.core.webui.exception.WebElementNotFoundException: Web element with id: 'Object Repository/Sign Up/input_concat(What, , s your email address)_email' located by '//input[@id='email']' not found
	at com.kms.katalon.core.webui.common.WebUiCommonHelper.findWebElement(WebUiCommonHelper.java:1368)
	at com.kms.katalon.core.webui.keyword.internal.WebUIAbstractKeyword.findWebElement(WebUIAbstractKeyword.groovy:27)
	at com.kms.katalon.core.webui.keyword.internal.WebUIAbstractKeyword.findWebElement(WebUIAbstractKeyword.groovy:26)
	at com.kms.katalon.core.webui.keyword.builtin.SetTextKeyword$_setText_closure1.doCall(SetTextKeyword.groovy:51)
	at com.kms.katalon.core.webui.keyword.builtin.SetTextKeyword$_setText_closure1.call(SetTextKeyword.groovy)
	at com.kms.katalon.core.webui.keyword.internal.WebUIKeywordMain.runKeyword(WebUIKeywordMain.groovy:20)
	... 19 more]]></system-err>
   </testsuite>
</testsuites>
